running egg_info
creating ../../build/IK_pkg/IK_pkg.egg-info
writing ../../build/IK_pkg/IK_pkg.egg-info/PKG-INFO
writing dependency_links to ../../build/IK_pkg/IK_pkg.egg-info/dependency_links.txt
writing entry points to ../../build/IK_pkg/IK_pkg.egg-info/entry_points.txt
writing requirements to ../../build/IK_pkg/IK_pkg.egg-info/requires.txt
writing top-level names to ../../build/IK_pkg/IK_pkg.egg-info/top_level.txt
writing manifest file '../../build/IK_pkg/IK_pkg.egg-info/SOURCES.txt'
reading manifest file '../../build/IK_pkg/IK_pkg.egg-info/SOURCES.txt'
adding license file 'LICENSE'
writing manifest file '../../build/IK_pkg/IK_pkg.egg-info/SOURCES.txt'
running build
running build_py
creating /home/tumirk/thesis_ws/build/IK_pkg/build
creating /home/tumirk/thesis_ws/build/IK_pkg/build/lib
creating /home/tumirk/thesis_ws/build/IK_pkg/build/lib/IK_pkg
copying IK_pkg/__init__.py -> /home/tumirk/thesis_ws/build/IK_pkg/build/lib/IK_pkg
copying IK_pkg/computation_node.py -> /home/tumirk/thesis_ws/build/IK_pkg/build/lib/IK_pkg
copying IK_pkg/user_node.py -> /home/tumirk/thesis_ws/build/IK_pkg/build/lib/IK_pkg
running install
running install_lib
creating /home/tumirk/thesis_ws/install/IK_pkg/lib/python3.10/site-packages/IK_pkg
copying /home/tumirk/thesis_ws/build/IK_pkg/build/lib/IK_pkg/__init__.py -> /home/tumirk/thesis_ws/install/IK_pkg/lib/python3.10/site-packages/IK_pkg
copying /home/tumirk/thesis_ws/build/IK_pkg/build/lib/IK_pkg/computation_node.py -> /home/tumirk/thesis_ws/install/IK_pkg/lib/python3.10/site-packages/IK_pkg
copying /home/tumirk/thesis_ws/build/IK_pkg/build/lib/IK_pkg/user_node.py -> /home/tumirk/thesis_ws/install/IK_pkg/lib/python3.10/site-packages/IK_pkg
byte-compiling /home/tumirk/thesis_ws/install/IK_pkg/lib/python3.10/site-packages/IK_pkg/__init__.py to __init__.cpython-310.pyc
byte-compiling /home/tumirk/thesis_ws/install/IK_pkg/lib/python3.10/site-packages/IK_pkg/computation_node.py to computation_node.cpython-310.pyc
byte-compiling /home/tumirk/thesis_ws/install/IK_pkg/lib/python3.10/site-packages/IK_pkg/user_node.py to user_node.cpython-310.pyc
running install_data
creating /home/tumirk/thesis_ws/install/IK_pkg/share/ament_index
creating /home/tumirk/thesis_ws/install/IK_pkg/share/ament_index/resource_index
creating /home/tumirk/thesis_ws/install/IK_pkg/share/ament_index/resource_index/packages
copying resource/IK_pkg -> /home/tumirk/thesis_ws/install/IK_pkg/share/ament_index/resource_index/packages
copying package.xml -> /home/tumirk/thesis_ws/install/IK_pkg/share/IK_pkg
running install_egg_info
Copying ../../build/IK_pkg/IK_pkg.egg-info to /home/tumirk/thesis_ws/install/IK_pkg/lib/python3.10/site-packages/IK_pkg-0.0.0-py3.10.egg-info
running install_scripts
writing list of installed files to '/home/tumirk/thesis_ws/build/IK_pkg/install.log'
