[1.485s] Invoking command in '/home/tumirk/thesis_ws/src/IK_pkg': AMENT_PREFIX_PATH=/home/tumirk/thesis_ws/install/interfaces:${AMENT_PREFIX_PATH} CMAKE_PREFIX_PATH=/home/tumirk/thesis_ws/install/interfaces:${CMAKE_PREFIX_PATH} LD_LIBRARY_PATH=/home/tumirk/thesis_ws/install/interfaces/lib:${LD_LIBRARY_PATH} PYTHONPATH=/home/tumirk/thesis_ws/build/IK_pkg/prefix_override:/usr/lib/python3/dist-packages/colcon_core/task/python/colcon_distutils_commands:/home/tumirk/thesis_ws/install/IK_pkg/lib/python3.10/site-packages:/home/tumirk/thesis_ws/install/interfaces/local/lib/python3.10/dist-packages:${PYTHONPATH} /usr/bin/python3 -W ignore:setup.py install is deprecated -W ignore:easy_install command is deprecated setup.py egg_info --egg-base ../../build/IK_pkg build --build-base /home/tumirk/thesis_ws/build/IK_pkg/build install --record /home/tumirk/thesis_ws/build/IK_pkg/install.log --single-version-externally-managed install_data
[1.974s] running egg_info
[1.974s] creating ../../build/IK_pkg/IK_pkg.egg-info
[1.975s] writing ../../build/IK_pkg/IK_pkg.egg-info/PKG-INFO
[1.975s] writing dependency_links to ../../build/IK_pkg/IK_pkg.egg-info/dependency_links.txt
[1.975s] writing entry points to ../../build/IK_pkg/IK_pkg.egg-info/entry_points.txt
[1.975s] writing requirements to ../../build/IK_pkg/IK_pkg.egg-info/requires.txt
[1.975s] writing top-level names to ../../build/IK_pkg/IK_pkg.egg-info/top_level.txt
[1.976s] writing manifest file '../../build/IK_pkg/IK_pkg.egg-info/SOURCES.txt'
[1.977s] reading manifest file '../../build/IK_pkg/IK_pkg.egg-info/SOURCES.txt'
[1.977s] adding license file 'LICENSE'
[1.977s] writing manifest file '../../build/IK_pkg/IK_pkg.egg-info/SOURCES.txt'
[1.978s] running build
[1.978s] running build_py
[1.978s] creating /home/tumirk/thesis_ws/build/IK_pkg/build
[1.978s] creating /home/tumirk/thesis_ws/build/IK_pkg/build/lib
[1.978s] creating /home/tumirk/thesis_ws/build/IK_pkg/build/lib/IK_pkg
[1.978s] copying IK_pkg/__init__.py -> /home/tumirk/thesis_ws/build/IK_pkg/build/lib/IK_pkg
[1.978s] copying IK_pkg/computation_node.py -> /home/tumirk/thesis_ws/build/IK_pkg/build/lib/IK_pkg
[1.978s] copying IK_pkg/user_node.py -> /home/tumirk/thesis_ws/build/IK_pkg/build/lib/IK_pkg
[1.979s] running install
[1.979s] running install_lib
[1.980s] creating /home/tumirk/thesis_ws/install/IK_pkg/lib/python3.10/site-packages/IK_pkg
[1.980s] copying /home/tumirk/thesis_ws/build/IK_pkg/build/lib/IK_pkg/__init__.py -> /home/tumirk/thesis_ws/install/IK_pkg/lib/python3.10/site-packages/IK_pkg
[1.980s] copying /home/tumirk/thesis_ws/build/IK_pkg/build/lib/IK_pkg/computation_node.py -> /home/tumirk/thesis_ws/install/IK_pkg/lib/python3.10/site-packages/IK_pkg
[1.980s] copying /home/tumirk/thesis_ws/build/IK_pkg/build/lib/IK_pkg/user_node.py -> /home/tumirk/thesis_ws/install/IK_pkg/lib/python3.10/site-packages/IK_pkg
[1.982s] byte-compiling /home/tumirk/thesis_ws/install/IK_pkg/lib/python3.10/site-packages/IK_pkg/__init__.py to __init__.cpython-310.pyc
[1.982s] byte-compiling /home/tumirk/thesis_ws/install/IK_pkg/lib/python3.10/site-packages/IK_pkg/computation_node.py to computation_node.cpython-310.pyc
[1.983s] byte-compiling /home/tumirk/thesis_ws/install/IK_pkg/lib/python3.10/site-packages/IK_pkg/user_node.py to user_node.cpython-310.pyc
[1.983s] running install_data
[1.983s] creating /home/tumirk/thesis_ws/install/IK_pkg/share/ament_index
[1.984s] creating /home/tumirk/thesis_ws/install/IK_pkg/share/ament_index/resource_index
[1.984s] creating /home/tumirk/thesis_ws/install/IK_pkg/share/ament_index/resource_index/packages
[1.984s] copying resource/IK_pkg -> /home/tumirk/thesis_ws/install/IK_pkg/share/ament_index/resource_index/packages
[1.984s] copying package.xml -> /home/tumirk/thesis_ws/install/IK_pkg/share/IK_pkg
[1.984s] running install_egg_info
[1.987s] Copying ../../build/IK_pkg/IK_pkg.egg-info to /home/tumirk/thesis_ws/install/IK_pkg/lib/python3.10/site-packages/IK_pkg-0.0.0-py3.10.egg-info
[1.988s] running install_scripts
[2.023s] writing list of installed files to '/home/tumirk/thesis_ws/build/IK_pkg/install.log'
[2.043s] Invoked command in '/home/tumirk/thesis_ws/src/IK_pkg' returned '0': AMENT_PREFIX_PATH=/home/tumirk/thesis_ws/install/interfaces:${AMENT_PREFIX_PATH} CMAKE_PREFIX_PATH=/home/tumirk/thesis_ws/install/interfaces:${CMAKE_PREFIX_PATH} LD_LIBRARY_PATH=/home/tumirk/thesis_ws/install/interfaces/lib:${LD_LIBRARY_PATH} PYTHONPATH=/home/tumirk/thesis_ws/build/IK_pkg/prefix_override:/usr/lib/python3/dist-packages/colcon_core/task/python/colcon_distutils_commands:/home/tumirk/thesis_ws/install/IK_pkg/lib/python3.10/site-packages:/home/tumirk/thesis_ws/install/interfaces/local/lib/python3.10/dist-packages:${PYTHONPATH} /usr/bin/python3 -W ignore:setup.py install is deprecated -W ignore:easy_install command is deprecated setup.py egg_info --egg-base ../../build/IK_pkg build --build-base /home/tumirk/thesis_ws/build/IK_pkg/build install --record /home/tumirk/thesis_ws/build/IK_pkg/install.log --single-version-externally-managed install_data
