[25.671s] DEBUG:colcon:Command line arguments: ['/usr/bin/colcon', 'build', '--packages-select', 'IK_pkg']
[25.672s] DEBUG:colcon:Parsed command line arguments: Namespace(log_base=None, log_level=None, verb_name='build', build_base='build', install_base='install', merge_install=False, symlink_install=False, test_result_base=None, continue_on_error=False, executor='parallel', parallel_workers=6, event_handlers=None, ignore_user_meta=False, metas=['./colcon.meta'], base_paths=['.'], packages_ignore=None, packages_ignore_regex=None, paths=None, packages_up_to=None, packages_up_to_regex=None, packages_above=None, packages_above_and_dependencies=None, packages_above_depth=None, packages_select_by_dep=None, packages_skip_by_dep=None, packages_skip_up_to=None, packages_select_build_failed=False, packages_skip_build_finished=False, packages_select_test_failures=False, packages_skip_test_passed=False, packages_select=['IK_pkg'], packages_skip=None, packages_select_regex=None, packages_skip_regex=None, packages_start=None, packages_end=None, allow_overriding=[], cmake_args=None, cmake_target=None, cmake_target_skip_unavailable=False, cmake_clean_cache=False, cmake_clean_first=False, cmake_force_configure=False, ament_cmake_args=None, catkin_cmake_args=None, catkin_skip_building_tests=False, mixin_files=None, mixin=None, verb_parser=<colcon_mixin.mixin.mixin_argument.MixinArgumentDecorator object at 0x7b899138f7c0>, verb_extension=<colcon_core.verb.build.BuildVerb object at 0x7b89914d4790>, main=<bound method BuildVerb.main of <colcon_core.verb.build.BuildVerb object at 0x7b89914d4790>>, mixin_verb=('build',))
[35.351s] Level 1:colcon.colcon_core.package_discovery:discover_packages(colcon_meta) check parameters
[35.354s] Level 1:colcon.colcon_core.package_discovery:discover_packages(recursive) check parameters
[35.354s] Level 1:colcon.colcon_core.package_discovery:discover_packages(ignore) check parameters
[35.354s] Level 1:colcon.colcon_core.package_discovery:discover_packages(path) check parameters
[35.354s] Level 1:colcon.colcon_core.package_discovery:discover_packages(colcon_meta) discover
[35.354s] Level 1:colcon.colcon_core.package_discovery:discover_packages(recursive) discover
[35.354s] INFO:colcon.colcon_core.package_discovery:Crawling recursively for packages in '/home/tumirk/thesis_ws'
[35.355s] Level 1:colcon.colcon_core.package_identification:_identify(.) by extensions ['ignore', 'ignore_ament_install']
[35.356s] Level 1:colcon.colcon_core.package_identification:_identify(.) by extension 'ignore'
[35.356s] Level 1:colcon.colcon_core.package_identification:_identify(.) by extension 'ignore_ament_install'
[35.356s] Level 1:colcon.colcon_core.package_identification:_identify(.) by extensions ['colcon_pkg']
[35.356s] Level 1:colcon.colcon_core.package_identification:_identify(.) by extension 'colcon_pkg'
[35.356s] Level 1:colcon.colcon_core.package_identification:_identify(.) by extensions ['colcon_meta']
[35.356s] Level 1:colcon.colcon_core.package_identification:_identify(.) by extension 'colcon_meta'
[35.356s] Level 1:colcon.colcon_core.package_identification:_identify(.) by extensions ['ros']
[35.356s] Level 1:colcon.colcon_core.package_identification:_identify(.) by extension 'ros'
[35.797s] Level 1:colcon.colcon_core.package_identification:_identify(.) by extensions ['cmake', 'python']
[35.799s] Level 1:colcon.colcon_core.package_identification:_identify(.) by extension 'cmake'
[35.799s] Level 1:colcon.colcon_core.package_identification:_identify(.) by extension 'python'
[35.799s] Level 1:colcon.colcon_core.package_identification:_identify(.) by extensions ['python_setup_py']
[35.799s] Level 1:colcon.colcon_core.package_identification:_identify(.) by extension 'python_setup_py'
[35.800s] Level 1:colcon.colcon_core.package_identification:_identify(build) by extensions ['ignore', 'ignore_ament_install']
[35.801s] Level 1:colcon.colcon_core.package_identification:_identify(build) by extension 'ignore'
[35.801s] Level 1:colcon.colcon_core.package_identification:_identify(build) ignored
[35.801s] Level 1:colcon.colcon_core.package_identification:_identify(install) by extensions ['ignore', 'ignore_ament_install']
[35.801s] Level 1:colcon.colcon_core.package_identification:_identify(install) by extension 'ignore'
[35.802s] Level 1:colcon.colcon_core.package_identification:_identify(install) ignored
[35.803s] Level 1:colcon.colcon_core.package_identification:_identify(log) by extensions ['ignore', 'ignore_ament_install']
[35.804s] Level 1:colcon.colcon_core.package_identification:_identify(log) by extension 'ignore'
[35.804s] Level 1:colcon.colcon_core.package_identification:_identify(log) ignored
[35.805s] Level 1:colcon.colcon_core.package_identification:_identify(src) by extensions ['ignore', 'ignore_ament_install']
[35.805s] Level 1:colcon.colcon_core.package_identification:_identify(src) by extension 'ignore'
[35.805s] Level 1:colcon.colcon_core.package_identification:_identify(src) by extension 'ignore_ament_install'
[35.806s] Level 1:colcon.colcon_core.package_identification:_identify(src) by extensions ['colcon_pkg']
[35.806s] Level 1:colcon.colcon_core.package_identification:_identify(src) by extension 'colcon_pkg'
[35.806s] Level 1:colcon.colcon_core.package_identification:_identify(src) by extensions ['colcon_meta']
[35.806s] Level 1:colcon.colcon_core.package_identification:_identify(src) by extension 'colcon_meta'
[35.806s] Level 1:colcon.colcon_core.package_identification:_identify(src) by extensions ['ros']
[35.806s] Level 1:colcon.colcon_core.package_identification:_identify(src) by extension 'ros'
[35.806s] Level 1:colcon.colcon_core.package_identification:_identify(src) by extensions ['cmake', 'python']
[35.806s] Level 1:colcon.colcon_core.package_identification:_identify(src) by extension 'cmake'
[35.806s] Level 1:colcon.colcon_core.package_identification:_identify(src) by extension 'python'
[35.806s] Level 1:colcon.colcon_core.package_identification:_identify(src) by extensions ['python_setup_py']
[35.807s] Level 1:colcon.colcon_core.package_identification:_identify(src) by extension 'python_setup_py'
[35.807s] Level 1:colcon.colcon_core.package_identification:_identify(src/IK_pkg) by extensions ['ignore', 'ignore_ament_install']
[35.807s] Level 1:colcon.colcon_core.package_identification:_identify(src/IK_pkg) by extension 'ignore'
[35.807s] Level 1:colcon.colcon_core.package_identification:_identify(src/IK_pkg) by extension 'ignore_ament_install'
[35.808s] Level 1:colcon.colcon_core.package_identification:_identify(src/IK_pkg) by extensions ['colcon_pkg']
[35.808s] Level 1:colcon.colcon_core.package_identification:_identify(src/IK_pkg) by extension 'colcon_pkg'
[35.808s] Level 1:colcon.colcon_core.package_identification:_identify(src/IK_pkg) by extensions ['colcon_meta']
[35.808s] Level 1:colcon.colcon_core.package_identification:_identify(src/IK_pkg) by extension 'colcon_meta'
[35.808s] Level 1:colcon.colcon_core.package_identification:_identify(src/IK_pkg) by extensions ['ros']
[35.808s] Level 1:colcon.colcon_core.package_identification:_identify(src/IK_pkg) by extension 'ros'
[35.827s] DEBUG:colcon.colcon_core.package_identification:Package 'src/IK_pkg' with type 'ros.ament_python' and name 'IK_pkg'
[35.827s] Level 1:colcon.colcon_core.package_identification:_identify(src/interfaces) by extensions ['ignore', 'ignore_ament_install']
[35.828s] Level 1:colcon.colcon_core.package_identification:_identify(src/interfaces) by extension 'ignore'
[35.828s] Level 1:colcon.colcon_core.package_identification:_identify(src/interfaces) by extension 'ignore_ament_install'
[35.828s] Level 1:colcon.colcon_core.package_identification:_identify(src/interfaces) by extensions ['colcon_pkg']
[35.828s] Level 1:colcon.colcon_core.package_identification:_identify(src/interfaces) by extension 'colcon_pkg'
[35.828s] Level 1:colcon.colcon_core.package_identification:_identify(src/interfaces) by extensions ['colcon_meta']
[35.828s] Level 1:colcon.colcon_core.package_identification:_identify(src/interfaces) by extension 'colcon_meta'
[35.828s] Level 1:colcon.colcon_core.package_identification:_identify(src/interfaces) by extensions ['ros']
[35.828s] Level 1:colcon.colcon_core.package_identification:_identify(src/interfaces) by extension 'ros'
[35.831s] DEBUG:colcon.colcon_core.package_identification:Package 'src/interfaces' with type 'ros.ament_cmake' and name 'interfaces'
[35.831s] Level 1:colcon.colcon_core.package_discovery:discover_packages(recursive) using defaults
[35.831s] Level 1:colcon.colcon_core.package_discovery:discover_packages(ignore) discover
[35.831s] Level 1:colcon.colcon_core.package_discovery:discover_packages(ignore) using defaults
[35.831s] Level 1:colcon.colcon_core.package_discovery:discover_packages(path) discover
[35.831s] Level 1:colcon.colcon_core.package_discovery:discover_packages(path) using defaults
[41.332s] INFO:colcon.colcon_core.package_selection:Skipping not selected package 'interfaces' in 'src/interfaces'
[41.345s] Level 1:colcon.colcon_core.package_discovery:discover_packages(prefix_path) check parameters
[41.345s] Level 1:colcon.colcon_core.package_discovery:discover_packages(prefix_path) discover
[42.267s] DEBUG:colcon.colcon_installed_package_information.package_discovery:Found 2 installed packages in /home/tumirk/thesis_ws/install
[42.478s] DEBUG:colcon.colcon_installed_package_information.package_discovery:Found 56 installed packages in /home/tumirk/ws_moveit/install
[44.250s] DEBUG:colcon.colcon_installed_package_information.package_discovery:Found 346 installed packages in /home/tumirk/ros2_humble/install
[44.264s] DEBUG:colcon.colcon_installed_package_information.package_discovery:Found 230 installed packages in /opt/ros/humble
[44.424s] Level 1:colcon.colcon_core.package_discovery:discover_packages(prefix_path) using defaults
[52.418s] Level 5:colcon.colcon_core.verb:set package 'IK_pkg' build argument 'cmake_args' from command line to 'None'
[52.424s] Level 5:colcon.colcon_core.verb:set package 'IK_pkg' build argument 'cmake_target' from command line to 'None'
[52.424s] Level 5:colcon.colcon_core.verb:set package 'IK_pkg' build argument 'cmake_target_skip_unavailable' from command line to 'False'
[52.424s] Level 5:colcon.colcon_core.verb:set package 'IK_pkg' build argument 'cmake_clean_cache' from command line to 'False'
[52.424s] Level 5:colcon.colcon_core.verb:set package 'IK_pkg' build argument 'cmake_clean_first' from command line to 'False'
[52.424s] Level 5:colcon.colcon_core.verb:set package 'IK_pkg' build argument 'cmake_force_configure' from command line to 'False'
[52.425s] Level 5:colcon.colcon_core.verb:set package 'IK_pkg' build argument 'ament_cmake_args' from command line to 'None'
[52.425s] Level 5:colcon.colcon_core.verb:set package 'IK_pkg' build argument 'catkin_cmake_args' from command line to 'None'
[52.425s] Level 5:colcon.colcon_core.verb:set package 'IK_pkg' build argument 'catkin_skip_building_tests' from command line to 'False'
[52.425s] DEBUG:colcon.colcon_core.verb:Building package 'IK_pkg' with the following arguments: {'ament_cmake_args': None, 'build_base': '/home/tumirk/thesis_ws/build/IK_pkg', 'catkin_cmake_args': None, 'catkin_skip_building_tests': False, 'cmake_args': None, 'cmake_clean_cache': False, 'cmake_clean_first': False, 'cmake_force_configure': False, 'cmake_target': None, 'cmake_target_skip_unavailable': False, 'install_base': '/home/tumirk/thesis_ws/install/IK_pkg', 'merge_install': False, 'path': '/home/tumirk/thesis_ws/src/IK_pkg', 'symlink_install': False, 'test_result_base': None}
[52.426s] INFO:colcon.colcon_core.executor:Executing jobs using 'parallel' executor
[52.434s] DEBUG:colcon.colcon_parallel_executor.executor.parallel:run_until_complete
[52.434s] INFO:colcon.colcon_ros.task.ament_python.build:Building ROS package in '/home/tumirk/thesis_ws/src/IK_pkg' with build type 'ament_python'
[52.435s] Level 1:colcon.colcon_core.shell:create_environment_hook('IK_pkg', 'ament_prefix_path')
[53.350s] INFO:colcon.colcon_core.plugin_system:Skipping extension 'colcon_core.shell.bat': Not used on non-Windows systems
[53.351s] INFO:colcon.colcon_core.shell:Creating environment hook '/home/tumirk/thesis_ws/install/IK_pkg/share/IK_pkg/hook/ament_prefix_path.ps1'
[53.371s] INFO:colcon.colcon_core.shell:Creating environment descriptor '/home/tumirk/thesis_ws/install/IK_pkg/share/IK_pkg/hook/ament_prefix_path.dsv'
[53.376s] INFO:colcon.colcon_core.shell:Creating environment hook '/home/tumirk/thesis_ws/install/IK_pkg/share/IK_pkg/hook/ament_prefix_path.sh'
[53.382s] INFO:colcon.colcon_core.shell:Skip shell extension 'powershell' for command environment: Not usable outside of PowerShell
[53.382s] DEBUG:colcon.colcon_core.shell:Skip shell extension 'dsv' for command environment
[146.170s] INFO:colcon.colcon_core.task.python.build:Building Python package in '/home/tumirk/thesis_ws/src/IK_pkg'
[146.183s] INFO:colcon.colcon_core.shell:Skip shell extension 'powershell' for command environment: Not usable outside of PowerShell
[146.186s] DEBUG:colcon.colcon_core.shell:Skip shell extension 'dsv' for command environment
