[2.532s] Invoking command in '/home/tumirk/thesis_ws/src/IK_pkg': PYTHONPATH=/home/tumirk/thesis_ws/build/IK_pkg/prefix_override:/usr/lib/python3/dist-packages/colcon_core/task/python/colcon_distutils_commands:/home/tumirk/thesis_ws/install/IK_pkg/lib/python3.10/site-packages:${PYTHONPATH} /usr/bin/python3 -W ignore:setup.py install is deprecated -W ignore:easy_install command is deprecated setup.py egg_info --egg-base ../../build/IK_pkg build --build-base /home/tumirk/thesis_ws/build/IK_pkg/build install --record /home/tumirk/thesis_ws/build/IK_pkg/install.log --single-version-externally-managed install_data
[3.144s] running egg_info
[3.144s] writing ../../build/IK_pkg/IK_pkg.egg-info/PKG-INFO
[3.145s] writing dependency_links to ../../build/IK_pkg/IK_pkg.egg-info/dependency_links.txt
[3.145s] writing entry points to ../../build/IK_pkg/IK_pkg.egg-info/entry_points.txt
[3.146s] writing requirements to ../../build/IK_pkg/IK_pkg.egg-info/requires.txt
[3.146s] writing top-level names to ../../build/IK_pkg/IK_pkg.egg-info/top_level.txt
[3.149s] reading manifest file '../../build/IK_pkg/IK_pkg.egg-info/SOURCES.txt'
[3.150s] adding license file 'LICENSE'
[3.151s] writing manifest file '../../build/IK_pkg/IK_pkg.egg-info/SOURCES.txt'
[3.151s] running build
[3.151s] running build_py
[3.152s] copying IK_pkg/computation_node.py -> /home/tumirk/thesis_ws/build/IK_pkg/build/lib/IK_pkg
[3.152s] copying IK_pkg/user_node.py -> /home/tumirk/thesis_ws/build/IK_pkg/build/lib/IK_pkg
[3.153s] running install
[3.154s] running install_lib
[3.155s] copying /home/tumirk/thesis_ws/build/IK_pkg/build/lib/IK_pkg/computation_node.py -> /home/tumirk/thesis_ws/install/IK_pkg/lib/python3.10/site-packages/IK_pkg
[3.156s] copying /home/tumirk/thesis_ws/build/IK_pkg/build/lib/IK_pkg/user_node.py -> /home/tumirk/thesis_ws/install/IK_pkg/lib/python3.10/site-packages/IK_pkg
[3.160s] byte-compiling /home/tumirk/thesis_ws/install/IK_pkg/lib/python3.10/site-packages/IK_pkg/computation_node.py to computation_node.cpython-310.pyc
[3.162s] byte-compiling /home/tumirk/thesis_ws/install/IK_pkg/lib/python3.10/site-packages/IK_pkg/user_node.py to user_node.cpython-310.pyc
[3.163s] running install_data
[3.164s] running install_egg_info
[3.168s] removing '/home/tumirk/thesis_ws/install/IK_pkg/lib/python3.10/site-packages/IK_pkg-0.0.0-py3.10.egg-info' (and everything under it)
[3.170s] Copying ../../build/IK_pkg/IK_pkg.egg-info to /home/tumirk/thesis_ws/install/IK_pkg/lib/python3.10/site-packages/IK_pkg-0.0.0-py3.10.egg-info
[3.170s] running install_scripts
[3.221s] Installing computation_node script to /home/tumirk/thesis_ws/install/IK_pkg/lib/IK_pkg
[3.222s] Installing motor_node script to /home/tumirk/thesis_ws/install/IK_pkg/lib/IK_pkg
[3.223s] Installing user_node script to /home/tumirk/thesis_ws/install/IK_pkg/lib/IK_pkg
[3.223s] writing list of installed files to '/home/tumirk/thesis_ws/build/IK_pkg/install.log'
[3.258s] Invoked command in '/home/tumirk/thesis_ws/src/IK_pkg' returned '0': PYTHONPATH=/home/tumirk/thesis_ws/build/IK_pkg/prefix_override:/usr/lib/python3/dist-packages/colcon_core/task/python/colcon_distutils_commands:/home/tumirk/thesis_ws/install/IK_pkg/lib/python3.10/site-packages:${PYTHONPATH} /usr/bin/python3 -W ignore:setup.py install is deprecated -W ignore:easy_install command is deprecated setup.py egg_info --egg-base ../../build/IK_pkg build --build-base /home/tumirk/thesis_ws/build/IK_pkg/build install --record /home/tumirk/thesis_ws/build/IK_pkg/install.log --single-version-externally-managed install_data
