[  2%] Built target interfaces__cpp
[  5%] [32mBuilding C object CMakeFiles/interfaces__rosidl_generator_c.dir/rosidl_generator_c/interfaces/srv/detail/control_motor__functions.c.o[0m
[  7%] [32mBuilding C object CMakeFiles/interfaces__rosidl_generator_c.dir/rosidl_generator_c/interfaces/srv/detail/compute_ik__functions.c.o[0m
[  7%] Built target ament_cmake_python_copy_interfaces
[ 10%] [32mBuilding CXX object CMakeFiles/interfaces__rosidl_typesupport_cpp.dir/rosidl_typesupport_cpp/interfaces/srv/compute_ik__type_support.cpp.o[0m
[ 12%] [32mBuilding CXX object CMakeFiles/interfaces__rosidl_typesupport_introspection_cpp.dir/rosidl_typesupport_introspection_cpp/interfaces/srv/detail/compute_ik__type_support.cpp.o[0m
[ 15%] [32mBuilding CXX object CMakeFiles/interfaces__rosidl_typesupport_fastrtps_cpp.dir/rosidl_typesupport_fastrtps_cpp/interfaces/srv/detail/dds_fastrtps/compute_ik__type_support.cpp.o[0m
[ 17%] [32m[1mLinking C shared library libinterfaces__rosidl_generator_c.so[0m
[ 20%] [32mBuilding CXX object CMakeFiles/interfaces__rosidl_typesupport_cpp.dir/rosidl_typesupport_cpp/interfaces/srv/control_motor__type_support.cpp.o[0m
[ 23%] Built target interfaces__rosidl_generator_c
[ 25%] [32mBuilding CXX object CMakeFiles/interfaces__rosidl_typesupport_fastrtps_c.dir/rosidl_typesupport_fastrtps_c/interfaces/srv/detail/compute_ik__type_support_c.cpp.o[0m
[ 28%] [32m[1mLinking CXX shared library libinterfaces__rosidl_typesupport_cpp.so[0m
[ 30%] [32mBuilding C object CMakeFiles/interfaces__rosidl_typesupport_introspection_c.dir/rosidl_typesupport_introspection_c/interfaces/srv/detail/compute_ik__type_support.c.o[0m
[ 33%] [32mBuilding CXX object CMakeFiles/interfaces__rosidl_typesupport_introspection_cpp.dir/rosidl_typesupport_introspection_cpp/interfaces/srv/detail/control_motor__type_support.cpp.o[0m
[ 35%] Built target interfaces__rosidl_typesupport_cpp
running egg_info
writing interfaces.egg-info/PKG-INFO
writing dependency_links to interfaces.egg-info/dependency_links.txt
writing top-level names to interfaces.egg-info/top_level.txt
[ 38%] [32mBuilding C object CMakeFiles/interfaces__rosidl_typesupport_introspection_c.dir/rosidl_typesupport_introspection_c/interfaces/srv/detail/control_motor__type_support.c.o[0m
reading manifest file 'interfaces.egg-info/SOURCES.txt'
writing manifest file 'interfaces.egg-info/SOURCES.txt'
[ 41%] [32mBuilding CXX object CMakeFiles/interfaces__rosidl_typesupport_fastrtps_cpp.dir/rosidl_typesupport_fastrtps_cpp/interfaces/srv/detail/dds_fastrtps/control_motor__type_support.cpp.o[0m
[ 43%] [32mBuilding CXX object CMakeFiles/interfaces__rosidl_typesupport_c.dir/rosidl_typesupport_c/interfaces/srv/compute_ik__type_support.cpp.o[0m
[ 43%] Built target ament_cmake_python_build_interfaces_egg
[ 46%] [32m[1mLinking C shared library libinterfaces__rosidl_typesupport_introspection_c.so[0m
[ 48%] [32mBuilding CXX object CMakeFiles/interfaces__rosidl_typesupport_c.dir/rosidl_typesupport_c/interfaces/srv/control_motor__type_support.cpp.o[0m
[ 51%] [32mBuilding CXX object CMakeFiles/interfaces__rosidl_typesupport_fastrtps_c.dir/rosidl_typesupport_fastrtps_c/interfaces/srv/detail/control_motor__type_support_c.cpp.o[0m
[ 53%] [32m[1mLinking CXX shared library libinterfaces__rosidl_typesupport_c.so[0m
[ 56%] Built target interfaces__rosidl_typesupport_introspection_c
[ 58%] Built target interfaces__rosidl_typesupport_c
[ 61%] [32m[1mLinking CXX shared library libinterfaces__rosidl_typesupport_introspection_cpp.so[0m
[ 64%] [32m[1mLinking CXX shared library libinterfaces__rosidl_typesupport_fastrtps_cpp.so[0m
[ 66%] [32m[1mLinking CXX shared library libinterfaces__rosidl_typesupport_fastrtps_c.so[0m
[ 69%] Built target interfaces__rosidl_typesupport_introspection_cpp
[ 71%] Built target interfaces__rosidl_typesupport_fastrtps_cpp
[ 74%] Built target interfaces__rosidl_typesupport_fastrtps_c
[ 74%] Built target interfaces
[ 76%] Built target interfaces__py
[ 82%] [32mBuilding C object CMakeFiles/interfaces__rosidl_generator_py.dir/rosidl_generator_py/interfaces/srv/_control_motor_s.c.o[0m
[ 82%] [32mBuilding C object CMakeFiles/interfaces__rosidl_generator_py.dir/rosidl_generator_py/interfaces/srv/_compute_ik_s.c.o[0m
[ 84%] [32m[1mLinking C shared library rosidl_generator_py/interfaces/libinterfaces__rosidl_generator_py.so[0m
[ 84%] Built target interfaces__rosidl_generator_py
[ 92%] [32mBuilding C object CMakeFiles/interfaces__rosidl_typesupport_c__pyext.dir/rosidl_generator_py/interfaces/_interfaces_s.ep.rosidl_typesupport_c.c.o[0m
[ 92%] [32mBuilding C object CMakeFiles/interfaces__rosidl_typesupport_introspection_c__pyext.dir/rosidl_generator_py/interfaces/_interfaces_s.ep.rosidl_typesupport_introspection_c.c.o[0m
[ 92%] [32mBuilding C object CMakeFiles/interfaces__rosidl_typesupport_fastrtps_c__pyext.dir/rosidl_generator_py/interfaces/_interfaces_s.ep.rosidl_typesupport_fastrtps_c.c.o[0m
[ 94%] [32m[1mLinking C shared library rosidl_generator_py/interfaces/interfaces_s__rosidl_typesupport_c.cpython-310-x86_64-linux-gnu.so[0m
[ 97%] [32m[1mLinking C shared library rosidl_generator_py/interfaces/interfaces_s__rosidl_typesupport_introspection_c.cpython-310-x86_64-linux-gnu.so[0m
[100%] [32m[1mLinking C shared library rosidl_generator_py/interfaces/interfaces_s__rosidl_typesupport_fastrtps_c.cpython-310-x86_64-linux-gnu.so[0m
[100%] Built target interfaces__rosidl_typesupport_c__pyext
[100%] Built target interfaces__rosidl_typesupport_introspection_c__pyext
[100%] Built target interfaces__rosidl_typesupport_fastrtps_c__pyext
-- Install configuration: ""
-- Up-to-date: /home/tumirk/thesis_ws/install/interfaces/share/ament_index/resource_index/rosidl_interfaces/interfaces
-- Up-to-date: /home/tumirk/thesis_ws/install/interfaces/include/interfaces/interfaces
-- Up-to-date: /home/tumirk/thesis_ws/install/interfaces/include/interfaces/interfaces/srv
-- Up-to-date: /home/tumirk/thesis_ws/install/interfaces/include/interfaces/interfaces/srv/detail
-- Up-to-date: /home/tumirk/thesis_ws/install/interfaces/include/interfaces/interfaces/srv/detail/control_motor__functions.c
-- Up-to-date: /home/tumirk/thesis_ws/install/interfaces/include/interfaces/interfaces/srv/detail/compute_ik__functions.c
-- Up-to-date: /home/tumirk/thesis_ws/install/interfaces/include/interfaces/interfaces/srv/detail/compute_ik__struct.h
-- Up-to-date: /home/tumirk/thesis_ws/install/interfaces/include/interfaces/interfaces/srv/detail/control_motor__struct.h
-- Up-to-date: /home/tumirk/thesis_ws/install/interfaces/include/interfaces/interfaces/srv/detail/compute_ik__functions.h
-- Up-to-date: /home/tumirk/thesis_ws/install/interfaces/include/interfaces/interfaces/srv/detail/compute_ik__type_support.h
-- Up-to-date: /home/tumirk/thesis_ws/install/interfaces/include/interfaces/interfaces/srv/detail/control_motor__type_support.h
-- Up-to-date: /home/tumirk/thesis_ws/install/interfaces/include/interfaces/interfaces/srv/detail/control_motor__functions.h
-- Up-to-date: /home/tumirk/thesis_ws/install/interfaces/include/interfaces/interfaces/srv/compute_ik.h
-- Up-to-date: /home/tumirk/thesis_ws/install/interfaces/include/interfaces/interfaces/srv/control_motor.h
-- Up-to-date: /home/tumirk/thesis_ws/install/interfaces/include/interfaces/interfaces/msg
-- Up-to-date: /home/tumirk/thesis_ws/install/interfaces/include/interfaces/interfaces/msg/rosidl_generator_c__visibility_control.h
-- Up-to-date: /home/tumirk/thesis_ws/install/interfaces/share/interfaces/environment/library_path.sh
-- Up-to-date: /home/tumirk/thesis_ws/install/interfaces/share/interfaces/environment/library_path.dsv
-- Installing: /home/tumirk/thesis_ws/install/interfaces/lib/libinterfaces__rosidl_generator_c.so
-- Set runtime path of "/home/tumirk/thesis_ws/install/interfaces/lib/libinterfaces__rosidl_generator_c.so" to ""
-- Up-to-date: /home/tumirk/thesis_ws/install/interfaces/include/interfaces/interfaces
-- Up-to-date: /home/tumirk/thesis_ws/install/interfaces/include/interfaces/interfaces/srv
-- Up-to-date: /home/tumirk/thesis_ws/install/interfaces/include/interfaces/interfaces/srv/detail
-- Up-to-date: /home/tumirk/thesis_ws/install/interfaces/include/interfaces/interfaces/srv/detail/control_motor__rosidl_typesupport_fastrtps_c.h
-- Up-to-date: /home/tumirk/thesis_ws/install/interfaces/include/interfaces/interfaces/srv/detail/compute_ik__rosidl_typesupport_fastrtps_c.h
-- Up-to-date: /home/tumirk/thesis_ws/install/interfaces/include/interfaces/interfaces/msg
-- Up-to-date: /home/tumirk/thesis_ws/install/interfaces/include/interfaces/interfaces/msg/rosidl_typesupport_fastrtps_c__visibility_control.h
-- Installing: /home/tumirk/thesis_ws/install/interfaces/lib/libinterfaces__rosidl_typesupport_fastrtps_c.so
-- Set runtime path of "/home/tumirk/thesis_ws/install/interfaces/lib/libinterfaces__rosidl_typesupport_fastrtps_c.so" to ""
-- Up-to-date: /home/tumirk/thesis_ws/install/interfaces/include/interfaces/interfaces
-- Up-to-date: /home/tumirk/thesis_ws/install/interfaces/include/interfaces/interfaces/srv
-- Up-to-date: /home/tumirk/thesis_ws/install/interfaces/include/interfaces/interfaces/srv/detail
-- Up-to-date: /home/tumirk/thesis_ws/install/interfaces/include/interfaces/interfaces/srv/detail/compute_ik__rosidl_typesupport_introspection_c.h
-- Up-to-date: /home/tumirk/thesis_ws/install/interfaces/include/interfaces/interfaces/srv/detail/compute_ik__type_support.c
-- Up-to-date: /home/tumirk/thesis_ws/install/interfaces/include/interfaces/interfaces/srv/detail/control_motor__type_support.c
-- Up-to-date: /home/tumirk/thesis_ws/install/interfaces/include/interfaces/interfaces/srv/detail/control_motor__rosidl_typesupport_introspection_c.h
-- Up-to-date: /home/tumirk/thesis_ws/install/interfaces/include/interfaces/interfaces/msg
-- Up-to-date: /home/tumirk/thesis_ws/install/interfaces/include/interfaces/interfaces/msg/rosidl_typesupport_introspection_c__visibility_control.h
-- Installing: /home/tumirk/thesis_ws/install/interfaces/lib/libinterfaces__rosidl_typesupport_introspection_c.so
-- Set runtime path of "/home/tumirk/thesis_ws/install/interfaces/lib/libinterfaces__rosidl_typesupport_introspection_c.so" to ""
-- Installing: /home/tumirk/thesis_ws/install/interfaces/lib/libinterfaces__rosidl_typesupport_c.so
-- Set runtime path of "/home/tumirk/thesis_ws/install/interfaces/lib/libinterfaces__rosidl_typesupport_c.so" to ""
-- Up-to-date: /home/tumirk/thesis_ws/install/interfaces/include/interfaces/interfaces
-- Up-to-date: /home/tumirk/thesis_ws/install/interfaces/include/interfaces/interfaces/srv
-- Up-to-date: /home/tumirk/thesis_ws/install/interfaces/include/interfaces/interfaces/srv/control_motor.hpp
-- Up-to-date: /home/tumirk/thesis_ws/install/interfaces/include/interfaces/interfaces/srv/detail
-- Up-to-date: /home/tumirk/thesis_ws/install/interfaces/include/interfaces/interfaces/srv/detail/compute_ik__struct.hpp
-- Up-to-date: /home/tumirk/thesis_ws/install/interfaces/include/interfaces/interfaces/srv/detail/control_motor__builder.hpp
-- Up-to-date: /home/tumirk/thesis_ws/install/interfaces/include/interfaces/interfaces/srv/detail/compute_ik__builder.hpp
-- Up-to-date: /home/tumirk/thesis_ws/install/interfaces/include/interfaces/interfaces/srv/detail/control_motor__type_support.hpp
-- Up-to-date: /home/tumirk/thesis_ws/install/interfaces/include/interfaces/interfaces/srv/detail/compute_ik__traits.hpp
-- Up-to-date: /home/tumirk/thesis_ws/install/interfaces/include/interfaces/interfaces/srv/detail/compute_ik__type_support.hpp
-- Up-to-date: /home/tumirk/thesis_ws/install/interfaces/include/interfaces/interfaces/srv/detail/control_motor__traits.hpp
-- Up-to-date: /home/tumirk/thesis_ws/install/interfaces/include/interfaces/interfaces/srv/detail/control_motor__struct.hpp
-- Up-to-date: /home/tumirk/thesis_ws/install/interfaces/include/interfaces/interfaces/srv/compute_ik.hpp
-- Up-to-date: /home/tumirk/thesis_ws/install/interfaces/include/interfaces/interfaces/msg
-- Up-to-date: /home/tumirk/thesis_ws/install/interfaces/include/interfaces/interfaces/msg/rosidl_generator_cpp__visibility_control.hpp
-- Up-to-date: /home/tumirk/thesis_ws/install/interfaces/include/interfaces/interfaces
-- Up-to-date: /home/tumirk/thesis_ws/install/interfaces/include/interfaces/interfaces/srv
-- Up-to-date: /home/tumirk/thesis_ws/install/interfaces/include/interfaces/interfaces/srv/detail
-- Up-to-date: /home/tumirk/thesis_ws/install/interfaces/include/interfaces/interfaces/srv/detail/control_motor__rosidl_typesupport_fastrtps_cpp.hpp
-- Up-to-date: /home/tumirk/thesis_ws/install/interfaces/include/interfaces/interfaces/srv/detail/compute_ik__rosidl_typesupport_fastrtps_cpp.hpp
-- Up-to-date: /home/tumirk/thesis_ws/install/interfaces/include/interfaces/interfaces/srv/detail/dds_fastrtps
-- Up-to-date: /home/tumirk/thesis_ws/install/interfaces/include/interfaces/interfaces/msg
-- Up-to-date: /home/tumirk/thesis_ws/install/interfaces/include/interfaces/interfaces/msg/rosidl_typesupport_fastrtps_cpp__visibility_control.h
-- Installing: /home/tumirk/thesis_ws/install/interfaces/lib/libinterfaces__rosidl_typesupport_fastrtps_cpp.so
-- Set runtime path of "/home/tumirk/thesis_ws/install/interfaces/lib/libinterfaces__rosidl_typesupport_fastrtps_cpp.so" to ""
-- Up-to-date: /home/tumirk/thesis_ws/install/interfaces/include/interfaces/interfaces
-- Up-to-date: /home/tumirk/thesis_ws/install/interfaces/include/interfaces/interfaces/srv
-- Up-to-date: /home/tumirk/thesis_ws/install/interfaces/include/interfaces/interfaces/srv/detail
-- Up-to-date: /home/tumirk/thesis_ws/install/interfaces/include/interfaces/interfaces/srv/detail/control_motor__type_support.cpp
-- Up-to-date: /home/tumirk/thesis_ws/install/interfaces/include/interfaces/interfaces/srv/detail/compute_ik__type_support.cpp
-- Up-to-date: /home/tumirk/thesis_ws/install/interfaces/include/interfaces/interfaces/srv/detail/control_motor__rosidl_typesupport_introspection_cpp.hpp
-- Up-to-date: /home/tumirk/thesis_ws/install/interfaces/include/interfaces/interfaces/srv/detail/compute_ik__rosidl_typesupport_introspection_cpp.hpp
-- Installing: /home/tumirk/thesis_ws/install/interfaces/lib/libinterfaces__rosidl_typesupport_introspection_cpp.so
-- Set runtime path of "/home/tumirk/thesis_ws/install/interfaces/lib/libinterfaces__rosidl_typesupport_introspection_cpp.so" to ""
-- Installing: /home/tumirk/thesis_ws/install/interfaces/lib/libinterfaces__rosidl_typesupport_cpp.so
-- Set runtime path of "/home/tumirk/thesis_ws/install/interfaces/lib/libinterfaces__rosidl_typesupport_cpp.so" to ""
-- Up-to-date: /home/tumirk/thesis_ws/install/interfaces/share/interfaces/environment/pythonpath.sh
-- Up-to-date: /home/tumirk/thesis_ws/install/interfaces/share/interfaces/environment/pythonpath.dsv
-- Up-to-date: /home/tumirk/thesis_ws/install/interfaces/local/lib/python3.10/dist-packages/interfaces-0.0.0-py3.10.egg-info
-- Installing: /home/tumirk/thesis_ws/install/interfaces/local/lib/python3.10/dist-packages/interfaces-0.0.0-py3.10.egg-info/SOURCES.txt
-- Installing: /home/tumirk/thesis_ws/install/interfaces/local/lib/python3.10/dist-packages/interfaces-0.0.0-py3.10.egg-info/dependency_links.txt
-- Installing: /home/tumirk/thesis_ws/install/interfaces/local/lib/python3.10/dist-packages/interfaces-0.0.0-py3.10.egg-info/top_level.txt
-- Installing: /home/tumirk/thesis_ws/install/interfaces/local/lib/python3.10/dist-packages/interfaces-0.0.0-py3.10.egg-info/PKG-INFO
-- Up-to-date: /home/tumirk/thesis_ws/install/interfaces/local/lib/python3.10/dist-packages/interfaces
-- Installing: /home/tumirk/thesis_ws/install/interfaces/local/lib/python3.10/dist-packages/interfaces/interfaces_s__rosidl_typesupport_fastrtps_c.cpython-310-x86_64-linux-gnu.so
-- Installing: /home/tumirk/thesis_ws/install/interfaces/local/lib/python3.10/dist-packages/interfaces/interfaces_s__rosidl_typesupport_c.cpython-310-x86_64-linux-gnu.so
-- Up-to-date: /home/tumirk/thesis_ws/install/interfaces/local/lib/python3.10/dist-packages/interfaces/__init__.py
-- Installing: /home/tumirk/thesis_ws/install/interfaces/local/lib/python3.10/dist-packages/interfaces/interfaces_s__rosidl_typesupport_introspection_c.cpython-310-x86_64-linux-gnu.so
-- Up-to-date: /home/tumirk/thesis_ws/install/interfaces/local/lib/python3.10/dist-packages/interfaces/srv
-- Up-to-date: /home/tumirk/thesis_ws/install/interfaces/local/lib/python3.10/dist-packages/interfaces/srv/_control_motor.py
-- Up-to-date: /home/tumirk/thesis_ws/install/interfaces/local/lib/python3.10/dist-packages/interfaces/srv/_compute_ik_s.c
-- Up-to-date: /home/tumirk/thesis_ws/install/interfaces/local/lib/python3.10/dist-packages/interfaces/srv/__init__.py
-- Up-to-date: /home/tumirk/thesis_ws/install/interfaces/local/lib/python3.10/dist-packages/interfaces/srv/_control_motor_s.c
-- Up-to-date: /home/tumirk/thesis_ws/install/interfaces/local/lib/python3.10/dist-packages/interfaces/srv/_compute_ik.py
-- Installing: /home/tumirk/thesis_ws/install/interfaces/local/lib/python3.10/dist-packages/interfaces/libinterfaces__rosidl_generator_py.so
-- Up-to-date: /home/tumirk/thesis_ws/install/interfaces/local/lib/python3.10/dist-packages/interfaces/_interfaces_s.ep.rosidl_typesupport_c.c
-- Up-to-date: /home/tumirk/thesis_ws/install/interfaces/local/lib/python3.10/dist-packages/interfaces/_interfaces_s.ep.rosidl_typesupport_fastrtps_c.c
-- Up-to-date: /home/tumirk/thesis_ws/install/interfaces/local/lib/python3.10/dist-packages/interfaces/_interfaces_s.ep.rosidl_typesupport_introspection_c.c
Listing '/home/tumirk/thesis_ws/install/interfaces/local/lib/python3.10/dist-packages/interfaces'...
Listing '/home/tumirk/thesis_ws/install/interfaces/local/lib/python3.10/dist-packages/interfaces/srv'...
-- Installing: /home/tumirk/thesis_ws/install/interfaces/local/lib/python3.10/dist-packages/interfaces/interfaces_s__rosidl_typesupport_fastrtps_c.cpython-310-x86_64-linux-gnu.so
-- Set runtime path of "/home/tumirk/thesis_ws/install/interfaces/local/lib/python3.10/dist-packages/interfaces/interfaces_s__rosidl_typesupport_fastrtps_c.cpython-310-x86_64-linux-gnu.so" to ""
-- Installing: /home/tumirk/thesis_ws/install/interfaces/local/lib/python3.10/dist-packages/interfaces/interfaces_s__rosidl_typesupport_introspection_c.cpython-310-x86_64-linux-gnu.so
-- Set runtime path of "/home/tumirk/thesis_ws/install/interfaces/local/lib/python3.10/dist-packages/interfaces/interfaces_s__rosidl_typesupport_introspection_c.cpython-310-x86_64-linux-gnu.so" to ""
-- Installing: /home/tumirk/thesis_ws/install/interfaces/local/lib/python3.10/dist-packages/interfaces/interfaces_s__rosidl_typesupport_c.cpython-310-x86_64-linux-gnu.so
-- Set runtime path of "/home/tumirk/thesis_ws/install/interfaces/local/lib/python3.10/dist-packages/interfaces/interfaces_s__rosidl_typesupport_c.cpython-310-x86_64-linux-gnu.so" to ""
-- Installing: /home/tumirk/thesis_ws/install/interfaces/lib/libinterfaces__rosidl_generator_py.so
-- Set runtime path of "/home/tumirk/thesis_ws/install/interfaces/lib/libinterfaces__rosidl_generator_py.so" to ""
-- Up-to-date: /home/tumirk/thesis_ws/install/interfaces/share/interfaces/srv/ComputeIK.idl
-- Up-to-date: /home/tumirk/thesis_ws/install/interfaces/share/interfaces/srv/ControlMotor.idl
-- Up-to-date: /home/tumirk/thesis_ws/install/interfaces/share/interfaces/srv/ComputeIK.srv
-- Up-to-date: /home/tumirk/thesis_ws/install/interfaces/share/interfaces/srv/ComputeIK_Request.msg
-- Up-to-date: /home/tumirk/thesis_ws/install/interfaces/share/interfaces/srv/ComputeIK_Response.msg
-- Up-to-date: /home/tumirk/thesis_ws/install/interfaces/share/interfaces/srv/ControlMotor.srv
-- Up-to-date: /home/tumirk/thesis_ws/install/interfaces/share/interfaces/srv/ControlMotor_Request.msg
-- Up-to-date: /home/tumirk/thesis_ws/install/interfaces/share/interfaces/srv/ControlMotor_Response.msg
-- Up-to-date: /home/tumirk/thesis_ws/install/interfaces/share/ament_index/resource_index/package_run_dependencies/interfaces
-- Up-to-date: /home/tumirk/thesis_ws/install/interfaces/share/ament_index/resource_index/parent_prefix_path/interfaces
-- Up-to-date: /home/tumirk/thesis_ws/install/interfaces/share/interfaces/environment/ament_prefix_path.dsv
-- Up-to-date: /home/tumirk/thesis_ws/install/interfaces/share/interfaces/environment/path.dsv
-- Up-to-date: /home/tumirk/thesis_ws/install/interfaces/share/interfaces/local_setup.bash
-- Up-to-date: /home/tumirk/thesis_ws/install/interfaces/share/interfaces/local_setup.sh
-- Up-to-date: /home/tumirk/thesis_ws/install/interfaces/share/interfaces/local_setup.zsh
-- Up-to-date: /home/tumirk/thesis_ws/install/interfaces/share/interfaces/local_setup.dsv
-- Installing: /home/tumirk/thesis_ws/install/interfaces/share/interfaces/package.dsv
-- Up-to-date: /home/tumirk/thesis_ws/install/interfaces/share/ament_index/resource_index/packages/interfaces
-- Up-to-date: /home/tumirk/thesis_ws/install/interfaces/share/interfaces/cmake/export_interfaces__rosidl_generator_cExport.cmake
-- Up-to-date: /home/tumirk/thesis_ws/install/interfaces/share/interfaces/cmake/export_interfaces__rosidl_generator_cExport-noconfig.cmake
-- Up-to-date: /home/tumirk/thesis_ws/install/interfaces/share/interfaces/cmake/export_interfaces__rosidl_typesupport_fastrtps_cExport.cmake
-- Up-to-date: /home/tumirk/thesis_ws/install/interfaces/share/interfaces/cmake/export_interfaces__rosidl_typesupport_fastrtps_cExport-noconfig.cmake
-- Up-to-date: /home/tumirk/thesis_ws/install/interfaces/share/interfaces/cmake/interfaces__rosidl_typesupport_introspection_cExport.cmake
-- Up-to-date: /home/tumirk/thesis_ws/install/interfaces/share/interfaces/cmake/interfaces__rosidl_typesupport_introspection_cExport-noconfig.cmake
-- Up-to-date: /home/tumirk/thesis_ws/install/interfaces/share/interfaces/cmake/interfaces__rosidl_typesupport_cExport.cmake
-- Up-to-date: /home/tumirk/thesis_ws/install/interfaces/share/interfaces/cmake/interfaces__rosidl_typesupport_cExport-noconfig.cmake
-- Up-to-date: /home/tumirk/thesis_ws/install/interfaces/share/interfaces/cmake/export_interfaces__rosidl_generator_cppExport.cmake
-- Up-to-date: /home/tumirk/thesis_ws/install/interfaces/share/interfaces/cmake/export_interfaces__rosidl_typesupport_fastrtps_cppExport.cmake
-- Up-to-date: /home/tumirk/thesis_ws/install/interfaces/share/interfaces/cmake/export_interfaces__rosidl_typesupport_fastrtps_cppExport-noconfig.cmake
-- Up-to-date: /home/tumirk/thesis_ws/install/interfaces/share/interfaces/cmake/interfaces__rosidl_typesupport_introspection_cppExport.cmake
-- Up-to-date: /home/tumirk/thesis_ws/install/interfaces/share/interfaces/cmake/interfaces__rosidl_typesupport_introspection_cppExport-noconfig.cmake
-- Up-to-date: /home/tumirk/thesis_ws/install/interfaces/share/interfaces/cmake/interfaces__rosidl_typesupport_cppExport.cmake
-- Up-to-date: /home/tumirk/thesis_ws/install/interfaces/share/interfaces/cmake/interfaces__rosidl_typesupport_cppExport-noconfig.cmake
-- Up-to-date: /home/tumirk/thesis_ws/install/interfaces/share/interfaces/cmake/export_interfaces__rosidl_generator_pyExport.cmake
-- Up-to-date: /home/tumirk/thesis_ws/install/interfaces/share/interfaces/cmake/export_interfaces__rosidl_generator_pyExport-noconfig.cmake
-- Up-to-date: /home/tumirk/thesis_ws/install/interfaces/share/interfaces/cmake/rosidl_cmake-extras.cmake
-- Up-to-date: /home/tumirk/thesis_ws/install/interfaces/share/interfaces/cmake/ament_cmake_export_include_directories-extras.cmake
-- Up-to-date: /home/tumirk/thesis_ws/install/interfaces/share/interfaces/cmake/ament_cmake_export_libraries-extras.cmake
-- Up-to-date: /home/tumirk/thesis_ws/install/interfaces/share/interfaces/cmake/ament_cmake_export_targets-extras.cmake
-- Up-to-date: /home/tumirk/thesis_ws/install/interfaces/share/interfaces/cmake/rosidl_cmake_export_typesupport_targets-extras.cmake
-- Up-to-date: /home/tumirk/thesis_ws/install/interfaces/share/interfaces/cmake/ament_cmake_export_dependencies-extras.cmake
-- Up-to-date: /home/tumirk/thesis_ws/install/interfaces/share/interfaces/cmake/rosidl_cmake_export_typesupport_libraries-extras.cmake
-- Up-to-date: /home/tumirk/thesis_ws/install/interfaces/share/interfaces/cmake/interfacesConfig.cmake
-- Up-to-date: /home/tumirk/thesis_ws/install/interfaces/share/interfaces/cmake/interfacesConfig-version.cmake
-- Up-to-date: /home/tumirk/thesis_ws/install/interfaces/share/interfaces/package.xml
