[1.613s] Invoking command in '/home/tumirk/thesis_ws/src/IK_pkg': AMENT_PREFIX_PATH=/home/tumirk/thesis_ws/install/interfaces:${AMENT_PREFIX_PATH} CMAKE_PREFIX_PATH=/home/tumirk/thesis_ws/install/interfaces:${CMAKE_PREFIX_PATH} LD_LIBRARY_PATH=/home/tumirk/thesis_ws/install/interfaces/lib:${LD_LIBRARY_PATH} PYTHONPATH=/home/tumirk/thesis_ws/build/IK_pkg/prefix_override:/usr/lib/python3/dist-packages/colcon_core/task/python/colcon_distutils_commands:/home/tumirk/thesis_ws/install/IK_pkg/lib/python3.10/site-packages:/home/tumirk/thesis_ws/install/interfaces/local/lib/python3.10/dist-packages:${PYTHONPATH} /usr/bin/python3 -W ignore:setup.py install is deprecated -W ignore:easy_install command is deprecated setup.py egg_info --egg-base ../../build/IK_pkg build --build-base /home/tumirk/thesis_ws/build/IK_pkg/build install --record /home/tumirk/thesis_ws/build/IK_pkg/install.log --single-version-externally-managed install_data
[2.235s] running egg_info
[2.237s] writing ../../build/IK_pkg/IK_pkg.egg-info/PKG-INFO
[2.238s] writing dependency_links to ../../build/IK_pkg/IK_pkg.egg-info/dependency_links.txt
[2.238s] writing entry points to ../../build/IK_pkg/IK_pkg.egg-info/entry_points.txt
[2.239s] writing requirements to ../../build/IK_pkg/IK_pkg.egg-info/requires.txt
[2.240s] writing top-level names to ../../build/IK_pkg/IK_pkg.egg-info/top_level.txt
[2.244s] reading manifest file '../../build/IK_pkg/IK_pkg.egg-info/SOURCES.txt'
[2.245s] adding license file 'LICENSE'
[2.246s] writing manifest file '../../build/IK_pkg/IK_pkg.egg-info/SOURCES.txt'
[2.247s] running build
[2.247s] running build_py
[2.247s] copying IK_pkg/computation_node.py -> /home/tumirk/thesis_ws/build/IK_pkg/build/lib/IK_pkg
[2.248s] running install
[2.248s] running install_lib
[2.250s] copying /home/tumirk/thesis_ws/build/IK_pkg/build/lib/IK_pkg/computation_node.py -> /home/tumirk/thesis_ws/install/IK_pkg/lib/python3.10/site-packages/IK_pkg
[2.255s] byte-compiling /home/tumirk/thesis_ws/install/IK_pkg/lib/python3.10/site-packages/IK_pkg/computation_node.py to computation_node.cpython-310.pyc
[2.258s] running install_data
[2.258s] running install_egg_info
[2.268s] removing '/home/tumirk/thesis_ws/install/IK_pkg/lib/python3.10/site-packages/IK_pkg-0.0.0-py3.10.egg-info' (and everything under it)
[2.268s] Copying ../../build/IK_pkg/IK_pkg.egg-info to /home/tumirk/thesis_ws/install/IK_pkg/lib/python3.10/site-packages/IK_pkg-0.0.0-py3.10.egg-info
[2.270s] running install_scripts
[2.433s] writing list of installed files to '/home/tumirk/thesis_ws/build/IK_pkg/install.log'
[2.547s] Invoked command in '/home/tumirk/thesis_ws/src/IK_pkg' returned '0': AMENT_PREFIX_PATH=/home/tumirk/thesis_ws/install/interfaces:${AMENT_PREFIX_PATH} CMAKE_PREFIX_PATH=/home/tumirk/thesis_ws/install/interfaces:${CMAKE_PREFIX_PATH} LD_LIBRARY_PATH=/home/tumirk/thesis_ws/install/interfaces/lib:${LD_LIBRARY_PATH} PYTHONPATH=/home/tumirk/thesis_ws/build/IK_pkg/prefix_override:/usr/lib/python3/dist-packages/colcon_core/task/python/colcon_distutils_commands:/home/tumirk/thesis_ws/install/IK_pkg/lib/python3.10/site-packages:/home/tumirk/thesis_ws/install/interfaces/local/lib/python3.10/dist-packages:${PYTHONPATH} /usr/bin/python3 -W ignore:setup.py install is deprecated -W ignore:easy_install command is deprecated setup.py egg_info --egg-base ../../build/IK_pkg build --build-base /home/tumirk/thesis_ws/build/IK_pkg/build install --record /home/tumirk/thesis_ws/build/IK_pkg/install.log --single-version-externally-managed install_data
