[3.057s] Invoking command in '/home/tumirk/thesis_ws/src/IK_pkg': PYTHONPATH=/home/tumirk/thesis_ws/build/IK_pkg/prefix_override:/usr/lib/python3/dist-packages/colcon_core/task/python/colcon_distutils_commands:/home/tumirk/thesis_ws/install/IK_pkg/lib/python3.10/site-packages:${PYTHONPATH} /usr/bin/python3 -W ignore:setup.py install is deprecated -W ignore:easy_install command is deprecated setup.py egg_info --egg-base ../../build/IK_pkg build --build-base /home/tumirk/thesis_ws/build/IK_pkg/build install --record /home/tumirk/thesis_ws/build/IK_pkg/install.log --single-version-externally-managed install_data
[4.138s] running egg_info
[4.138s] writing ../../build/IK_pkg/IK_pkg.egg-info/PKG-INFO
[4.139s] writing dependency_links to ../../build/IK_pkg/IK_pkg.egg-info/dependency_links.txt
[4.139s] writing entry points to ../../build/IK_pkg/IK_pkg.egg-info/entry_points.txt
[4.140s] writing requirements to ../../build/IK_pkg/IK_pkg.egg-info/requires.txt
[4.140s] writing top-level names to ../../build/IK_pkg/IK_pkg.egg-info/top_level.txt
[4.142s] reading manifest file '../../build/IK_pkg/IK_pkg.egg-info/SOURCES.txt'
[4.142s] adding license file 'LICENSE'
[4.143s] writing manifest file '../../build/IK_pkg/IK_pkg.egg-info/SOURCES.txt'
[4.143s] running build
[4.143s] running build_py
[4.144s] copying IK_pkg/computation_node.py -> /home/tumirk/thesis_ws/build/IK_pkg/build/lib/IK_pkg
[4.145s] running install
[4.145s] running install_lib
[4.147s] copying /home/tumirk/thesis_ws/build/IK_pkg/build/lib/IK_pkg/computation_node.py -> /home/tumirk/thesis_ws/install/IK_pkg/lib/python3.10/site-packages/IK_pkg
[4.153s] byte-compiling /home/tumirk/thesis_ws/install/IK_pkg/lib/python3.10/site-packages/IK_pkg/computation_node.py to computation_node.cpython-310.pyc
[4.155s] running install_data
[4.156s] running install_egg_info
[4.161s] removing '/home/tumirk/thesis_ws/install/IK_pkg/lib/python3.10/site-packages/IK_pkg-0.0.0-py3.10.egg-info' (and everything under it)
[4.162s] Copying ../../build/IK_pkg/IK_pkg.egg-info to /home/tumirk/thesis_ws/install/IK_pkg/lib/python3.10/site-packages/IK_pkg-0.0.0-py3.10.egg-info
[4.163s] running install_scripts
[4.211s] Installing computation_node script to /home/tumirk/thesis_ws/install/IK_pkg/lib/IK_pkg
[4.212s] Installing motor_node script to /home/tumirk/thesis_ws/install/IK_pkg/lib/IK_pkg
[4.212s] Installing user_node script to /home/tumirk/thesis_ws/install/IK_pkg/lib/IK_pkg
[4.213s] writing list of installed files to '/home/tumirk/thesis_ws/build/IK_pkg/install.log'
[4.236s] Invoked command in '/home/tumirk/thesis_ws/src/IK_pkg' returned '0': PYTHONPATH=/home/tumirk/thesis_ws/build/IK_pkg/prefix_override:/usr/lib/python3/dist-packages/colcon_core/task/python/colcon_distutils_commands:/home/tumirk/thesis_ws/install/IK_pkg/lib/python3.10/site-packages:${PYTHONPATH} /usr/bin/python3 -W ignore:setup.py install is deprecated -W ignore:easy_install command is deprecated setup.py egg_info --egg-base ../../build/IK_pkg build --build-base /home/tumirk/thesis_ws/build/IK_pkg/build install --record /home/tumirk/thesis_ws/build/IK_pkg/install.log --single-version-externally-managed install_data
