[0.373s] DEBUG:colcon:Command line arguments: ['/usr/bin/colcon', 'build', '--packages-select', 'IK_pkg']
[0.373s] DEBUG:colcon:Parsed command line arguments: Namespace(log_base=None, log_level=None, verb_name='build', build_base='build', install_base='install', merge_install=False, symlink_install=False, test_result_base=None, continue_on_error=False, executor='parallel', parallel_workers=6, event_handlers=None, ignore_user_meta=False, metas=['./colcon.meta'], base_paths=['.'], packages_ignore=None, packages_ignore_regex=None, paths=None, packages_up_to=None, packages_up_to_regex=None, packages_above=None, packages_above_and_dependencies=None, packages_above_depth=None, packages_select_by_dep=None, packages_skip_by_dep=None, packages_skip_up_to=None, packages_select_build_failed=False, packages_skip_build_finished=False, packages_select_test_failures=False, packages_skip_test_passed=False, packages_select=['IK_pkg'], packages_skip=None, packages_select_regex=None, packages_skip_regex=None, packages_start=None, packages_end=None, allow_overriding=[], cmake_args=None, cmake_target=None, cmake_target_skip_unavailable=False, cmake_clean_cache=False, cmake_clean_first=False, cmake_force_configure=False, ament_cmake_args=None, catkin_cmake_args=None, catkin_skip_building_tests=False, mixin_files=None, mixin=None, verb_parser=<colcon_mixin.mixin.mixin_argument.MixinArgumentDecorator object at 0x7c6b1338efb0>, verb_extension=<colcon_core.verb.build.BuildVerb object at 0x7c6b134a7f40>, main=<bound method BuildVerb.main of <colcon_core.verb.build.BuildVerb object at 0x7c6b134a7f40>>, mixin_verb=('build',))
[0.757s] Level 1:colcon.colcon_core.package_discovery:discover_packages(colcon_meta) check parameters
[0.757s] Level 1:colcon.colcon_core.package_discovery:discover_packages(recursive) check parameters
[0.757s] Level 1:colcon.colcon_core.package_discovery:discover_packages(ignore) check parameters
[0.757s] Level 1:colcon.colcon_core.package_discovery:discover_packages(path) check parameters
[0.757s] Level 1:colcon.colcon_core.package_discovery:discover_packages(colcon_meta) discover
[0.757s] Level 1:colcon.colcon_core.package_discovery:discover_packages(recursive) discover
[0.757s] INFO:colcon.colcon_core.package_discovery:Crawling recursively for packages in '/home/tumirk/thesis_ws'
[0.758s] Level 1:colcon.colcon_core.package_identification:_identify(.) by extensions ['ignore', 'ignore_ament_install']
[0.758s] Level 1:colcon.colcon_core.package_identification:_identify(.) by extension 'ignore'
[0.758s] Level 1:colcon.colcon_core.package_identification:_identify(.) by extension 'ignore_ament_install'
[0.758s] Level 1:colcon.colcon_core.package_identification:_identify(.) by extensions ['colcon_pkg']
[0.758s] Level 1:colcon.colcon_core.package_identification:_identify(.) by extension 'colcon_pkg'
[0.758s] Level 1:colcon.colcon_core.package_identification:_identify(.) by extensions ['colcon_meta']
[0.758s] Level 1:colcon.colcon_core.package_identification:_identify(.) by extension 'colcon_meta'
[0.758s] Level 1:colcon.colcon_core.package_identification:_identify(.) by extensions ['ros']
[0.758s] Level 1:colcon.colcon_core.package_identification:_identify(.) by extension 'ros'
[0.773s] Level 1:colcon.colcon_core.package_identification:_identify(.) by extensions ['cmake', 'python']
[0.773s] Level 1:colcon.colcon_core.package_identification:_identify(.) by extension 'cmake'
[0.773s] Level 1:colcon.colcon_core.package_identification:_identify(.) by extension 'python'
[0.773s] Level 1:colcon.colcon_core.package_identification:_identify(.) by extensions ['python_setup_py']
[0.773s] Level 1:colcon.colcon_core.package_identification:_identify(.) by extension 'python_setup_py'
[0.773s] Level 1:colcon.colcon_core.package_identification:_identify(build) by extensions ['ignore', 'ignore_ament_install']
[0.773s] Level 1:colcon.colcon_core.package_identification:_identify(build) by extension 'ignore'
[0.773s] Level 1:colcon.colcon_core.package_identification:_identify(build) ignored
[0.774s] Level 1:colcon.colcon_core.package_identification:_identify(install) by extensions ['ignore', 'ignore_ament_install']
[0.774s] Level 1:colcon.colcon_core.package_identification:_identify(install) by extension 'ignore'
[0.774s] Level 1:colcon.colcon_core.package_identification:_identify(install) ignored
[0.774s] Level 1:colcon.colcon_core.package_identification:_identify(log) by extensions ['ignore', 'ignore_ament_install']
[0.774s] Level 1:colcon.colcon_core.package_identification:_identify(log) by extension 'ignore'
[0.774s] Level 1:colcon.colcon_core.package_identification:_identify(log) ignored
[0.774s] Level 1:colcon.colcon_core.package_identification:_identify(src) by extensions ['ignore', 'ignore_ament_install']
[0.774s] Level 1:colcon.colcon_core.package_identification:_identify(src) by extension 'ignore'
[0.774s] Level 1:colcon.colcon_core.package_identification:_identify(src) by extension 'ignore_ament_install'
[0.775s] Level 1:colcon.colcon_core.package_identification:_identify(src) by extensions ['colcon_pkg']
[0.775s] Level 1:colcon.colcon_core.package_identification:_identify(src) by extension 'colcon_pkg'
[0.775s] Level 1:colcon.colcon_core.package_identification:_identify(src) by extensions ['colcon_meta']
[0.775s] Level 1:colcon.colcon_core.package_identification:_identify(src) by extension 'colcon_meta'
[0.775s] Level 1:colcon.colcon_core.package_identification:_identify(src) by extensions ['ros']
[0.775s] Level 1:colcon.colcon_core.package_identification:_identify(src) by extension 'ros'
[0.775s] Level 1:colcon.colcon_core.package_identification:_identify(src) by extensions ['cmake', 'python']
[0.775s] Level 1:colcon.colcon_core.package_identification:_identify(src) by extension 'cmake'
[0.775s] Level 1:colcon.colcon_core.package_identification:_identify(src) by extension 'python'
[0.775s] Level 1:colcon.colcon_core.package_identification:_identify(src) by extensions ['python_setup_py']
[0.775s] Level 1:colcon.colcon_core.package_identification:_identify(src) by extension 'python_setup_py'
[0.775s] Level 1:colcon.colcon_core.package_identification:_identify(src/IK_pkg) by extensions ['ignore', 'ignore_ament_install']
[0.775s] Level 1:colcon.colcon_core.package_identification:_identify(src/IK_pkg) by extension 'ignore'
[0.775s] Level 1:colcon.colcon_core.package_identification:_identify(src/IK_pkg) by extension 'ignore_ament_install'
[0.775s] Level 1:colcon.colcon_core.package_identification:_identify(src/IK_pkg) by extensions ['colcon_pkg']
[0.775s] Level 1:colcon.colcon_core.package_identification:_identify(src/IK_pkg) by extension 'colcon_pkg'
[0.775s] Level 1:colcon.colcon_core.package_identification:_identify(src/IK_pkg) by extensions ['colcon_meta']
[0.775s] Level 1:colcon.colcon_core.package_identification:_identify(src/IK_pkg) by extension 'colcon_meta'
[0.776s] Level 1:colcon.colcon_core.package_identification:_identify(src/IK_pkg) by extensions ['ros']
[0.776s] Level 1:colcon.colcon_core.package_identification:_identify(src/IK_pkg) by extension 'ros'
[0.779s] DEBUG:colcon.colcon_core.package_identification:Package 'src/IK_pkg' with type 'ros.ament_python' and name 'IK_pkg'
[0.779s] Level 1:colcon.colcon_core.package_identification:_identify(src/interfaces) by extensions ['ignore', 'ignore_ament_install']
[0.779s] Level 1:colcon.colcon_core.package_identification:_identify(src/interfaces) by extension 'ignore'
[0.779s] Level 1:colcon.colcon_core.package_identification:_identify(src/interfaces) by extension 'ignore_ament_install'
[0.780s] Level 1:colcon.colcon_core.package_identification:_identify(src/interfaces) by extensions ['colcon_pkg']
[0.780s] Level 1:colcon.colcon_core.package_identification:_identify(src/interfaces) by extension 'colcon_pkg'
[0.780s] Level 1:colcon.colcon_core.package_identification:_identify(src/interfaces) by extensions ['colcon_meta']
[0.780s] Level 1:colcon.colcon_core.package_identification:_identify(src/interfaces) by extension 'colcon_meta'
[0.780s] Level 1:colcon.colcon_core.package_identification:_identify(src/interfaces) by extensions ['ros']
[0.780s] Level 1:colcon.colcon_core.package_identification:_identify(src/interfaces) by extension 'ros'
[0.780s] DEBUG:colcon.colcon_core.package_identification:Package 'src/interfaces' with type 'ros.ament_cmake' and name 'interfaces'
[0.780s] Level 1:colcon.colcon_core.package_discovery:discover_packages(recursive) using defaults
[0.781s] Level 1:colcon.colcon_core.package_discovery:discover_packages(ignore) discover
[0.781s] Level 1:colcon.colcon_core.package_discovery:discover_packages(ignore) using defaults
[0.781s] Level 1:colcon.colcon_core.package_discovery:discover_packages(path) discover
[0.781s] Level 1:colcon.colcon_core.package_discovery:discover_packages(path) using defaults
[0.834s] INFO:colcon.colcon_core.package_selection:Skipping not selected package 'interfaces' in 'src/interfaces'
[0.835s] Level 1:colcon.colcon_core.package_discovery:discover_packages(prefix_path) check parameters
[0.835s] Level 1:colcon.colcon_core.package_discovery:discover_packages(prefix_path) discover
[0.898s] DEBUG:colcon.colcon_installed_package_information.package_discovery:Found 56 installed packages in /home/tumirk/ws_moveit/install
[0.899s] DEBUG:colcon.colcon_installed_package_information.package_discovery:Found 3 installed packages in /home/tumirk/robotis_ws/install
[0.908s] DEBUG:colcon.colcon_installed_package_information.package_discovery:Found 346 installed packages in /home/tumirk/ros2_humble/install
[0.910s] DEBUG:colcon.colcon_installed_package_information.package_discovery:Found 229 installed packages in /opt/ros/humble
[0.918s] Level 1:colcon.colcon_core.package_discovery:discover_packages(prefix_path) using defaults
[1.404s] Level 5:colcon.colcon_core.verb:set package 'IK_pkg' build argument 'cmake_args' from command line to 'None'
[1.404s] Level 5:colcon.colcon_core.verb:set package 'IK_pkg' build argument 'cmake_target' from command line to 'None'
[1.404s] Level 5:colcon.colcon_core.verb:set package 'IK_pkg' build argument 'cmake_target_skip_unavailable' from command line to 'False'
[1.404s] Level 5:colcon.colcon_core.verb:set package 'IK_pkg' build argument 'cmake_clean_cache' from command line to 'False'
[1.404s] Level 5:colcon.colcon_core.verb:set package 'IK_pkg' build argument 'cmake_clean_first' from command line to 'False'
[1.404s] Level 5:colcon.colcon_core.verb:set package 'IK_pkg' build argument 'cmake_force_configure' from command line to 'False'
[1.404s] Level 5:colcon.colcon_core.verb:set package 'IK_pkg' build argument 'ament_cmake_args' from command line to 'None'
[1.404s] Level 5:colcon.colcon_core.verb:set package 'IK_pkg' build argument 'catkin_cmake_args' from command line to 'None'
[1.404s] Level 5:colcon.colcon_core.verb:set package 'IK_pkg' build argument 'catkin_skip_building_tests' from command line to 'False'
[1.404s] DEBUG:colcon.colcon_core.verb:Building package 'IK_pkg' with the following arguments: {'ament_cmake_args': None, 'build_base': '/home/tumirk/thesis_ws/build/IK_pkg', 'catkin_cmake_args': None, 'catkin_skip_building_tests': False, 'cmake_args': None, 'cmake_clean_cache': False, 'cmake_clean_first': False, 'cmake_force_configure': False, 'cmake_target': None, 'cmake_target_skip_unavailable': False, 'install_base': '/home/tumirk/thesis_ws/install/IK_pkg', 'merge_install': False, 'path': '/home/tumirk/thesis_ws/src/IK_pkg', 'symlink_install': False, 'test_result_base': None}
[1.404s] INFO:colcon.colcon_core.executor:Executing jobs using 'parallel' executor
[1.405s] DEBUG:colcon.colcon_parallel_executor.executor.parallel:run_until_complete
[1.406s] INFO:colcon.colcon_ros.task.ament_python.build:Building ROS package in '/home/tumirk/thesis_ws/src/IK_pkg' with build type 'ament_python'
[1.406s] Level 1:colcon.colcon_core.shell:create_environment_hook('IK_pkg', 'ament_prefix_path')
[1.414s] INFO:colcon.colcon_core.plugin_system:Skipping extension 'colcon_core.shell.bat': Not used on non-Windows systems
[1.415s] INFO:colcon.colcon_core.shell:Creating environment hook '/home/tumirk/thesis_ws/install/IK_pkg/share/IK_pkg/hook/ament_prefix_path.ps1'
[1.416s] INFO:colcon.colcon_core.shell:Creating environment descriptor '/home/tumirk/thesis_ws/install/IK_pkg/share/IK_pkg/hook/ament_prefix_path.dsv'
[1.417s] INFO:colcon.colcon_core.shell:Creating environment hook '/home/tumirk/thesis_ws/install/IK_pkg/share/IK_pkg/hook/ament_prefix_path.sh'
[1.418s] INFO:colcon.colcon_core.shell:Skip shell extension 'powershell' for command environment: Not usable outside of PowerShell
[1.418s] DEBUG:colcon.colcon_core.shell:Skip shell extension 'dsv' for command environment
[2.021s] INFO:colcon.colcon_core.task.python.build:Building Python package in '/home/tumirk/thesis_ws/src/IK_pkg'
[2.021s] INFO:colcon.colcon_core.shell:Skip shell extension 'powershell' for command environment: Not usable outside of PowerShell
[2.021s] DEBUG:colcon.colcon_core.shell:Skip shell extension 'dsv' for command environment
[2.889s] DEBUG:colcon.colcon_core.event_handler.log_command:Invoking command in '/home/tumirk/thesis_ws/src/IK_pkg': AMENT_PREFIX_PATH=/home/tumirk/thesis_ws/install/interfaces:${AMENT_PREFIX_PATH} CMAKE_PREFIX_PATH=/home/tumirk/thesis_ws/install/interfaces:${CMAKE_PREFIX_PATH} LD_LIBRARY_PATH=/home/tumirk/thesis_ws/install/interfaces/lib:${LD_LIBRARY_PATH} PYTHONPATH=/home/tumirk/thesis_ws/build/IK_pkg/prefix_override:/usr/lib/python3/dist-packages/colcon_core/task/python/colcon_distutils_commands:/home/tumirk/thesis_ws/install/IK_pkg/lib/python3.10/site-packages:/home/tumirk/thesis_ws/install/interfaces/local/lib/python3.10/dist-packages:${PYTHONPATH} /usr/bin/python3 -W ignore:setup.py install is deprecated -W ignore:easy_install command is deprecated setup.py egg_info --egg-base ../../build/IK_pkg build --build-base /home/tumirk/thesis_ws/build/IK_pkg/build install --record /home/tumirk/thesis_ws/build/IK_pkg/install.log --single-version-externally-managed install_data
[3.519s] DEBUG:colcon.colcon_core.event_handler.log_command:Invoked command in '/home/tumirk/thesis_ws/src/IK_pkg' returned '0': AMENT_PREFIX_PATH=/home/tumirk/thesis_ws/install/interfaces:${AMENT_PREFIX_PATH} CMAKE_PREFIX_PATH=/home/tumirk/thesis_ws/install/interfaces:${CMAKE_PREFIX_PATH} LD_LIBRARY_PATH=/home/tumirk/thesis_ws/install/interfaces/lib:${LD_LIBRARY_PATH} PYTHONPATH=/home/tumirk/thesis_ws/build/IK_pkg/prefix_override:/usr/lib/python3/dist-packages/colcon_core/task/python/colcon_distutils_commands:/home/tumirk/thesis_ws/install/IK_pkg/lib/python3.10/site-packages:/home/tumirk/thesis_ws/install/interfaces/local/lib/python3.10/dist-packages:${PYTHONPATH} /usr/bin/python3 -W ignore:setup.py install is deprecated -W ignore:easy_install command is deprecated setup.py egg_info --egg-base ../../build/IK_pkg build --build-base /home/tumirk/thesis_ws/build/IK_pkg/build install --record /home/tumirk/thesis_ws/build/IK_pkg/install.log --single-version-externally-managed install_data
[3.529s] Level 1:colcon.colcon_core.environment:checking '/home/tumirk/thesis_ws/install/IK_pkg' for CMake module files
[3.529s] Level 1:colcon.colcon_core.environment:checking '/home/tumirk/thesis_ws/install/IK_pkg' for CMake config files
[3.530s] Level 1:colcon.colcon_core.environment:checking '/home/tumirk/thesis_ws/install/IK_pkg/lib'
[3.531s] Level 1:colcon.colcon_core.environment:checking '/home/tumirk/thesis_ws/install/IK_pkg/bin'
[3.531s] Level 1:colcon.colcon_core.environment:checking '/home/tumirk/thesis_ws/install/IK_pkg/lib/pkgconfig/IK_pkg.pc'
[3.531s] Level 1:colcon.colcon_core.environment:checking '/home/tumirk/thesis_ws/install/IK_pkg/lib/python3.10/site-packages'
[3.531s] Level 1:colcon.colcon_core.shell:create_environment_hook('IK_pkg', 'pythonpath')
[3.531s] INFO:colcon.colcon_core.shell:Creating environment hook '/home/tumirk/thesis_ws/install/IK_pkg/share/IK_pkg/hook/pythonpath.ps1'
[3.532s] INFO:colcon.colcon_core.shell:Creating environment descriptor '/home/tumirk/thesis_ws/install/IK_pkg/share/IK_pkg/hook/pythonpath.dsv'
[3.532s] INFO:colcon.colcon_core.shell:Creating environment hook '/home/tumirk/thesis_ws/install/IK_pkg/share/IK_pkg/hook/pythonpath.sh'
[3.533s] Level 1:colcon.colcon_core.environment:checking '/home/tumirk/thesis_ws/install/IK_pkg/bin'
[3.533s] Level 1:colcon.colcon_core.environment:create_environment_scripts_only(IK_pkg)
[3.533s] INFO:colcon.colcon_core.shell:Creating package script '/home/tumirk/thesis_ws/install/IK_pkg/share/IK_pkg/package.ps1'
[3.534s] INFO:colcon.colcon_core.shell:Creating package descriptor '/home/tumirk/thesis_ws/install/IK_pkg/share/IK_pkg/package.dsv'
[3.535s] INFO:colcon.colcon_core.shell:Creating package script '/home/tumirk/thesis_ws/install/IK_pkg/share/IK_pkg/package.sh'
[3.536s] INFO:colcon.colcon_core.shell:Creating package script '/home/tumirk/thesis_ws/install/IK_pkg/share/IK_pkg/package.bash'
[3.537s] INFO:colcon.colcon_core.shell:Creating package script '/home/tumirk/thesis_ws/install/IK_pkg/share/IK_pkg/package.zsh'
[3.538s] Level 1:colcon.colcon_core.environment:create_file_with_runtime_dependencies(/home/tumirk/thesis_ws/install/IK_pkg/share/colcon-core/packages/IK_pkg)
[3.538s] DEBUG:colcon.colcon_parallel_executor.executor.parallel:closing loop
[3.539s] DEBUG:colcon.colcon_parallel_executor.executor.parallel:loop closed
[3.539s] DEBUG:colcon.colcon_parallel_executor.executor.parallel:run_until_complete finished with '0'
[3.539s] DEBUG:colcon.colcon_core.event_reactor:joining thread
[3.559s] INFO:colcon.colcon_core.plugin_system:Skipping extension 'colcon_notification.desktop_notification.terminal_notifier': Not used on non-Darwin systems
[3.560s] INFO:colcon.colcon_core.plugin_system:Skipping extension 'colcon_notification.desktop_notification.win32': Not used on non-Windows systems
[3.560s] INFO:colcon.colcon_notification.desktop_notification:Sending desktop notification using 'notify2'
[3.571s] DEBUG:colcon.colcon_core.event_reactor:joined thread
[3.571s] INFO:colcon.colcon_core.shell:Creating prefix script '/home/tumirk/thesis_ws/install/local_setup.ps1'
[3.573s] INFO:colcon.colcon_core.shell:Creating prefix util module '/home/tumirk/thesis_ws/install/_local_setup_util_ps1.py'
[3.576s] INFO:colcon.colcon_core.shell:Creating prefix chain script '/home/tumirk/thesis_ws/install/setup.ps1'
[3.592s] INFO:colcon.colcon_core.shell:Creating prefix script '/home/tumirk/thesis_ws/install/local_setup.sh'
[3.593s] INFO:colcon.colcon_core.shell:Creating prefix util module '/home/tumirk/thesis_ws/install/_local_setup_util_sh.py'
[3.594s] INFO:colcon.colcon_core.shell:Creating prefix chain script '/home/tumirk/thesis_ws/install/setup.sh'
[3.609s] INFO:colcon.colcon_core.shell:Creating prefix script '/home/tumirk/thesis_ws/install/local_setup.bash'
[3.610s] INFO:colcon.colcon_core.shell:Creating prefix chain script '/home/tumirk/thesis_ws/install/setup.bash'
[3.624s] INFO:colcon.colcon_core.shell:Creating prefix script '/home/tumirk/thesis_ws/install/local_setup.zsh'
[3.625s] INFO:colcon.colcon_core.shell:Creating prefix chain script '/home/tumirk/thesis_ws/install/setup.zsh'
