[0.651s] DEBUG:colcon:Command line arguments: ['/usr/bin/colcon', 'build']
[0.652s] DEBUG:colcon:Parsed command line arguments: Namespace(log_base=None, log_level=None, verb_name='build', build_base='build', install_base='install', merge_install=False, symlink_install=False, test_result_base=None, continue_on_error=False, executor='parallel', parallel_workers=6, event_handlers=None, ignore_user_meta=False, metas=['./colcon.meta'], base_paths=['.'], packages_ignore=None, packages_ignore_regex=None, paths=None, packages_up_to=None, packages_up_to_regex=None, packages_above=None, packages_above_and_dependencies=None, packages_above_depth=None, packages_select_by_dep=None, packages_skip_by_dep=None, packages_skip_up_to=None, packages_select_build_failed=False, packages_skip_build_finished=False, packages_select_test_failures=False, packages_skip_test_passed=False, packages_select=None, packages_skip=None, packages_select_regex=None, packages_skip_regex=None, packages_start=None, packages_end=None, allow_overriding=[], cmake_args=None, cmake_target=None, cmake_target_skip_unavailable=False, cmake_clean_cache=False, cmake_clean_first=False, cmake_force_configure=False, ament_cmake_args=None, catkin_cmake_args=None, catkin_skip_building_tests=False, mixin_files=None, mixin=None, verb_parser=<colcon_mixin.mixin.mixin_argument.MixinArgumentDecorator object at 0x7133651d0490>, verb_extension=<colcon_core.verb.build.BuildVerb object at 0x7133652d1390>, main=<bound method BuildVerb.main of <colcon_core.verb.build.BuildVerb object at 0x7133652d1390>>, mixin_verb=('build',))
[1.319s] Level 1:colcon.colcon_core.package_discovery:discover_packages(colcon_meta) check parameters
[1.320s] Level 1:colcon.colcon_core.package_discovery:discover_packages(recursive) check parameters
[1.320s] Level 1:colcon.colcon_core.package_discovery:discover_packages(ignore) check parameters
[1.320s] Level 1:colcon.colcon_core.package_discovery:discover_packages(path) check parameters
[1.320s] Level 1:colcon.colcon_core.package_discovery:discover_packages(colcon_meta) discover
[1.320s] Level 1:colcon.colcon_core.package_discovery:discover_packages(recursive) discover
[1.320s] INFO:colcon.colcon_core.package_discovery:Crawling recursively for packages in '/home/tumirk/thesis_ws'
[1.320s] Level 1:colcon.colcon_core.package_identification:_identify(.) by extensions ['ignore', 'ignore_ament_install']
[1.320s] Level 1:colcon.colcon_core.package_identification:_identify(.) by extension 'ignore'
[1.321s] Level 1:colcon.colcon_core.package_identification:_identify(.) by extension 'ignore_ament_install'
[1.321s] Level 1:colcon.colcon_core.package_identification:_identify(.) by extensions ['colcon_pkg']
[1.321s] Level 1:colcon.colcon_core.package_identification:_identify(.) by extension 'colcon_pkg'
[1.321s] Level 1:colcon.colcon_core.package_identification:_identify(.) by extensions ['colcon_meta']
[1.321s] Level 1:colcon.colcon_core.package_identification:_identify(.) by extension 'colcon_meta'
[1.321s] Level 1:colcon.colcon_core.package_identification:_identify(.) by extensions ['ros']
[1.321s] Level 1:colcon.colcon_core.package_identification:_identify(.) by extension 'ros'
[1.343s] Level 1:colcon.colcon_core.package_identification:_identify(.) by extensions ['cmake', 'python']
[1.343s] Level 1:colcon.colcon_core.package_identification:_identify(.) by extension 'cmake'
[1.343s] Level 1:colcon.colcon_core.package_identification:_identify(.) by extension 'python'
[1.343s] Level 1:colcon.colcon_core.package_identification:_identify(.) by extensions ['python_setup_py']
[1.343s] Level 1:colcon.colcon_core.package_identification:_identify(.) by extension 'python_setup_py'
[1.343s] Level 1:colcon.colcon_core.package_identification:_identify(build) by extensions ['ignore', 'ignore_ament_install']
[1.343s] Level 1:colcon.colcon_core.package_identification:_identify(build) by extension 'ignore'
[1.343s] Level 1:colcon.colcon_core.package_identification:_identify(build) ignored
[1.343s] Level 1:colcon.colcon_core.package_identification:_identify(install) by extensions ['ignore', 'ignore_ament_install']
[1.344s] Level 1:colcon.colcon_core.package_identification:_identify(install) by extension 'ignore'
[1.344s] Level 1:colcon.colcon_core.package_identification:_identify(install) ignored
[1.344s] Level 1:colcon.colcon_core.package_identification:_identify(log) by extensions ['ignore', 'ignore_ament_install']
[1.344s] Level 1:colcon.colcon_core.package_identification:_identify(log) by extension 'ignore'
[1.344s] Level 1:colcon.colcon_core.package_identification:_identify(log) ignored
[1.344s] Level 1:colcon.colcon_core.package_identification:_identify(src) by extensions ['ignore', 'ignore_ament_install']
[1.344s] Level 1:colcon.colcon_core.package_identification:_identify(src) by extension 'ignore'
[1.344s] Level 1:colcon.colcon_core.package_identification:_identify(src) by extension 'ignore_ament_install'
[1.345s] Level 1:colcon.colcon_core.package_identification:_identify(src) by extensions ['colcon_pkg']
[1.345s] Level 1:colcon.colcon_core.package_identification:_identify(src) by extension 'colcon_pkg'
[1.345s] Level 1:colcon.colcon_core.package_identification:_identify(src) by extensions ['colcon_meta']
[1.345s] Level 1:colcon.colcon_core.package_identification:_identify(src) by extension 'colcon_meta'
[1.345s] Level 1:colcon.colcon_core.package_identification:_identify(src) by extensions ['ros']
[1.345s] Level 1:colcon.colcon_core.package_identification:_identify(src) by extension 'ros'
[1.345s] Level 1:colcon.colcon_core.package_identification:_identify(src) by extensions ['cmake', 'python']
[1.345s] Level 1:colcon.colcon_core.package_identification:_identify(src) by extension 'cmake'
[1.346s] Level 1:colcon.colcon_core.package_identification:_identify(src) by extension 'python'
[1.346s] Level 1:colcon.colcon_core.package_identification:_identify(src) by extensions ['python_setup_py']
[1.346s] Level 1:colcon.colcon_core.package_identification:_identify(src) by extension 'python_setup_py'
[1.347s] Level 1:colcon.colcon_core.package_identification:_identify(src/IK_pkg) by extensions ['ignore', 'ignore_ament_install']
[1.347s] Level 1:colcon.colcon_core.package_identification:_identify(src/IK_pkg) by extension 'ignore'
[1.347s] Level 1:colcon.colcon_core.package_identification:_identify(src/IK_pkg) by extension 'ignore_ament_install'
[1.347s] Level 1:colcon.colcon_core.package_identification:_identify(src/IK_pkg) by extensions ['colcon_pkg']
[1.347s] Level 1:colcon.colcon_core.package_identification:_identify(src/IK_pkg) by extension 'colcon_pkg'
[1.347s] Level 1:colcon.colcon_core.package_identification:_identify(src/IK_pkg) by extensions ['colcon_meta']
[1.347s] Level 1:colcon.colcon_core.package_identification:_identify(src/IK_pkg) by extension 'colcon_meta'
[1.347s] Level 1:colcon.colcon_core.package_identification:_identify(src/IK_pkg) by extensions ['ros']
[1.347s] Level 1:colcon.colcon_core.package_identification:_identify(src/IK_pkg) by extension 'ros'
[1.354s] DEBUG:colcon.colcon_core.package_identification:Package 'src/IK_pkg' with type 'ros.ament_python' and name 'IK_pkg'
[1.354s] Level 1:colcon.colcon_core.package_identification:_identify(src/interfaces) by extensions ['ignore', 'ignore_ament_install']
[1.354s] Level 1:colcon.colcon_core.package_identification:_identify(src/interfaces) by extension 'ignore'
[1.354s] Level 1:colcon.colcon_core.package_identification:_identify(src/interfaces) by extension 'ignore_ament_install'
[1.354s] Level 1:colcon.colcon_core.package_identification:_identify(src/interfaces) by extensions ['colcon_pkg']
[1.354s] Level 1:colcon.colcon_core.package_identification:_identify(src/interfaces) by extension 'colcon_pkg'
[1.355s] Level 1:colcon.colcon_core.package_identification:_identify(src/interfaces) by extensions ['colcon_meta']
[1.355s] Level 1:colcon.colcon_core.package_identification:_identify(src/interfaces) by extension 'colcon_meta'
[1.355s] Level 1:colcon.colcon_core.package_identification:_identify(src/interfaces) by extensions ['ros']
[1.355s] Level 1:colcon.colcon_core.package_identification:_identify(src/interfaces) by extension 'ros'
[1.356s] DEBUG:colcon.colcon_core.package_identification:Package 'src/interfaces' with type 'ros.ament_cmake' and name 'interfaces'
[1.358s] Level 1:colcon.colcon_core.package_discovery:discover_packages(recursive) using defaults
[1.358s] Level 1:colcon.colcon_core.package_discovery:discover_packages(ignore) discover
[1.358s] Level 1:colcon.colcon_core.package_discovery:discover_packages(ignore) using defaults
[1.358s] Level 1:colcon.colcon_core.package_discovery:discover_packages(path) discover
[1.358s] Level 1:colcon.colcon_core.package_discovery:discover_packages(path) using defaults
[1.444s] Level 1:colcon.colcon_core.package_discovery:discover_packages(prefix_path) check parameters
[1.444s] Level 1:colcon.colcon_core.package_discovery:discover_packages(prefix_path) discover
[1.587s] DEBUG:colcon.colcon_installed_package_information.package_discovery:Found 2 installed packages in /home/tumirk/thesis_ws/install
[1.591s] DEBUG:colcon.colcon_installed_package_information.package_discovery:Found 56 installed packages in /home/tumirk/ws_moveit/install
[1.610s] DEBUG:colcon.colcon_installed_package_information.package_discovery:Found 346 installed packages in /home/tumirk/ros2_humble/install
[1.616s] DEBUG:colcon.colcon_installed_package_information.package_discovery:Found 230 installed packages in /opt/ros/humble
[1.632s] Level 1:colcon.colcon_core.package_discovery:discover_packages(prefix_path) using defaults
[3.672s] Level 5:colcon.colcon_core.verb:set package 'interfaces' build argument 'cmake_args' from command line to 'None'
[3.673s] Level 5:colcon.colcon_core.verb:set package 'interfaces' build argument 'cmake_target' from command line to 'None'
[3.673s] Level 5:colcon.colcon_core.verb:set package 'interfaces' build argument 'cmake_target_skip_unavailable' from command line to 'False'
[3.673s] Level 5:colcon.colcon_core.verb:set package 'interfaces' build argument 'cmake_clean_cache' from command line to 'False'
[3.673s] Level 5:colcon.colcon_core.verb:set package 'interfaces' build argument 'cmake_clean_first' from command line to 'False'
[3.673s] Level 5:colcon.colcon_core.verb:set package 'interfaces' build argument 'cmake_force_configure' from command line to 'False'
[3.673s] Level 5:colcon.colcon_core.verb:set package 'interfaces' build argument 'ament_cmake_args' from command line to 'None'
[3.673s] Level 5:colcon.colcon_core.verb:set package 'interfaces' build argument 'catkin_cmake_args' from command line to 'None'
[3.673s] Level 5:colcon.colcon_core.verb:set package 'interfaces' build argument 'catkin_skip_building_tests' from command line to 'False'
[3.674s] DEBUG:colcon.colcon_core.verb:Building package 'interfaces' with the following arguments: {'ament_cmake_args': None, 'build_base': '/home/tumirk/thesis_ws/build/interfaces', 'catkin_cmake_args': None, 'catkin_skip_building_tests': False, 'cmake_args': None, 'cmake_clean_cache': False, 'cmake_clean_first': False, 'cmake_force_configure': False, 'cmake_target': None, 'cmake_target_skip_unavailable': False, 'install_base': '/home/tumirk/thesis_ws/install/interfaces', 'merge_install': False, 'path': '/home/tumirk/thesis_ws/src/interfaces', 'symlink_install': False, 'test_result_base': None}
[3.675s] Level 5:colcon.colcon_core.verb:set package 'IK_pkg' build argument 'cmake_args' from command line to 'None'
[3.676s] Level 5:colcon.colcon_core.verb:set package 'IK_pkg' build argument 'cmake_target' from command line to 'None'
[3.676s] Level 5:colcon.colcon_core.verb:set package 'IK_pkg' build argument 'cmake_target_skip_unavailable' from command line to 'False'
[3.676s] Level 5:colcon.colcon_core.verb:set package 'IK_pkg' build argument 'cmake_clean_cache' from command line to 'False'
[3.676s] Level 5:colcon.colcon_core.verb:set package 'IK_pkg' build argument 'cmake_clean_first' from command line to 'False'
[3.676s] Level 5:colcon.colcon_core.verb:set package 'IK_pkg' build argument 'cmake_force_configure' from command line to 'False'
[3.676s] Level 5:colcon.colcon_core.verb:set package 'IK_pkg' build argument 'ament_cmake_args' from command line to 'None'
[3.676s] Level 5:colcon.colcon_core.verb:set package 'IK_pkg' build argument 'catkin_cmake_args' from command line to 'None'
[3.676s] Level 5:colcon.colcon_core.verb:set package 'IK_pkg' build argument 'catkin_skip_building_tests' from command line to 'False'
[3.676s] DEBUG:colcon.colcon_core.verb:Building package 'IK_pkg' with the following arguments: {'ament_cmake_args': None, 'build_base': '/home/tumirk/thesis_ws/build/IK_pkg', 'catkin_cmake_args': None, 'catkin_skip_building_tests': False, 'cmake_args': None, 'cmake_clean_cache': False, 'cmake_clean_first': False, 'cmake_force_configure': False, 'cmake_target': None, 'cmake_target_skip_unavailable': False, 'install_base': '/home/tumirk/thesis_ws/install/IK_pkg', 'merge_install': False, 'path': '/home/tumirk/thesis_ws/src/IK_pkg', 'symlink_install': False, 'test_result_base': None}
[3.676s] INFO:colcon.colcon_core.executor:Executing jobs using 'parallel' executor
[3.678s] DEBUG:colcon.colcon_parallel_executor.executor.parallel:run_until_complete
[3.678s] INFO:colcon.colcon_ros.task.ament_cmake.build:Building ROS package in '/home/tumirk/thesis_ws/src/interfaces' with build type 'ament_cmake'
[3.679s] INFO:colcon.colcon_cmake.task.cmake.build:Building CMake package in '/home/tumirk/thesis_ws/src/interfaces'
[3.707s] INFO:colcon.colcon_core.plugin_system:Skipping extension 'colcon_core.shell.bat': Not used on non-Windows systems
[3.708s] INFO:colcon.colcon_core.shell:Skip shell extension 'powershell' for command environment: Not usable outside of PowerShell
[3.708s] DEBUG:colcon.colcon_core.shell:Skip shell extension 'dsv' for command environment
[3.785s] DEBUG:colcon.colcon_core.event_handler.log_command:Invoking command in '/home/tumirk/thesis_ws/build/interfaces': CMAKE_PREFIX_PATH=${CMAKE_PREFIX_PATH}:/home/tumirk/thesis_ws/install/IK_pkg:/home/tumirk/ws_moveit/install/moveit_configs_utils:/home/tumirk/ws_moveit/install/launch_param_builder:/opt/ros/humble:/home/tumirk/ros2_humble/install/rqt_bag_plugins:/home/tumirk/ros2_humble/install/rqt_bag:/home/tumirk/ros2_humble/install/launch_testing_examples:/home/tumirk/ros2_humble/install/ros2bag:/home/tumirk/ros2_humble/install/tracetools_test:/home/tumirk/ros2_humble/install/tracetools_launch:/home/tumirk/ros2_humble/install/topic_monitor:/home/tumirk/ros2_humble/install/tf2_tools:/home/tumirk/ros2_humble/install/examples_tf2_py:/home/tumirk/ros2_humble/install/tf2_ros_py:/home/tumirk/ros2_humble/install/sros2:/home/tumirk/ros2_humble/install/rqt_topic:/home/tumirk/ros2_humble/install/rqt_srv:/home/tumirk/ros2_humble/install/rqt_shell:/home/tumirk/ros2_humble/install/rqt_service_caller:/home/tumirk/ros2_humble/install/rqt_reconfigure:/home/tumirk/ros2_humble/install/rqt_py_console:/home/tumirk/ros2_humble/install/rqt_publisher:/home/tumirk/ros2_humble/install/rqt_plot:/home/tumirk/ros2_humble/install/rqt_action:/home/tumirk/ros2_humble/install/rqt_msg:/home/tumirk/ros2_humble/install/rqt_console:/home/tumirk/ros2_humble/install/rqt:/home/tumirk/ros2_humble/install/rqt_graph:/home/tumirk/ros2_humble/install/rqt_gui_py:/home/tumirk/ros2_humble/install/rqt_gui:/home/tumirk/ros2_humble/install/ros2trace:/home/tumirk/ros2_humble/install/ros2topic:/home/tumirk/ros2_humble/install/ros2test:/home/tumirk/ros2_humble/install/ros2component:/home/tumirk/ros2_humble/install/ros2param:/home/tumirk/ros2_humble/install/ros2lifecycle:/home/tumirk/ros2_humble/install/ros2service:/home/tumirk/ros2_humble/install/ros2run:/home/tumirk/ros2_humble/install/ros2launch:/home/tumirk/ros2_humble/install/ros2pkg:/home/tumirk/ros2_humble/install/ros2node:/home/tumirk/ros2_humble/install/ros2multicast:/home/tumirk/ros2_humble/install/ros2interface:/home/tumirk/ros2_humble/install/ros2doctor:/home/tumirk/ros2_humble/install/ros2action:/home/tumirk/ros2_humble/install/ros2cli:/home/tumirk/ros2_humble/install/quality_of_service_demo_py:/home/tumirk/ros2_humble/install/lifecycle_py:/home/tumirk/ros2_humble/install/launch_testing_ros:/home/tumirk/ros2_humble/install/launch_ros:/home/tumirk/ros2_humble/install/examples_rclpy_pointcloud_publisher:/home/tumirk/ros2_humble/install/examples_rclpy_minimal_subscriber:/home/tumirk/ros2_humble/install/examples_rclpy_minimal_service:/home/tumirk/ros2_humble/install/examples_rclpy_minimal_publisher:/home/tumirk/ros2_humble/install/examples_rclpy_minimal_client:/home/tumirk/ros2_humble/install/examples_rclpy_minimal_action_server:/home/tumirk/ros2_humble/install/examples_rclpy_minimal_action_client:/home/tumirk/ros2_humble/install/examples_rclpy_guard_conditions:/home/tumirk/ros2_humble/install/examples_rclpy_executors:/home/tumirk/ros2_humble/install/demo_nodes_py:/home/tumirk/ros2_humble/install/camera_info_manager_py:/home/tumirk/ros2_humble/install/action_tutorials_py:/home/tumirk/ros2_humble/install/ament_uncrustify:/home/tumirk/ros2_humble/install/tracetools_trace:/home/tumirk/ros2_humble/install/tracetools_read:/home/tumirk/ros2_humble/install/test_tracetools_launch:/home/tumirk/ros2_humble/install/test_launch_ros:/home/tumirk/ros2_humble/install/sensor_msgs_py:/home/tumirk/ros2_humble/install/rpyutils:/home/tumirk/ros2_humble/install/rosidl_runtime_py:/home/tumirk/ros2_humble/install/rosidl_cli:/home/tumirk/ros2_humble/install/launch_pytest:/home/tumirk/ros2_humble/install/launch_testing:/home/tumirk/ros2_humble/install/launch_yaml:/home/tumirk/ros2_humble/install/launch_xml:/home/tumirk/ros2_humble/install/launch:/home/tumirk/ros2_humble/install/osrf_pycommon:/home/tumirk/ros2_humble/install/domain_coordinator:/home/tumirk/ros2_humble/install/ament_xmllint:/home/tumirk/ros2_humble/install/ament_pyflakes:/home/tumirk/ros2_humble/install/ament_pycodestyle:/home/tumirk/ros2_humble/install/ament_pep257:/home/tumirk/ros2_humble/install/ament_pclint:/home/tumirk/ros2_humble/install/ament_package:/home/tumirk/ros2_humble/install/ament_mypy:/home/tumirk/ros2_humble/install/ament_lint_cmake:/home/tumirk/ros2_humble/install/ament_flake8:/home/tumirk/ros2_humble/install/ament_copyright:/home/tumirk/ros2_humble/install/ament_lint:/home/tumirk/ros2_humble/install/ament_index_python:/home/tumirk/ros2_humble/install/ament_cpplint:/home/tumirk/ros2_humble/install/ament_cppcheck:/home/tumirk/ros2_humble/install/ament_clang_tidy:/home/tumirk/ros2_humble/install/ament_clang_format /usr/bin/cmake --build /home/tumirk/thesis_ws/build/interfaces -- -j6 -l6
[6.796s] DEBUG:colcon.colcon_core.event_handler.log_command:Invoked command in '/home/tumirk/thesis_ws/build/interfaces' returned '0': CMAKE_PREFIX_PATH=${CMAKE_PREFIX_PATH}:/home/tumirk/thesis_ws/install/IK_pkg:/home/tumirk/ws_moveit/install/moveit_configs_utils:/home/tumirk/ws_moveit/install/launch_param_builder:/opt/ros/humble:/home/tumirk/ros2_humble/install/rqt_bag_plugins:/home/tumirk/ros2_humble/install/rqt_bag:/home/tumirk/ros2_humble/install/launch_testing_examples:/home/tumirk/ros2_humble/install/ros2bag:/home/tumirk/ros2_humble/install/tracetools_test:/home/tumirk/ros2_humble/install/tracetools_launch:/home/tumirk/ros2_humble/install/topic_monitor:/home/tumirk/ros2_humble/install/tf2_tools:/home/tumirk/ros2_humble/install/examples_tf2_py:/home/tumirk/ros2_humble/install/tf2_ros_py:/home/tumirk/ros2_humble/install/sros2:/home/tumirk/ros2_humble/install/rqt_topic:/home/tumirk/ros2_humble/install/rqt_srv:/home/tumirk/ros2_humble/install/rqt_shell:/home/tumirk/ros2_humble/install/rqt_service_caller:/home/tumirk/ros2_humble/install/rqt_reconfigure:/home/tumirk/ros2_humble/install/rqt_py_console:/home/tumirk/ros2_humble/install/rqt_publisher:/home/tumirk/ros2_humble/install/rqt_plot:/home/tumirk/ros2_humble/install/rqt_action:/home/tumirk/ros2_humble/install/rqt_msg:/home/tumirk/ros2_humble/install/rqt_console:/home/tumirk/ros2_humble/install/rqt:/home/tumirk/ros2_humble/install/rqt_graph:/home/tumirk/ros2_humble/install/rqt_gui_py:/home/tumirk/ros2_humble/install/rqt_gui:/home/tumirk/ros2_humble/install/ros2trace:/home/tumirk/ros2_humble/install/ros2topic:/home/tumirk/ros2_humble/install/ros2test:/home/tumirk/ros2_humble/install/ros2component:/home/tumirk/ros2_humble/install/ros2param:/home/tumirk/ros2_humble/install/ros2lifecycle:/home/tumirk/ros2_humble/install/ros2service:/home/tumirk/ros2_humble/install/ros2run:/home/tumirk/ros2_humble/install/ros2launch:/home/tumirk/ros2_humble/install/ros2pkg:/home/tumirk/ros2_humble/install/ros2node:/home/tumirk/ros2_humble/install/ros2multicast:/home/tumirk/ros2_humble/install/ros2interface:/home/tumirk/ros2_humble/install/ros2doctor:/home/tumirk/ros2_humble/install/ros2action:/home/tumirk/ros2_humble/install/ros2cli:/home/tumirk/ros2_humble/install/quality_of_service_demo_py:/home/tumirk/ros2_humble/install/lifecycle_py:/home/tumirk/ros2_humble/install/launch_testing_ros:/home/tumirk/ros2_humble/install/launch_ros:/home/tumirk/ros2_humble/install/examples_rclpy_pointcloud_publisher:/home/tumirk/ros2_humble/install/examples_rclpy_minimal_subscriber:/home/tumirk/ros2_humble/install/examples_rclpy_minimal_service:/home/tumirk/ros2_humble/install/examples_rclpy_minimal_publisher:/home/tumirk/ros2_humble/install/examples_rclpy_minimal_client:/home/tumirk/ros2_humble/install/examples_rclpy_minimal_action_server:/home/tumirk/ros2_humble/install/examples_rclpy_minimal_action_client:/home/tumirk/ros2_humble/install/examples_rclpy_guard_conditions:/home/tumirk/ros2_humble/install/examples_rclpy_executors:/home/tumirk/ros2_humble/install/demo_nodes_py:/home/tumirk/ros2_humble/install/camera_info_manager_py:/home/tumirk/ros2_humble/install/action_tutorials_py:/home/tumirk/ros2_humble/install/ament_uncrustify:/home/tumirk/ros2_humble/install/tracetools_trace:/home/tumirk/ros2_humble/install/tracetools_read:/home/tumirk/ros2_humble/install/test_tracetools_launch:/home/tumirk/ros2_humble/install/test_launch_ros:/home/tumirk/ros2_humble/install/sensor_msgs_py:/home/tumirk/ros2_humble/install/rpyutils:/home/tumirk/ros2_humble/install/rosidl_runtime_py:/home/tumirk/ros2_humble/install/rosidl_cli:/home/tumirk/ros2_humble/install/launch_pytest:/home/tumirk/ros2_humble/install/launch_testing:/home/tumirk/ros2_humble/install/launch_yaml:/home/tumirk/ros2_humble/install/launch_xml:/home/tumirk/ros2_humble/install/launch:/home/tumirk/ros2_humble/install/osrf_pycommon:/home/tumirk/ros2_humble/install/domain_coordinator:/home/tumirk/ros2_humble/install/ament_xmllint:/home/tumirk/ros2_humble/install/ament_pyflakes:/home/tumirk/ros2_humble/install/ament_pycodestyle:/home/tumirk/ros2_humble/install/ament_pep257:/home/tumirk/ros2_humble/install/ament_pclint:/home/tumirk/ros2_humble/install/ament_package:/home/tumirk/ros2_humble/install/ament_mypy:/home/tumirk/ros2_humble/install/ament_lint_cmake:/home/tumirk/ros2_humble/install/ament_flake8:/home/tumirk/ros2_humble/install/ament_copyright:/home/tumirk/ros2_humble/install/ament_lint:/home/tumirk/ros2_humble/install/ament_index_python:/home/tumirk/ros2_humble/install/ament_cpplint:/home/tumirk/ros2_humble/install/ament_cppcheck:/home/tumirk/ros2_humble/install/ament_clang_tidy:/home/tumirk/ros2_humble/install/ament_clang_format /usr/bin/cmake --build /home/tumirk/thesis_ws/build/interfaces -- -j6 -l6
[6.831s] DEBUG:colcon.colcon_core.event_handler.log_command:Invoking command in '/home/tumirk/thesis_ws/build/interfaces': CMAKE_PREFIX_PATH=${CMAKE_PREFIX_PATH}:/home/tumirk/thesis_ws/install/IK_pkg:/home/tumirk/ws_moveit/install/moveit_configs_utils:/home/tumirk/ws_moveit/install/launch_param_builder:/opt/ros/humble:/home/tumirk/ros2_humble/install/rqt_bag_plugins:/home/tumirk/ros2_humble/install/rqt_bag:/home/tumirk/ros2_humble/install/launch_testing_examples:/home/tumirk/ros2_humble/install/ros2bag:/home/tumirk/ros2_humble/install/tracetools_test:/home/tumirk/ros2_humble/install/tracetools_launch:/home/tumirk/ros2_humble/install/topic_monitor:/home/tumirk/ros2_humble/install/tf2_tools:/home/tumirk/ros2_humble/install/examples_tf2_py:/home/tumirk/ros2_humble/install/tf2_ros_py:/home/tumirk/ros2_humble/install/sros2:/home/tumirk/ros2_humble/install/rqt_topic:/home/tumirk/ros2_humble/install/rqt_srv:/home/tumirk/ros2_humble/install/rqt_shell:/home/tumirk/ros2_humble/install/rqt_service_caller:/home/tumirk/ros2_humble/install/rqt_reconfigure:/home/tumirk/ros2_humble/install/rqt_py_console:/home/tumirk/ros2_humble/install/rqt_publisher:/home/tumirk/ros2_humble/install/rqt_plot:/home/tumirk/ros2_humble/install/rqt_action:/home/tumirk/ros2_humble/install/rqt_msg:/home/tumirk/ros2_humble/install/rqt_console:/home/tumirk/ros2_humble/install/rqt:/home/tumirk/ros2_humble/install/rqt_graph:/home/tumirk/ros2_humble/install/rqt_gui_py:/home/tumirk/ros2_humble/install/rqt_gui:/home/tumirk/ros2_humble/install/ros2trace:/home/tumirk/ros2_humble/install/ros2topic:/home/tumirk/ros2_humble/install/ros2test:/home/tumirk/ros2_humble/install/ros2component:/home/tumirk/ros2_humble/install/ros2param:/home/tumirk/ros2_humble/install/ros2lifecycle:/home/tumirk/ros2_humble/install/ros2service:/home/tumirk/ros2_humble/install/ros2run:/home/tumirk/ros2_humble/install/ros2launch:/home/tumirk/ros2_humble/install/ros2pkg:/home/tumirk/ros2_humble/install/ros2node:/home/tumirk/ros2_humble/install/ros2multicast:/home/tumirk/ros2_humble/install/ros2interface:/home/tumirk/ros2_humble/install/ros2doctor:/home/tumirk/ros2_humble/install/ros2action:/home/tumirk/ros2_humble/install/ros2cli:/home/tumirk/ros2_humble/install/quality_of_service_demo_py:/home/tumirk/ros2_humble/install/lifecycle_py:/home/tumirk/ros2_humble/install/launch_testing_ros:/home/tumirk/ros2_humble/install/launch_ros:/home/tumirk/ros2_humble/install/examples_rclpy_pointcloud_publisher:/home/tumirk/ros2_humble/install/examples_rclpy_minimal_subscriber:/home/tumirk/ros2_humble/install/examples_rclpy_minimal_service:/home/tumirk/ros2_humble/install/examples_rclpy_minimal_publisher:/home/tumirk/ros2_humble/install/examples_rclpy_minimal_client:/home/tumirk/ros2_humble/install/examples_rclpy_minimal_action_server:/home/tumirk/ros2_humble/install/examples_rclpy_minimal_action_client:/home/tumirk/ros2_humble/install/examples_rclpy_guard_conditions:/home/tumirk/ros2_humble/install/examples_rclpy_executors:/home/tumirk/ros2_humble/install/demo_nodes_py:/home/tumirk/ros2_humble/install/camera_info_manager_py:/home/tumirk/ros2_humble/install/action_tutorials_py:/home/tumirk/ros2_humble/install/ament_uncrustify:/home/tumirk/ros2_humble/install/tracetools_trace:/home/tumirk/ros2_humble/install/tracetools_read:/home/tumirk/ros2_humble/install/test_tracetools_launch:/home/tumirk/ros2_humble/install/test_launch_ros:/home/tumirk/ros2_humble/install/sensor_msgs_py:/home/tumirk/ros2_humble/install/rpyutils:/home/tumirk/ros2_humble/install/rosidl_runtime_py:/home/tumirk/ros2_humble/install/rosidl_cli:/home/tumirk/ros2_humble/install/launch_pytest:/home/tumirk/ros2_humble/install/launch_testing:/home/tumirk/ros2_humble/install/launch_yaml:/home/tumirk/ros2_humble/install/launch_xml:/home/tumirk/ros2_humble/install/launch:/home/tumirk/ros2_humble/install/osrf_pycommon:/home/tumirk/ros2_humble/install/domain_coordinator:/home/tumirk/ros2_humble/install/ament_xmllint:/home/tumirk/ros2_humble/install/ament_pyflakes:/home/tumirk/ros2_humble/install/ament_pycodestyle:/home/tumirk/ros2_humble/install/ament_pep257:/home/tumirk/ros2_humble/install/ament_pclint:/home/tumirk/ros2_humble/install/ament_package:/home/tumirk/ros2_humble/install/ament_mypy:/home/tumirk/ros2_humble/install/ament_lint_cmake:/home/tumirk/ros2_humble/install/ament_flake8:/home/tumirk/ros2_humble/install/ament_copyright:/home/tumirk/ros2_humble/install/ament_lint:/home/tumirk/ros2_humble/install/ament_index_python:/home/tumirk/ros2_humble/install/ament_cpplint:/home/tumirk/ros2_humble/install/ament_cppcheck:/home/tumirk/ros2_humble/install/ament_clang_tidy:/home/tumirk/ros2_humble/install/ament_clang_format /usr/bin/cmake --install /home/tumirk/thesis_ws/build/interfaces
[7.336s] Level 1:colcon.colcon_core.environment:create_environment_scripts_only(interfaces)
[7.341s] DEBUG:colcon.colcon_core.event_handler.log_command:Invoked command in '/home/tumirk/thesis_ws/build/interfaces' returned '0': CMAKE_PREFIX_PATH=${CMAKE_PREFIX_PATH}:/home/tumirk/thesis_ws/install/IK_pkg:/home/tumirk/ws_moveit/install/moveit_configs_utils:/home/tumirk/ws_moveit/install/launch_param_builder:/opt/ros/humble:/home/tumirk/ros2_humble/install/rqt_bag_plugins:/home/tumirk/ros2_humble/install/rqt_bag:/home/tumirk/ros2_humble/install/launch_testing_examples:/home/tumirk/ros2_humble/install/ros2bag:/home/tumirk/ros2_humble/install/tracetools_test:/home/tumirk/ros2_humble/install/tracetools_launch:/home/tumirk/ros2_humble/install/topic_monitor:/home/tumirk/ros2_humble/install/tf2_tools:/home/tumirk/ros2_humble/install/examples_tf2_py:/home/tumirk/ros2_humble/install/tf2_ros_py:/home/tumirk/ros2_humble/install/sros2:/home/tumirk/ros2_humble/install/rqt_topic:/home/tumirk/ros2_humble/install/rqt_srv:/home/tumirk/ros2_humble/install/rqt_shell:/home/tumirk/ros2_humble/install/rqt_service_caller:/home/tumirk/ros2_humble/install/rqt_reconfigure:/home/tumirk/ros2_humble/install/rqt_py_console:/home/tumirk/ros2_humble/install/rqt_publisher:/home/tumirk/ros2_humble/install/rqt_plot:/home/tumirk/ros2_humble/install/rqt_action:/home/tumirk/ros2_humble/install/rqt_msg:/home/tumirk/ros2_humble/install/rqt_console:/home/tumirk/ros2_humble/install/rqt:/home/tumirk/ros2_humble/install/rqt_graph:/home/tumirk/ros2_humble/install/rqt_gui_py:/home/tumirk/ros2_humble/install/rqt_gui:/home/tumirk/ros2_humble/install/ros2trace:/home/tumirk/ros2_humble/install/ros2topic:/home/tumirk/ros2_humble/install/ros2test:/home/tumirk/ros2_humble/install/ros2component:/home/tumirk/ros2_humble/install/ros2param:/home/tumirk/ros2_humble/install/ros2lifecycle:/home/tumirk/ros2_humble/install/ros2service:/home/tumirk/ros2_humble/install/ros2run:/home/tumirk/ros2_humble/install/ros2launch:/home/tumirk/ros2_humble/install/ros2pkg:/home/tumirk/ros2_humble/install/ros2node:/home/tumirk/ros2_humble/install/ros2multicast:/home/tumirk/ros2_humble/install/ros2interface:/home/tumirk/ros2_humble/install/ros2doctor:/home/tumirk/ros2_humble/install/ros2action:/home/tumirk/ros2_humble/install/ros2cli:/home/tumirk/ros2_humble/install/quality_of_service_demo_py:/home/tumirk/ros2_humble/install/lifecycle_py:/home/tumirk/ros2_humble/install/launch_testing_ros:/home/tumirk/ros2_humble/install/launch_ros:/home/tumirk/ros2_humble/install/examples_rclpy_pointcloud_publisher:/home/tumirk/ros2_humble/install/examples_rclpy_minimal_subscriber:/home/tumirk/ros2_humble/install/examples_rclpy_minimal_service:/home/tumirk/ros2_humble/install/examples_rclpy_minimal_publisher:/home/tumirk/ros2_humble/install/examples_rclpy_minimal_client:/home/tumirk/ros2_humble/install/examples_rclpy_minimal_action_server:/home/tumirk/ros2_humble/install/examples_rclpy_minimal_action_client:/home/tumirk/ros2_humble/install/examples_rclpy_guard_conditions:/home/tumirk/ros2_humble/install/examples_rclpy_executors:/home/tumirk/ros2_humble/install/demo_nodes_py:/home/tumirk/ros2_humble/install/camera_info_manager_py:/home/tumirk/ros2_humble/install/action_tutorials_py:/home/tumirk/ros2_humble/install/ament_uncrustify:/home/tumirk/ros2_humble/install/tracetools_trace:/home/tumirk/ros2_humble/install/tracetools_read:/home/tumirk/ros2_humble/install/test_tracetools_launch:/home/tumirk/ros2_humble/install/test_launch_ros:/home/tumirk/ros2_humble/install/sensor_msgs_py:/home/tumirk/ros2_humble/install/rpyutils:/home/tumirk/ros2_humble/install/rosidl_runtime_py:/home/tumirk/ros2_humble/install/rosidl_cli:/home/tumirk/ros2_humble/install/launch_pytest:/home/tumirk/ros2_humble/install/launch_testing:/home/tumirk/ros2_humble/install/launch_yaml:/home/tumirk/ros2_humble/install/launch_xml:/home/tumirk/ros2_humble/install/launch:/home/tumirk/ros2_humble/install/osrf_pycommon:/home/tumirk/ros2_humble/install/domain_coordinator:/home/tumirk/ros2_humble/install/ament_xmllint:/home/tumirk/ros2_humble/install/ament_pyflakes:/home/tumirk/ros2_humble/install/ament_pycodestyle:/home/tumirk/ros2_humble/install/ament_pep257:/home/tumirk/ros2_humble/install/ament_pclint:/home/tumirk/ros2_humble/install/ament_package:/home/tumirk/ros2_humble/install/ament_mypy:/home/tumirk/ros2_humble/install/ament_lint_cmake:/home/tumirk/ros2_humble/install/ament_flake8:/home/tumirk/ros2_humble/install/ament_copyright:/home/tumirk/ros2_humble/install/ament_lint:/home/tumirk/ros2_humble/install/ament_index_python:/home/tumirk/ros2_humble/install/ament_cpplint:/home/tumirk/ros2_humble/install/ament_cppcheck:/home/tumirk/ros2_humble/install/ament_clang_tidy:/home/tumirk/ros2_humble/install/ament_clang_format /usr/bin/cmake --install /home/tumirk/thesis_ws/build/interfaces
[7.358s] Level 1:colcon.colcon_core.environment:checking '/home/tumirk/thesis_ws/install/interfaces' for CMake module files
[7.359s] Level 1:colcon.colcon_core.environment:checking '/home/tumirk/thesis_ws/install/interfaces' for CMake config files
[7.359s] Level 1:colcon.colcon_core.shell:create_environment_hook('interfaces', 'cmake_prefix_path')
[7.360s] INFO:colcon.colcon_core.shell:Creating environment hook '/home/tumirk/thesis_ws/install/interfaces/share/interfaces/hook/cmake_prefix_path.ps1'
[7.363s] INFO:colcon.colcon_core.shell:Creating environment descriptor '/home/tumirk/thesis_ws/install/interfaces/share/interfaces/hook/cmake_prefix_path.dsv'
[7.364s] INFO:colcon.colcon_core.shell:Creating environment hook '/home/tumirk/thesis_ws/install/interfaces/share/interfaces/hook/cmake_prefix_path.sh'
[7.366s] Level 1:colcon.colcon_core.environment:checking '/home/tumirk/thesis_ws/install/interfaces/lib'
[7.367s] Level 1:colcon.colcon_core.shell:create_environment_hook('interfaces', 'ld_library_path_lib')
[7.367s] INFO:colcon.colcon_core.shell:Creating environment hook '/home/tumirk/thesis_ws/install/interfaces/share/interfaces/hook/ld_library_path_lib.ps1'
[7.368s] INFO:colcon.colcon_core.shell:Creating environment descriptor '/home/tumirk/thesis_ws/install/interfaces/share/interfaces/hook/ld_library_path_lib.dsv'
[7.370s] INFO:colcon.colcon_core.shell:Creating environment hook '/home/tumirk/thesis_ws/install/interfaces/share/interfaces/hook/ld_library_path_lib.sh'
[7.370s] Level 1:colcon.colcon_core.environment:checking '/home/tumirk/thesis_ws/install/interfaces/bin'
[7.371s] Level 1:colcon.colcon_core.environment:checking '/home/tumirk/thesis_ws/install/interfaces/lib/pkgconfig/interfaces.pc'
[7.371s] Level 1:colcon.colcon_core.environment:checking '/home/tumirk/thesis_ws/install/interfaces/lib/python3.10/site-packages'
[7.372s] Level 1:colcon.colcon_core.environment:checking '/home/tumirk/thesis_ws/install/interfaces/bin'
[7.372s] INFO:colcon.colcon_core.shell:Creating package script '/home/tumirk/thesis_ws/install/interfaces/share/interfaces/package.ps1'
[7.375s] INFO:colcon.colcon_core.shell:Creating package descriptor '/home/tumirk/thesis_ws/install/interfaces/share/interfaces/package.dsv'
[7.376s] INFO:colcon.colcon_core.shell:Creating package script '/home/tumirk/thesis_ws/install/interfaces/share/interfaces/package.sh'
[7.378s] INFO:colcon.colcon_core.shell:Creating package script '/home/tumirk/thesis_ws/install/interfaces/share/interfaces/package.bash'
[7.381s] INFO:colcon.colcon_core.shell:Creating package script '/home/tumirk/thesis_ws/install/interfaces/share/interfaces/package.zsh'
[7.384s] Level 1:colcon.colcon_core.environment:create_file_with_runtime_dependencies(/home/tumirk/thesis_ws/install/interfaces/share/colcon-core/packages/interfaces)
[7.385s] Level 1:colcon.colcon_core.environment:create_environment_scripts_only(interfaces)
[7.386s] Level 1:colcon.colcon_core.environment:checking '/home/tumirk/thesis_ws/install/interfaces' for CMake module files
[7.386s] Level 1:colcon.colcon_core.environment:checking '/home/tumirk/thesis_ws/install/interfaces' for CMake config files
[7.387s] Level 1:colcon.colcon_core.shell:create_environment_hook('interfaces', 'cmake_prefix_path')
[7.387s] INFO:colcon.colcon_core.shell:Creating environment hook '/home/tumirk/thesis_ws/install/interfaces/share/interfaces/hook/cmake_prefix_path.ps1'
[7.389s] INFO:colcon.colcon_core.shell:Creating environment descriptor '/home/tumirk/thesis_ws/install/interfaces/share/interfaces/hook/cmake_prefix_path.dsv'
[7.390s] INFO:colcon.colcon_core.shell:Creating environment hook '/home/tumirk/thesis_ws/install/interfaces/share/interfaces/hook/cmake_prefix_path.sh'
[7.391s] Level 1:colcon.colcon_core.environment:checking '/home/tumirk/thesis_ws/install/interfaces/lib'
[7.391s] Level 1:colcon.colcon_core.shell:create_environment_hook('interfaces', 'ld_library_path_lib')
[7.392s] INFO:colcon.colcon_core.shell:Creating environment hook '/home/tumirk/thesis_ws/install/interfaces/share/interfaces/hook/ld_library_path_lib.ps1'
[7.393s] INFO:colcon.colcon_core.shell:Creating environment descriptor '/home/tumirk/thesis_ws/install/interfaces/share/interfaces/hook/ld_library_path_lib.dsv'
[7.393s] INFO:colcon.colcon_core.shell:Creating environment hook '/home/tumirk/thesis_ws/install/interfaces/share/interfaces/hook/ld_library_path_lib.sh'
[7.394s] Level 1:colcon.colcon_core.environment:checking '/home/tumirk/thesis_ws/install/interfaces/bin'
[7.394s] Level 1:colcon.colcon_core.environment:checking '/home/tumirk/thesis_ws/install/interfaces/lib/pkgconfig/interfaces.pc'
[7.394s] Level 1:colcon.colcon_core.environment:checking '/home/tumirk/thesis_ws/install/interfaces/lib/python3.10/site-packages'
[7.395s] Level 1:colcon.colcon_core.environment:checking '/home/tumirk/thesis_ws/install/interfaces/bin'
[7.396s] INFO:colcon.colcon_core.shell:Creating package script '/home/tumirk/thesis_ws/install/interfaces/share/interfaces/package.ps1'
[7.398s] INFO:colcon.colcon_core.shell:Creating package descriptor '/home/tumirk/thesis_ws/install/interfaces/share/interfaces/package.dsv'
[7.399s] INFO:colcon.colcon_core.shell:Creating package script '/home/tumirk/thesis_ws/install/interfaces/share/interfaces/package.sh'
[7.400s] INFO:colcon.colcon_core.shell:Creating package script '/home/tumirk/thesis_ws/install/interfaces/share/interfaces/package.bash'
[7.402s] INFO:colcon.colcon_core.shell:Creating package script '/home/tumirk/thesis_ws/install/interfaces/share/interfaces/package.zsh'
[7.403s] Level 1:colcon.colcon_core.environment:create_file_with_runtime_dependencies(/home/tumirk/thesis_ws/install/interfaces/share/colcon-core/packages/interfaces)
[7.403s] INFO:colcon.colcon_ros.task.ament_python.build:Building ROS package in '/home/tumirk/thesis_ws/src/IK_pkg' with build type 'ament_python'
[7.403s] Level 1:colcon.colcon_core.shell:create_environment_hook('IK_pkg', 'ament_prefix_path')
[7.404s] INFO:colcon.colcon_core.shell:Creating environment hook '/home/tumirk/thesis_ws/install/IK_pkg/share/IK_pkg/hook/ament_prefix_path.ps1'
[7.406s] INFO:colcon.colcon_core.shell:Creating environment descriptor '/home/tumirk/thesis_ws/install/IK_pkg/share/IK_pkg/hook/ament_prefix_path.dsv'
[7.408s] INFO:colcon.colcon_core.shell:Creating environment hook '/home/tumirk/thesis_ws/install/IK_pkg/share/IK_pkg/hook/ament_prefix_path.sh'
[7.411s] INFO:colcon.colcon_core.shell:Skip shell extension 'powershell' for command environment: Not usable outside of PowerShell
[7.411s] DEBUG:colcon.colcon_core.shell:Skip shell extension 'dsv' for command environment
[8.729s] INFO:colcon.colcon_core.task.python.build:Building Python package in '/home/tumirk/thesis_ws/src/IK_pkg'
[8.730s] INFO:colcon.colcon_core.shell:Skip shell extension 'powershell' for command environment: Not usable outside of PowerShell
[8.730s] DEBUG:colcon.colcon_core.shell:Skip shell extension 'dsv' for command environment
[10.486s] DEBUG:colcon.colcon_core.event_handler.log_command:Invoking command in '/home/tumirk/thesis_ws/src/IK_pkg': PYTHONPATH=/home/tumirk/thesis_ws/build/IK_pkg/prefix_override:/usr/lib/python3/dist-packages/colcon_core/task/python/colcon_distutils_commands:/home/tumirk/thesis_ws/install/IK_pkg/lib/python3.10/site-packages:${PYTHONPATH} /usr/bin/python3 -W ignore:setup.py install is deprecated -W ignore:easy_install command is deprecated setup.py egg_info --egg-base ../../build/IK_pkg build --build-base /home/tumirk/thesis_ws/build/IK_pkg/build install --record /home/tumirk/thesis_ws/build/IK_pkg/install.log --single-version-externally-managed install_data
[11.462s] Level 1:colcon.colcon_core.environment:checking '/home/tumirk/thesis_ws/install/IK_pkg' for CMake module files
[11.464s] DEBUG:colcon.colcon_core.event_handler.log_command:Invoked command in '/home/tumirk/thesis_ws/src/IK_pkg' returned '0': PYTHONPATH=/home/tumirk/thesis_ws/build/IK_pkg/prefix_override:/usr/lib/python3/dist-packages/colcon_core/task/python/colcon_distutils_commands:/home/tumirk/thesis_ws/install/IK_pkg/lib/python3.10/site-packages:${PYTHONPATH} /usr/bin/python3 -W ignore:setup.py install is deprecated -W ignore:easy_install command is deprecated setup.py egg_info --egg-base ../../build/IK_pkg build --build-base /home/tumirk/thesis_ws/build/IK_pkg/build install --record /home/tumirk/thesis_ws/build/IK_pkg/install.log --single-version-externally-managed install_data
[11.466s] Level 1:colcon.colcon_core.environment:checking '/home/tumirk/thesis_ws/install/IK_pkg' for CMake config files
[11.467s] Level 1:colcon.colcon_core.environment:checking '/home/tumirk/thesis_ws/install/IK_pkg/lib'
[11.467s] Level 1:colcon.colcon_core.environment:checking '/home/tumirk/thesis_ws/install/IK_pkg/bin'
[11.467s] Level 1:colcon.colcon_core.environment:checking '/home/tumirk/thesis_ws/install/IK_pkg/lib/pkgconfig/IK_pkg.pc'
[11.467s] Level 1:colcon.colcon_core.environment:checking '/home/tumirk/thesis_ws/install/IK_pkg/lib/python3.10/site-packages'
[11.467s] Level 1:colcon.colcon_core.shell:create_environment_hook('IK_pkg', 'pythonpath')
[11.468s] INFO:colcon.colcon_core.shell:Creating environment hook '/home/tumirk/thesis_ws/install/IK_pkg/share/IK_pkg/hook/pythonpath.ps1'
[11.470s] INFO:colcon.colcon_core.shell:Creating environment descriptor '/home/tumirk/thesis_ws/install/IK_pkg/share/IK_pkg/hook/pythonpath.dsv'
[11.471s] INFO:colcon.colcon_core.shell:Creating environment hook '/home/tumirk/thesis_ws/install/IK_pkg/share/IK_pkg/hook/pythonpath.sh'
[11.472s] Level 1:colcon.colcon_core.environment:checking '/home/tumirk/thesis_ws/install/IK_pkg/bin'
[11.472s] Level 1:colcon.colcon_core.environment:create_environment_scripts_only(IK_pkg)
[11.473s] INFO:colcon.colcon_core.shell:Creating package script '/home/tumirk/thesis_ws/install/IK_pkg/share/IK_pkg/package.ps1'
[11.474s] INFO:colcon.colcon_core.shell:Creating package descriptor '/home/tumirk/thesis_ws/install/IK_pkg/share/IK_pkg/package.dsv'
[11.475s] INFO:colcon.colcon_core.shell:Creating package script '/home/tumirk/thesis_ws/install/IK_pkg/share/IK_pkg/package.sh'
[11.476s] INFO:colcon.colcon_core.shell:Creating package script '/home/tumirk/thesis_ws/install/IK_pkg/share/IK_pkg/package.bash'
[11.477s] INFO:colcon.colcon_core.shell:Creating package script '/home/tumirk/thesis_ws/install/IK_pkg/share/IK_pkg/package.zsh'
[11.478s] Level 1:colcon.colcon_core.environment:create_file_with_runtime_dependencies(/home/tumirk/thesis_ws/install/IK_pkg/share/colcon-core/packages/IK_pkg)
[11.478s] DEBUG:colcon.colcon_parallel_executor.executor.parallel:closing loop
[11.479s] DEBUG:colcon.colcon_parallel_executor.executor.parallel:loop closed
[11.479s] DEBUG:colcon.colcon_parallel_executor.executor.parallel:run_until_complete finished with '0'
[11.479s] DEBUG:colcon.colcon_core.event_reactor:joining thread
[11.528s] INFO:colcon.colcon_core.plugin_system:Skipping extension 'colcon_notification.desktop_notification.terminal_notifier': Not used on non-Darwin systems
[11.528s] INFO:colcon.colcon_core.plugin_system:Skipping extension 'colcon_notification.desktop_notification.win32': Not used on non-Windows systems
[11.528s] INFO:colcon.colcon_notification.desktop_notification:Sending desktop notification using 'notify2'
[11.604s] DEBUG:colcon.colcon_core.event_reactor:joined thread
[11.605s] INFO:colcon.colcon_core.shell:Creating prefix script '/home/tumirk/thesis_ws/install/local_setup.ps1'
[11.612s] INFO:colcon.colcon_core.shell:Creating prefix util module '/home/tumirk/thesis_ws/install/_local_setup_util_ps1.py'
[11.615s] INFO:colcon.colcon_core.shell:Creating prefix chain script '/home/tumirk/thesis_ws/install/setup.ps1'
[11.638s] INFO:colcon.colcon_core.shell:Creating prefix script '/home/tumirk/thesis_ws/install/local_setup.sh'
[11.641s] INFO:colcon.colcon_core.shell:Creating prefix util module '/home/tumirk/thesis_ws/install/_local_setup_util_sh.py'
[11.642s] INFO:colcon.colcon_core.shell:Creating prefix chain script '/home/tumirk/thesis_ws/install/setup.sh'
[11.665s] INFO:colcon.colcon_core.shell:Creating prefix script '/home/tumirk/thesis_ws/install/local_setup.bash'
[11.666s] INFO:colcon.colcon_core.shell:Creating prefix chain script '/home/tumirk/thesis_ws/install/setup.bash'
[11.689s] INFO:colcon.colcon_core.shell:Creating prefix script '/home/tumirk/thesis_ws/install/local_setup.zsh'
[11.691s] INFO:colcon.colcon_core.shell:Creating prefix chain script '/home/tumirk/thesis_ws/install/setup.zsh'
