[0.050s] Invoking command in '/home/tumirk/thesis_ws/build/interfaces': CMAKE_PREFIX_PATH=${CMAKE_PREFIX_PATH}:/home/tumirk/ws_moveit/install/moveit_configs_utils:/home/tumirk/ws_moveit/install/launch_param_builder:/opt/ros/humble:/home/tumirk/ros2_humble/install/rqt_bag_plugins:/home/tumirk/ros2_humble/install/rqt_bag:/home/tumirk/ros2_humble/install/launch_testing_examples:/home/tumirk/ros2_humble/install/ros2bag:/home/tumirk/ros2_humble/install/tracetools_test:/home/tumirk/ros2_humble/install/tracetools_launch:/home/tumirk/ros2_humble/install/topic_monitor:/home/tumirk/ros2_humble/install/tf2_tools:/home/tumirk/ros2_humble/install/examples_tf2_py:/home/tumirk/ros2_humble/install/tf2_ros_py:/home/tumirk/ros2_humble/install/sros2:/home/tumirk/ros2_humble/install/rqt_topic:/home/tumirk/ros2_humble/install/rqt_srv:/home/tumirk/ros2_humble/install/rqt_shell:/home/tumirk/ros2_humble/install/rqt_service_caller:/home/tumirk/ros2_humble/install/rqt_reconfigure:/home/tumirk/ros2_humble/install/rqt_py_console:/home/tumirk/ros2_humble/install/rqt_publisher:/home/tumirk/ros2_humble/install/rqt_plot:/home/tumirk/ros2_humble/install/rqt_action:/home/tumirk/ros2_humble/install/rqt_msg:/home/tumirk/ros2_humble/install/rqt_console:/home/tumirk/ros2_humble/install/rqt:/home/tumirk/ros2_humble/install/rqt_graph:/home/tumirk/ros2_humble/install/rqt_gui_py:/home/tumirk/ros2_humble/install/rqt_gui:/home/tumirk/ros2_humble/install/ros2trace:/home/tumirk/ros2_humble/install/ros2topic:/home/tumirk/ros2_humble/install/ros2test:/home/tumirk/ros2_humble/install/ros2component:/home/tumirk/ros2_humble/install/ros2param:/home/tumirk/ros2_humble/install/ros2lifecycle:/home/tumirk/ros2_humble/install/ros2service:/home/tumirk/ros2_humble/install/ros2run:/home/tumirk/ros2_humble/install/ros2launch:/home/tumirk/ros2_humble/install/ros2pkg:/home/tumirk/ros2_humble/install/ros2node:/home/tumirk/ros2_humble/install/ros2multicast:/home/tumirk/ros2_humble/install/ros2interface:/home/tumirk/ros2_humble/install/ros2doctor:/home/tumirk/ros2_humble/install/ros2action:/home/tumirk/ros2_humble/install/ros2cli:/home/tumirk/ros2_humble/install/quality_of_service_demo_py:/home/tumirk/ros2_humble/install/lifecycle_py:/home/tumirk/ros2_humble/install/launch_testing_ros:/home/tumirk/ros2_humble/install/launch_ros:/home/tumirk/ros2_humble/install/examples_rclpy_pointcloud_publisher:/home/tumirk/ros2_humble/install/examples_rclpy_minimal_subscriber:/home/tumirk/ros2_humble/install/examples_rclpy_minimal_service:/home/tumirk/ros2_humble/install/examples_rclpy_minimal_publisher:/home/tumirk/ros2_humble/install/examples_rclpy_minimal_client:/home/tumirk/ros2_humble/install/examples_rclpy_minimal_action_server:/home/tumirk/ros2_humble/install/examples_rclpy_minimal_action_client:/home/tumirk/ros2_humble/install/examples_rclpy_guard_conditions:/home/tumirk/ros2_humble/install/examples_rclpy_executors:/home/tumirk/ros2_humble/install/demo_nodes_py:/home/tumirk/ros2_humble/install/camera_info_manager_py:/home/tumirk/ros2_humble/install/action_tutorials_py:/home/tumirk/ros2_humble/install/ament_uncrustify:/home/tumirk/ros2_humble/install/tracetools_trace:/home/tumirk/ros2_humble/install/tracetools_read:/home/tumirk/ros2_humble/install/test_tracetools_launch:/home/tumirk/ros2_humble/install/test_launch_ros:/home/tumirk/ros2_humble/install/sensor_msgs_py:/home/tumirk/ros2_humble/install/rpyutils:/home/tumirk/ros2_humble/install/rosidl_runtime_py:/home/tumirk/ros2_humble/install/rosidl_cli:/home/tumirk/ros2_humble/install/launch_pytest:/home/tumirk/ros2_humble/install/launch_testing:/home/tumirk/ros2_humble/install/launch_yaml:/home/tumirk/ros2_humble/install/launch_xml:/home/tumirk/ros2_humble/install/launch:/home/tumirk/ros2_humble/install/osrf_pycommon:/home/tumirk/ros2_humble/install/domain_coordinator:/home/tumirk/ros2_humble/install/ament_xmllint:/home/tumirk/ros2_humble/install/ament_pyflakes:/home/tumirk/ros2_humble/install/ament_pycodestyle:/home/tumirk/ros2_humble/install/ament_pep257:/home/tumirk/ros2_humble/install/ament_pclint:/home/tumirk/ros2_humble/install/ament_package:/home/tumirk/ros2_humble/install/ament_mypy:/home/tumirk/ros2_humble/install/ament_lint_cmake:/home/tumirk/ros2_humble/install/ament_flake8:/home/tumirk/ros2_humble/install/ament_copyright:/home/tumirk/ros2_humble/install/ament_lint:/home/tumirk/ros2_humble/install/ament_index_python:/home/tumirk/ros2_humble/install/ament_cpplint:/home/tumirk/ros2_humble/install/ament_cppcheck:/home/tumirk/ros2_humble/install/ament_clang_tidy:/home/tumirk/ros2_humble/install/ament_clang_format /usr/bin/cmake --build /home/tumirk/thesis_ws/build/interfaces -- -j6 -l6
[0.159s] -- Found ament_cmake: 1.3.11 (/home/tumirk/ros2_humble/install/ament_cmake/share/ament_cmake/cmake)
[0.573s] -- Found rosidl_default_generators: 1.2.0 (/home/tumirk/ros2_humble/install/rosidl_default_generators/share/rosidl_default_generators/cmake)
[0.719s] -- Using all available rosidl_typesupport_c: rosidl_typesupport_fastrtps_c;rosidl_typesupport_introspection_c
[0.724s] -- Found rosidl_adapter: 3.1.6 (/home/tumirk/ros2_humble/install/rosidl_adapter/share/rosidl_adapter/cmake)
[0.809s] -- Using all available rosidl_typesupport_cpp: rosidl_typesupport_fastrtps_cpp;rosidl_typesupport_introspection_cpp
[1.543s] -- Found ament_cmake_ros: 0.10.0 (/home/tumirk/ros2_humble/install/ament_cmake_ros/share/ament_cmake_ros/cmake)
[2.094s] -- Using all available rosidl_typesupport_c: rosidl_typesupport_fastrtps_c;rosidl_typesupport_introspection_c
[2.831s] -- Using all available rosidl_typesupport_cpp: rosidl_typesupport_fastrtps_cpp;rosidl_typesupport_introspection_cpp
[2.905s] -- Found python_cmake_module: 0.10.0 (/home/tumirk/ros2_humble/install/python_cmake_module/share/python_cmake_module/cmake)
[2.986s] -- Using PYTHON_EXECUTABLE: /usr/bin/python3
[2.986s] -- Using PYTHON_INCLUDE_DIRS: /usr/include/python3.10
[2.986s] -- Using PYTHON_LIBRARIES: /usr/lib/x86_64-linux-gnu/libpython3.10.so
[3.359s] -- Configuring done
[3.403s] -- Generating done
[3.413s] -- Build files have been written to: /home/tumirk/thesis_ws/build/interfaces
[3.470s] [  3%] [34m[1mGenerating C code for ROS interfaces[0m
[3.497s] [  6%] [34m[1mGenerating C++ code for ROS interfaces[0m
[3.519s] [  6%] Built target ament_cmake_python_copy_interfaces
[3.975s] [35m[1mConsolidate compiler generated dependencies of target interfaces__rosidl_generator_c[0m
[4.022s] [  9%] [32mBuilding C object CMakeFiles/interfaces__rosidl_generator_c.dir/rosidl_generator_c/interfaces/srv/detail/compute_ik__functions.c.o[0m
[4.030s] [  9%] Built target interfaces__cpp
[4.068s] [ 12%] [34m[1mGenerating C++ type support for eProsima Fast-RTPS[0m
[4.068s] [ 16%] [34m[1mGenerating C++ introspection for ROS interfaces[0m
[4.071s] [ 19%] [34m[1mGenerating C++ type support dispatch for ROS interfaces[0m
[4.150s] [ 22%] [32m[1mLinking C shared library libinterfaces__rosidl_generator_c.so[0m
[4.193s] running egg_info
[4.194s] writing interfaces.egg-info/PKG-INFO
[4.195s] writing dependency_links to interfaces.egg-info/dependency_links.txt
[4.195s] writing top-level names to interfaces.egg-info/top_level.txt
[4.200s] reading manifest file 'interfaces.egg-info/SOURCES.txt'
[4.200s] writing manifest file 'interfaces.egg-info/SOURCES.txt'
[4.234s] [ 22%] Built target interfaces__rosidl_generator_c
[4.269s] [ 25%] [34m[1mGenerating C introspection for ROS interfaces[0m
[4.269s] [ 29%] [34m[1mGenerating C type support dispatch for ROS interfaces[0m
[4.269s] [ 29%] Built target ament_cmake_python_build_interfaces_egg
[4.313s] [ 32%] [34m[1mGenerating C type support for eProsima Fast-RTPS[0m
[4.666s] [35m[1mConsolidate compiler generated dependencies of target interfaces__rosidl_typesupport_cpp[0m
[4.697s] [35m[1mConsolidate compiler generated dependencies of target interfaces__rosidl_typesupport_fastrtps_cpp[0m
[4.700s] [35m[1mConsolidate compiler generated dependencies of target interfaces__rosidl_typesupport_introspection_cpp[0m
[4.715s] [ 35%] [32mBuilding CXX object CMakeFiles/interfaces__rosidl_typesupport_cpp.dir/rosidl_typesupport_cpp/interfaces/srv/compute_ik__type_support.cpp.o[0m
[4.740s] [ 38%] [32mBuilding CXX object CMakeFiles/interfaces__rosidl_typesupport_fastrtps_cpp.dir/rosidl_typesupport_fastrtps_cpp/interfaces/srv/detail/dds_fastrtps/compute_ik__type_support.cpp.o[0m
[4.741s] [ 41%] [32mBuilding CXX object CMakeFiles/interfaces__rosidl_typesupport_introspection_cpp.dir/rosidl_typesupport_introspection_cpp/interfaces/srv/detail/compute_ik__type_support.cpp.o[0m
[4.860s] [35m[1mConsolidate compiler generated dependencies of target interfaces__rosidl_typesupport_c[0m
[4.910s] [ 45%] [32mBuilding CXX object CMakeFiles/interfaces__rosidl_typesupport_c.dir/rosidl_typesupport_c/interfaces/srv/compute_ik__type_support.cpp.o[0m
[4.933s] [35m[1mConsolidate compiler generated dependencies of target interfaces__rosidl_typesupport_fastrtps_c[0m
[4.978s] [ 48%] [32mBuilding CXX object CMakeFiles/interfaces__rosidl_typesupport_fastrtps_c.dir/rosidl_typesupport_fastrtps_c/interfaces/srv/detail/compute_ik__type_support_c.cpp.o[0m
[4.979s] [ 51%] [32m[1mLinking CXX shared library libinterfaces__rosidl_typesupport_c.so[0m
[4.983s] [35m[1mConsolidate compiler generated dependencies of target interfaces__rosidl_typesupport_introspection_c[0m
[5.026s] [ 54%] [32mBuilding C object CMakeFiles/interfaces__rosidl_typesupport_introspection_c.dir/rosidl_typesupport_introspection_c/interfaces/srv/detail/compute_ik__type_support.c.o[0m
[5.086s] [ 54%] Built target interfaces__rosidl_typesupport_c
[5.106s] [ 58%] [32m[1mLinking C shared library libinterfaces__rosidl_typesupport_introspection_c.so[0m
[5.147s] [ 61%] [32m[1mLinking CXX shared library libinterfaces__rosidl_typesupport_cpp.so[0m
[5.183s] [ 61%] Built target interfaces__rosidl_typesupport_introspection_c
[5.235s] [ 61%] Built target interfaces__rosidl_typesupport_cpp
[5.291s] [ 64%] [32m[1mLinking CXX shared library libinterfaces__rosidl_typesupport_introspection_cpp.so[0m
[5.306s] [ 67%] [32m[1mLinking CXX shared library libinterfaces__rosidl_typesupport_fastrtps_cpp.so[0m
[5.406s] [ 70%] [32m[1mLinking CXX shared library libinterfaces__rosidl_typesupport_fastrtps_c.so[0m
[5.407s] [ 70%] Built target interfaces__rosidl_typesupport_introspection_cpp
[5.421s] [ 70%] Built target interfaces__rosidl_typesupport_fastrtps_cpp
[5.504s] [ 70%] Built target interfaces__rosidl_typesupport_fastrtps_c
[5.552s] [ 70%] Built target interfaces
[5.602s] [ 74%] [34m[1mGenerating Python code for ROS interfaces[0m
[6.139s] [ 74%] Built target interfaces__py
[6.166s] [35m[1mConsolidate compiler generated dependencies of target interfaces__rosidl_generator_py[0m
[6.205s] [ 77%] [32mBuilding C object CMakeFiles/interfaces__rosidl_generator_py.dir/rosidl_generator_py/interfaces/srv/_compute_ik_s.c.o[0m
[6.371s] [ 80%] [32m[1mLinking C shared library rosidl_generator_py/interfaces/libinterfaces__rosidl_generator_py.so[0m
[6.437s] [ 80%] Built target interfaces__rosidl_generator_py
[6.464s] [35m[1mConsolidate compiler generated dependencies of target interfaces__rosidl_typesupport_c__pyext[0m
[6.464s] [35m[1mConsolidate compiler generated dependencies of target interfaces__rosidl_typesupport_introspection_c__pyext[0m
[6.464s] [35m[1mConsolidate compiler generated dependencies of target interfaces__rosidl_typesupport_fastrtps_c__pyext[0m
[6.495s] [ 90%] [32mBuilding C object CMakeFiles/interfaces__rosidl_typesupport_c__pyext.dir/rosidl_generator_py/interfaces/_interfaces_s.ep.rosidl_typesupport_c.c.o[0m
[6.495s] [ 90%] [32mBuilding C object CMakeFiles/interfaces__rosidl_typesupport_introspection_c__pyext.dir/rosidl_generator_py/interfaces/_interfaces_s.ep.rosidl_typesupport_introspection_c.c.o[0m
[6.495s] [ 90%] [32mBuilding C object CMakeFiles/interfaces__rosidl_typesupport_fastrtps_c__pyext.dir/rosidl_generator_py/interfaces/_interfaces_s.ep.rosidl_typesupport_fastrtps_c.c.o[0m
[6.609s] [ 93%] [32m[1mLinking C shared library rosidl_generator_py/interfaces/interfaces_s__rosidl_typesupport_c.cpython-310-x86_64-linux-gnu.so[0m
[6.624s] [ 96%] [32m[1mLinking C shared library rosidl_generator_py/interfaces/interfaces_s__rosidl_typesupport_introspection_c.cpython-310-x86_64-linux-gnu.so[0m
[6.629s] [100%] [32m[1mLinking C shared library rosidl_generator_py/interfaces/interfaces_s__rosidl_typesupport_fastrtps_c.cpython-310-x86_64-linux-gnu.so[0m
[6.675s] [100%] Built target interfaces__rosidl_typesupport_c__pyext
[6.691s] [100%] Built target interfaces__rosidl_typesupport_introspection_c__pyext
[6.695s] [100%] Built target interfaces__rosidl_typesupport_fastrtps_c__pyext
[6.719s] Invoked command in '/home/tumirk/thesis_ws/build/interfaces' returned '0': CMAKE_PREFIX_PATH=${CMAKE_PREFIX_PATH}:/home/tumirk/ws_moveit/install/moveit_configs_utils:/home/tumirk/ws_moveit/install/launch_param_builder:/opt/ros/humble:/home/tumirk/ros2_humble/install/rqt_bag_plugins:/home/tumirk/ros2_humble/install/rqt_bag:/home/tumirk/ros2_humble/install/launch_testing_examples:/home/tumirk/ros2_humble/install/ros2bag:/home/tumirk/ros2_humble/install/tracetools_test:/home/tumirk/ros2_humble/install/tracetools_launch:/home/tumirk/ros2_humble/install/topic_monitor:/home/tumirk/ros2_humble/install/tf2_tools:/home/tumirk/ros2_humble/install/examples_tf2_py:/home/tumirk/ros2_humble/install/tf2_ros_py:/home/tumirk/ros2_humble/install/sros2:/home/tumirk/ros2_humble/install/rqt_topic:/home/tumirk/ros2_humble/install/rqt_srv:/home/tumirk/ros2_humble/install/rqt_shell:/home/tumirk/ros2_humble/install/rqt_service_caller:/home/tumirk/ros2_humble/install/rqt_reconfigure:/home/tumirk/ros2_humble/install/rqt_py_console:/home/tumirk/ros2_humble/install/rqt_publisher:/home/tumirk/ros2_humble/install/rqt_plot:/home/tumirk/ros2_humble/install/rqt_action:/home/tumirk/ros2_humble/install/rqt_msg:/home/tumirk/ros2_humble/install/rqt_console:/home/tumirk/ros2_humble/install/rqt:/home/tumirk/ros2_humble/install/rqt_graph:/home/tumirk/ros2_humble/install/rqt_gui_py:/home/tumirk/ros2_humble/install/rqt_gui:/home/tumirk/ros2_humble/install/ros2trace:/home/tumirk/ros2_humble/install/ros2topic:/home/tumirk/ros2_humble/install/ros2test:/home/tumirk/ros2_humble/install/ros2component:/home/tumirk/ros2_humble/install/ros2param:/home/tumirk/ros2_humble/install/ros2lifecycle:/home/tumirk/ros2_humble/install/ros2service:/home/tumirk/ros2_humble/install/ros2run:/home/tumirk/ros2_humble/install/ros2launch:/home/tumirk/ros2_humble/install/ros2pkg:/home/tumirk/ros2_humble/install/ros2node:/home/tumirk/ros2_humble/install/ros2multicast:/home/tumirk/ros2_humble/install/ros2interface:/home/tumirk/ros2_humble/install/ros2doctor:/home/tumirk/ros2_humble/install/ros2action:/home/tumirk/ros2_humble/install/ros2cli:/home/tumirk/ros2_humble/install/quality_of_service_demo_py:/home/tumirk/ros2_humble/install/lifecycle_py:/home/tumirk/ros2_humble/install/launch_testing_ros:/home/tumirk/ros2_humble/install/launch_ros:/home/tumirk/ros2_humble/install/examples_rclpy_pointcloud_publisher:/home/tumirk/ros2_humble/install/examples_rclpy_minimal_subscriber:/home/tumirk/ros2_humble/install/examples_rclpy_minimal_service:/home/tumirk/ros2_humble/install/examples_rclpy_minimal_publisher:/home/tumirk/ros2_humble/install/examples_rclpy_minimal_client:/home/tumirk/ros2_humble/install/examples_rclpy_minimal_action_server:/home/tumirk/ros2_humble/install/examples_rclpy_minimal_action_client:/home/tumirk/ros2_humble/install/examples_rclpy_guard_conditions:/home/tumirk/ros2_humble/install/examples_rclpy_executors:/home/tumirk/ros2_humble/install/demo_nodes_py:/home/tumirk/ros2_humble/install/camera_info_manager_py:/home/tumirk/ros2_humble/install/action_tutorials_py:/home/tumirk/ros2_humble/install/ament_uncrustify:/home/tumirk/ros2_humble/install/tracetools_trace:/home/tumirk/ros2_humble/install/tracetools_read:/home/tumirk/ros2_humble/install/test_tracetools_launch:/home/tumirk/ros2_humble/install/test_launch_ros:/home/tumirk/ros2_humble/install/sensor_msgs_py:/home/tumirk/ros2_humble/install/rpyutils:/home/tumirk/ros2_humble/install/rosidl_runtime_py:/home/tumirk/ros2_humble/install/rosidl_cli:/home/tumirk/ros2_humble/install/launch_pytest:/home/tumirk/ros2_humble/install/launch_testing:/home/tumirk/ros2_humble/install/launch_yaml:/home/tumirk/ros2_humble/install/launch_xml:/home/tumirk/ros2_humble/install/launch:/home/tumirk/ros2_humble/install/osrf_pycommon:/home/tumirk/ros2_humble/install/domain_coordinator:/home/tumirk/ros2_humble/install/ament_xmllint:/home/tumirk/ros2_humble/install/ament_pyflakes:/home/tumirk/ros2_humble/install/ament_pycodestyle:/home/tumirk/ros2_humble/install/ament_pep257:/home/tumirk/ros2_humble/install/ament_pclint:/home/tumirk/ros2_humble/install/ament_package:/home/tumirk/ros2_humble/install/ament_mypy:/home/tumirk/ros2_humble/install/ament_lint_cmake:/home/tumirk/ros2_humble/install/ament_flake8:/home/tumirk/ros2_humble/install/ament_copyright:/home/tumirk/ros2_humble/install/ament_lint:/home/tumirk/ros2_humble/install/ament_index_python:/home/tumirk/ros2_humble/install/ament_cpplint:/home/tumirk/ros2_humble/install/ament_cppcheck:/home/tumirk/ros2_humble/install/ament_clang_tidy:/home/tumirk/ros2_humble/install/ament_clang_format /usr/bin/cmake --build /home/tumirk/thesis_ws/build/interfaces -- -j6 -l6
[6.738s] Invoking command in '/home/tumirk/thesis_ws/build/interfaces': CMAKE_PREFIX_PATH=${CMAKE_PREFIX_PATH}:/home/tumirk/ws_moveit/install/moveit_configs_utils:/home/tumirk/ws_moveit/install/launch_param_builder:/opt/ros/humble:/home/tumirk/ros2_humble/install/rqt_bag_plugins:/home/tumirk/ros2_humble/install/rqt_bag:/home/tumirk/ros2_humble/install/launch_testing_examples:/home/tumirk/ros2_humble/install/ros2bag:/home/tumirk/ros2_humble/install/tracetools_test:/home/tumirk/ros2_humble/install/tracetools_launch:/home/tumirk/ros2_humble/install/topic_monitor:/home/tumirk/ros2_humble/install/tf2_tools:/home/tumirk/ros2_humble/install/examples_tf2_py:/home/tumirk/ros2_humble/install/tf2_ros_py:/home/tumirk/ros2_humble/install/sros2:/home/tumirk/ros2_humble/install/rqt_topic:/home/tumirk/ros2_humble/install/rqt_srv:/home/tumirk/ros2_humble/install/rqt_shell:/home/tumirk/ros2_humble/install/rqt_service_caller:/home/tumirk/ros2_humble/install/rqt_reconfigure:/home/tumirk/ros2_humble/install/rqt_py_console:/home/tumirk/ros2_humble/install/rqt_publisher:/home/tumirk/ros2_humble/install/rqt_plot:/home/tumirk/ros2_humble/install/rqt_action:/home/tumirk/ros2_humble/install/rqt_msg:/home/tumirk/ros2_humble/install/rqt_console:/home/tumirk/ros2_humble/install/rqt:/home/tumirk/ros2_humble/install/rqt_graph:/home/tumirk/ros2_humble/install/rqt_gui_py:/home/tumirk/ros2_humble/install/rqt_gui:/home/tumirk/ros2_humble/install/ros2trace:/home/tumirk/ros2_humble/install/ros2topic:/home/tumirk/ros2_humble/install/ros2test:/home/tumirk/ros2_humble/install/ros2component:/home/tumirk/ros2_humble/install/ros2param:/home/tumirk/ros2_humble/install/ros2lifecycle:/home/tumirk/ros2_humble/install/ros2service:/home/tumirk/ros2_humble/install/ros2run:/home/tumirk/ros2_humble/install/ros2launch:/home/tumirk/ros2_humble/install/ros2pkg:/home/tumirk/ros2_humble/install/ros2node:/home/tumirk/ros2_humble/install/ros2multicast:/home/tumirk/ros2_humble/install/ros2interface:/home/tumirk/ros2_humble/install/ros2doctor:/home/tumirk/ros2_humble/install/ros2action:/home/tumirk/ros2_humble/install/ros2cli:/home/tumirk/ros2_humble/install/quality_of_service_demo_py:/home/tumirk/ros2_humble/install/lifecycle_py:/home/tumirk/ros2_humble/install/launch_testing_ros:/home/tumirk/ros2_humble/install/launch_ros:/home/tumirk/ros2_humble/install/examples_rclpy_pointcloud_publisher:/home/tumirk/ros2_humble/install/examples_rclpy_minimal_subscriber:/home/tumirk/ros2_humble/install/examples_rclpy_minimal_service:/home/tumirk/ros2_humble/install/examples_rclpy_minimal_publisher:/home/tumirk/ros2_humble/install/examples_rclpy_minimal_client:/home/tumirk/ros2_humble/install/examples_rclpy_minimal_action_server:/home/tumirk/ros2_humble/install/examples_rclpy_minimal_action_client:/home/tumirk/ros2_humble/install/examples_rclpy_guard_conditions:/home/tumirk/ros2_humble/install/examples_rclpy_executors:/home/tumirk/ros2_humble/install/demo_nodes_py:/home/tumirk/ros2_humble/install/camera_info_manager_py:/home/tumirk/ros2_humble/install/action_tutorials_py:/home/tumirk/ros2_humble/install/ament_uncrustify:/home/tumirk/ros2_humble/install/tracetools_trace:/home/tumirk/ros2_humble/install/tracetools_read:/home/tumirk/ros2_humble/install/test_tracetools_launch:/home/tumirk/ros2_humble/install/test_launch_ros:/home/tumirk/ros2_humble/install/sensor_msgs_py:/home/tumirk/ros2_humble/install/rpyutils:/home/tumirk/ros2_humble/install/rosidl_runtime_py:/home/tumirk/ros2_humble/install/rosidl_cli:/home/tumirk/ros2_humble/install/launch_pytest:/home/tumirk/ros2_humble/install/launch_testing:/home/tumirk/ros2_humble/install/launch_yaml:/home/tumirk/ros2_humble/install/launch_xml:/home/tumirk/ros2_humble/install/launch:/home/tumirk/ros2_humble/install/osrf_pycommon:/home/tumirk/ros2_humble/install/domain_coordinator:/home/tumirk/ros2_humble/install/ament_xmllint:/home/tumirk/ros2_humble/install/ament_pyflakes:/home/tumirk/ros2_humble/install/ament_pycodestyle:/home/tumirk/ros2_humble/install/ament_pep257:/home/tumirk/ros2_humble/install/ament_pclint:/home/tumirk/ros2_humble/install/ament_package:/home/tumirk/ros2_humble/install/ament_mypy:/home/tumirk/ros2_humble/install/ament_lint_cmake:/home/tumirk/ros2_humble/install/ament_flake8:/home/tumirk/ros2_humble/install/ament_copyright:/home/tumirk/ros2_humble/install/ament_lint:/home/tumirk/ros2_humble/install/ament_index_python:/home/tumirk/ros2_humble/install/ament_cpplint:/home/tumirk/ros2_humble/install/ament_cppcheck:/home/tumirk/ros2_humble/install/ament_clang_tidy:/home/tumirk/ros2_humble/install/ament_clang_format /usr/bin/cmake --install /home/tumirk/thesis_ws/build/interfaces
[6.756s] -- Install configuration: ""
[6.756s] -- Up-to-date: /home/tumirk/thesis_ws/install/interfaces/share/ament_index/resource_index/rosidl_interfaces/interfaces
[6.756s] -- Up-to-date: /home/tumirk/thesis_ws/install/interfaces/include/interfaces/interfaces
[6.756s] -- Up-to-date: /home/tumirk/thesis_ws/install/interfaces/include/interfaces/interfaces/srv
[6.757s] -- Up-to-date: /home/tumirk/thesis_ws/install/interfaces/include/interfaces/interfaces/srv/detail
[6.757s] -- Installing: /home/tumirk/thesis_ws/install/interfaces/include/interfaces/interfaces/srv/detail/compute_ik__functions.c
[6.757s] -- Installing: /home/tumirk/thesis_ws/install/interfaces/include/interfaces/interfaces/srv/detail/compute_ik__struct.h
[6.757s] -- Installing: /home/tumirk/thesis_ws/install/interfaces/include/interfaces/interfaces/srv/detail/compute_ik__functions.h
[6.757s] -- Installing: /home/tumirk/thesis_ws/install/interfaces/include/interfaces/interfaces/srv/detail/compute_ik__type_support.h
[6.758s] -- Installing: /home/tumirk/thesis_ws/install/interfaces/include/interfaces/interfaces/srv/compute_ik.h
[6.758s] -- Up-to-date: /home/tumirk/thesis_ws/install/interfaces/include/interfaces/interfaces/msg
[6.758s] -- Up-to-date: /home/tumirk/thesis_ws/install/interfaces/include/interfaces/interfaces/msg/rosidl_generator_c__visibility_control.h
[6.758s] -- Up-to-date: /home/tumirk/thesis_ws/install/interfaces/share/interfaces/environment/library_path.sh
[6.758s] -- Installing: /home/tumirk/thesis_ws/install/interfaces/share/interfaces/environment/library_path.dsv
[6.758s] -- Installing: /home/tumirk/thesis_ws/install/interfaces/lib/libinterfaces__rosidl_generator_c.so
[6.758s] -- Set runtime path of "/home/tumirk/thesis_ws/install/interfaces/lib/libinterfaces__rosidl_generator_c.so" to ""
[6.758s] -- Up-to-date: /home/tumirk/thesis_ws/install/interfaces/include/interfaces/interfaces
[6.759s] -- Up-to-date: /home/tumirk/thesis_ws/install/interfaces/include/interfaces/interfaces/srv
[6.759s] -- Up-to-date: /home/tumirk/thesis_ws/install/interfaces/include/interfaces/interfaces/srv/detail
[6.759s] -- Installing: /home/tumirk/thesis_ws/install/interfaces/include/interfaces/interfaces/srv/detail/compute_ik__rosidl_typesupport_fastrtps_c.h
[6.759s] -- Up-to-date: /home/tumirk/thesis_ws/install/interfaces/include/interfaces/interfaces/msg
[6.759s] -- Up-to-date: /home/tumirk/thesis_ws/install/interfaces/include/interfaces/interfaces/msg/rosidl_typesupport_fastrtps_c__visibility_control.h
[6.759s] -- Installing: /home/tumirk/thesis_ws/install/interfaces/lib/libinterfaces__rosidl_typesupport_fastrtps_c.so
[6.759s] -- Set runtime path of "/home/tumirk/thesis_ws/install/interfaces/lib/libinterfaces__rosidl_typesupport_fastrtps_c.so" to ""
[6.759s] -- Up-to-date: /home/tumirk/thesis_ws/install/interfaces/include/interfaces/interfaces
[6.760s] -- Up-to-date: /home/tumirk/thesis_ws/install/interfaces/include/interfaces/interfaces/srv
[6.760s] -- Up-to-date: /home/tumirk/thesis_ws/install/interfaces/include/interfaces/interfaces/srv/detail
[6.760s] -- Installing: /home/tumirk/thesis_ws/install/interfaces/include/interfaces/interfaces/srv/detail/compute_ik__rosidl_typesupport_introspection_c.h
[6.760s] -- Installing: /home/tumirk/thesis_ws/install/interfaces/include/interfaces/interfaces/srv/detail/compute_ik__type_support.c
[6.760s] -- Up-to-date: /home/tumirk/thesis_ws/install/interfaces/include/interfaces/interfaces/msg
[6.760s] -- Up-to-date: /home/tumirk/thesis_ws/install/interfaces/include/interfaces/interfaces/msg/rosidl_typesupport_introspection_c__visibility_control.h
[6.760s] -- Installing: /home/tumirk/thesis_ws/install/interfaces/lib/libinterfaces__rosidl_typesupport_introspection_c.so
[6.761s] -- Set runtime path of "/home/tumirk/thesis_ws/install/interfaces/lib/libinterfaces__rosidl_typesupport_introspection_c.so" to ""
[6.761s] -- Installing: /home/tumirk/thesis_ws/install/interfaces/lib/libinterfaces__rosidl_typesupport_c.so
[6.761s] -- Set runtime path of "/home/tumirk/thesis_ws/install/interfaces/lib/libinterfaces__rosidl_typesupport_c.so" to ""
[6.761s] -- Up-to-date: /home/tumirk/thesis_ws/install/interfaces/include/interfaces/interfaces
[6.761s] -- Up-to-date: /home/tumirk/thesis_ws/install/interfaces/include/interfaces/interfaces/srv
[6.761s] -- Up-to-date: /home/tumirk/thesis_ws/install/interfaces/include/interfaces/interfaces/srv/detail
[6.761s] -- Installing: /home/tumirk/thesis_ws/install/interfaces/include/interfaces/interfaces/srv/detail/compute_ik__struct.hpp
[6.762s] -- Installing: /home/tumirk/thesis_ws/install/interfaces/include/interfaces/interfaces/srv/detail/compute_ik__builder.hpp
[6.762s] -- Installing: /home/tumirk/thesis_ws/install/interfaces/include/interfaces/interfaces/srv/detail/compute_ik__traits.hpp
[6.762s] -- Installing: /home/tumirk/thesis_ws/install/interfaces/include/interfaces/interfaces/srv/detail/compute_ik__type_support.hpp
[6.762s] -- Installing: /home/tumirk/thesis_ws/install/interfaces/include/interfaces/interfaces/srv/compute_ik.hpp
[6.762s] -- Up-to-date: /home/tumirk/thesis_ws/install/interfaces/include/interfaces/interfaces/msg
[6.762s] -- Up-to-date: /home/tumirk/thesis_ws/install/interfaces/include/interfaces/interfaces/msg/rosidl_generator_cpp__visibility_control.hpp
[6.763s] -- Up-to-date: /home/tumirk/thesis_ws/install/interfaces/include/interfaces/interfaces
[6.763s] -- Up-to-date: /home/tumirk/thesis_ws/install/interfaces/include/interfaces/interfaces/srv
[6.763s] -- Up-to-date: /home/tumirk/thesis_ws/install/interfaces/include/interfaces/interfaces/srv/detail
[6.763s] -- Installing: /home/tumirk/thesis_ws/install/interfaces/include/interfaces/interfaces/srv/detail/compute_ik__rosidl_typesupport_fastrtps_cpp.hpp
[6.764s] -- Up-to-date: /home/tumirk/thesis_ws/install/interfaces/include/interfaces/interfaces/srv/detail/dds_fastrtps
[6.764s] -- Up-to-date: /home/tumirk/thesis_ws/install/interfaces/include/interfaces/interfaces/msg
[6.764s] -- Up-to-date: /home/tumirk/thesis_ws/install/interfaces/include/interfaces/interfaces/msg/rosidl_typesupport_fastrtps_cpp__visibility_control.h
[6.764s] -- Installing: /home/tumirk/thesis_ws/install/interfaces/lib/libinterfaces__rosidl_typesupport_fastrtps_cpp.so
[6.764s] -- Set runtime path of "/home/tumirk/thesis_ws/install/interfaces/lib/libinterfaces__rosidl_typesupport_fastrtps_cpp.so" to ""
[6.765s] -- Up-to-date: /home/tumirk/thesis_ws/install/interfaces/include/interfaces/interfaces
[6.765s] -- Up-to-date: /home/tumirk/thesis_ws/install/interfaces/include/interfaces/interfaces/srv
[6.765s] -- Up-to-date: /home/tumirk/thesis_ws/install/interfaces/include/interfaces/interfaces/srv/detail
[6.765s] -- Installing: /home/tumirk/thesis_ws/install/interfaces/include/interfaces/interfaces/srv/detail/compute_ik__type_support.cpp
[6.765s] -- Installing: /home/tumirk/thesis_ws/install/interfaces/include/interfaces/interfaces/srv/detail/compute_ik__rosidl_typesupport_introspection_cpp.hpp
[6.766s] -- Installing: /home/tumirk/thesis_ws/install/interfaces/lib/libinterfaces__rosidl_typesupport_introspection_cpp.so
[6.766s] -- Set runtime path of "/home/tumirk/thesis_ws/install/interfaces/lib/libinterfaces__rosidl_typesupport_introspection_cpp.so" to ""
[6.766s] -- Installing: /home/tumirk/thesis_ws/install/interfaces/lib/libinterfaces__rosidl_typesupport_cpp.so
[6.766s] -- Set runtime path of "/home/tumirk/thesis_ws/install/interfaces/lib/libinterfaces__rosidl_typesupport_cpp.so" to ""
[6.766s] -- Up-to-date: /home/tumirk/thesis_ws/install/interfaces/share/interfaces/environment/pythonpath.sh
[6.766s] -- Installing: /home/tumirk/thesis_ws/install/interfaces/share/interfaces/environment/pythonpath.dsv
[6.766s] -- Up-to-date: /home/tumirk/thesis_ws/install/interfaces/local/lib/python3.10/dist-packages/interfaces-0.0.0-py3.10.egg-info
[6.767s] -- Installing: /home/tumirk/thesis_ws/install/interfaces/local/lib/python3.10/dist-packages/interfaces-0.0.0-py3.10.egg-info/SOURCES.txt
[6.767s] -- Installing: /home/tumirk/thesis_ws/install/interfaces/local/lib/python3.10/dist-packages/interfaces-0.0.0-py3.10.egg-info/dependency_links.txt
[6.767s] -- Installing: /home/tumirk/thesis_ws/install/interfaces/local/lib/python3.10/dist-packages/interfaces-0.0.0-py3.10.egg-info/top_level.txt
[6.767s] -- Installing: /home/tumirk/thesis_ws/install/interfaces/local/lib/python3.10/dist-packages/interfaces-0.0.0-py3.10.egg-info/PKG-INFO
[6.767s] -- Up-to-date: /home/tumirk/thesis_ws/install/interfaces/local/lib/python3.10/dist-packages/interfaces
[6.767s] -- Installing: /home/tumirk/thesis_ws/install/interfaces/local/lib/python3.10/dist-packages/interfaces/interfaces_s__rosidl_typesupport_fastrtps_c.cpython-310-x86_64-linux-gnu.so
[6.767s] -- Installing: /home/tumirk/thesis_ws/install/interfaces/local/lib/python3.10/dist-packages/interfaces/interfaces_s__rosidl_typesupport_c.cpython-310-x86_64-linux-gnu.so
[6.767s] -- Installing: /home/tumirk/thesis_ws/install/interfaces/local/lib/python3.10/dist-packages/interfaces/__init__.py
[6.767s] -- Installing: /home/tumirk/thesis_ws/install/interfaces/local/lib/python3.10/dist-packages/interfaces/interfaces_s__rosidl_typesupport_introspection_c.cpython-310-x86_64-linux-gnu.so
[6.767s] -- Up-to-date: /home/tumirk/thesis_ws/install/interfaces/local/lib/python3.10/dist-packages/interfaces/srv
[6.767s] -- Installing: /home/tumirk/thesis_ws/install/interfaces/local/lib/python3.10/dist-packages/interfaces/srv/_compute_ik_s.c
[6.767s] -- Installing: /home/tumirk/thesis_ws/install/interfaces/local/lib/python3.10/dist-packages/interfaces/srv/__init__.py
[6.767s] -- Installing: /home/tumirk/thesis_ws/install/interfaces/local/lib/python3.10/dist-packages/interfaces/srv/_compute_ik.py
[6.767s] -- Installing: /home/tumirk/thesis_ws/install/interfaces/local/lib/python3.10/dist-packages/interfaces/libinterfaces__rosidl_generator_py.so
[6.767s] -- Installing: /home/tumirk/thesis_ws/install/interfaces/local/lib/python3.10/dist-packages/interfaces/_interfaces_s.ep.rosidl_typesupport_c.c
[6.767s] -- Installing: /home/tumirk/thesis_ws/install/interfaces/local/lib/python3.10/dist-packages/interfaces/_interfaces_s.ep.rosidl_typesupport_fastrtps_c.c
[6.767s] -- Installing: /home/tumirk/thesis_ws/install/interfaces/local/lib/python3.10/dist-packages/interfaces/_interfaces_s.ep.rosidl_typesupport_introspection_c.c
[6.903s] Listing '/home/tumirk/thesis_ws/install/interfaces/local/lib/python3.10/dist-packages/interfaces'...
[6.903s] Compiling '/home/tumirk/thesis_ws/install/interfaces/local/lib/python3.10/dist-packages/interfaces/__init__.py'...
[6.903s] Listing '/home/tumirk/thesis_ws/install/interfaces/local/lib/python3.10/dist-packages/interfaces/srv'...
[6.903s] Compiling '/home/tumirk/thesis_ws/install/interfaces/local/lib/python3.10/dist-packages/interfaces/srv/__init__.py'...
[6.903s] Compiling '/home/tumirk/thesis_ws/install/interfaces/local/lib/python3.10/dist-packages/interfaces/srv/_compute_ik.py'...
[6.907s] -- Installing: /home/tumirk/thesis_ws/install/interfaces/local/lib/python3.10/dist-packages/interfaces/interfaces_s__rosidl_typesupport_fastrtps_c.cpython-310-x86_64-linux-gnu.so
[6.907s] -- Set runtime path of "/home/tumirk/thesis_ws/install/interfaces/local/lib/python3.10/dist-packages/interfaces/interfaces_s__rosidl_typesupport_fastrtps_c.cpython-310-x86_64-linux-gnu.so" to ""
[6.908s] -- Installing: /home/tumirk/thesis_ws/install/interfaces/local/lib/python3.10/dist-packages/interfaces/interfaces_s__rosidl_typesupport_introspection_c.cpython-310-x86_64-linux-gnu.so
[6.908s] -- Set runtime path of "/home/tumirk/thesis_ws/install/interfaces/local/lib/python3.10/dist-packages/interfaces/interfaces_s__rosidl_typesupport_introspection_c.cpython-310-x86_64-linux-gnu.so" to ""
[6.908s] -- Installing: /home/tumirk/thesis_ws/install/interfaces/local/lib/python3.10/dist-packages/interfaces/interfaces_s__rosidl_typesupport_c.cpython-310-x86_64-linux-gnu.so
[6.908s] -- Set runtime path of "/home/tumirk/thesis_ws/install/interfaces/local/lib/python3.10/dist-packages/interfaces/interfaces_s__rosidl_typesupport_c.cpython-310-x86_64-linux-gnu.so" to ""
[6.909s] -- Installing: /home/tumirk/thesis_ws/install/interfaces/lib/libinterfaces__rosidl_generator_py.so
[6.909s] -- Set runtime path of "/home/tumirk/thesis_ws/install/interfaces/lib/libinterfaces__rosidl_generator_py.so" to ""
[6.909s] -- Installing: /home/tumirk/thesis_ws/install/interfaces/share/interfaces/srv/ComputeIK.idl
[6.910s] -- Installing: /home/tumirk/thesis_ws/install/interfaces/share/interfaces/srv/ComputeIK.srv
[6.910s] -- Installing: /home/tumirk/thesis_ws/install/interfaces/share/interfaces/srv/ComputeIK_Request.msg
[6.910s] -- Installing: /home/tumirk/thesis_ws/install/interfaces/share/interfaces/srv/ComputeIK_Response.msg
[6.910s] -- Up-to-date: /home/tumirk/thesis_ws/install/interfaces/share/ament_index/resource_index/package_run_dependencies/interfaces
[6.910s] -- Up-to-date: /home/tumirk/thesis_ws/install/interfaces/share/ament_index/resource_index/parent_prefix_path/interfaces
[6.910s] -- Installing: /home/tumirk/thesis_ws/install/interfaces/share/interfaces/environment/ament_prefix_path.dsv
[6.910s] -- Installing: /home/tumirk/thesis_ws/install/interfaces/share/interfaces/environment/path.dsv
[6.911s] -- Up-to-date: /home/tumirk/thesis_ws/install/interfaces/share/interfaces/local_setup.bash
[6.911s] -- Up-to-date: /home/tumirk/thesis_ws/install/interfaces/share/interfaces/local_setup.sh
[6.911s] -- Up-to-date: /home/tumirk/thesis_ws/install/interfaces/share/interfaces/local_setup.zsh
[6.911s] -- Installing: /home/tumirk/thesis_ws/install/interfaces/share/interfaces/local_setup.dsv
[6.911s] -- Installing: /home/tumirk/thesis_ws/install/interfaces/share/interfaces/package.dsv
[6.911s] -- Up-to-date: /home/tumirk/thesis_ws/install/interfaces/share/ament_index/resource_index/packages/interfaces
[6.912s] -- Up-to-date: /home/tumirk/thesis_ws/install/interfaces/share/interfaces/cmake/export_interfaces__rosidl_generator_cExport.cmake
[6.912s] -- Up-to-date: /home/tumirk/thesis_ws/install/interfaces/share/interfaces/cmake/export_interfaces__rosidl_generator_cExport-noconfig.cmake
[6.912s] -- Up-to-date: /home/tumirk/thesis_ws/install/interfaces/share/interfaces/cmake/export_interfaces__rosidl_typesupport_fastrtps_cExport.cmake
[6.912s] -- Up-to-date: /home/tumirk/thesis_ws/install/interfaces/share/interfaces/cmake/export_interfaces__rosidl_typesupport_fastrtps_cExport-noconfig.cmake
[6.912s] -- Up-to-date: /home/tumirk/thesis_ws/install/interfaces/share/interfaces/cmake/interfaces__rosidl_typesupport_introspection_cExport.cmake
[6.913s] -- Up-to-date: /home/tumirk/thesis_ws/install/interfaces/share/interfaces/cmake/interfaces__rosidl_typesupport_introspection_cExport-noconfig.cmake
[6.913s] -- Up-to-date: /home/tumirk/thesis_ws/install/interfaces/share/interfaces/cmake/interfaces__rosidl_typesupport_cExport.cmake
[6.913s] -- Up-to-date: /home/tumirk/thesis_ws/install/interfaces/share/interfaces/cmake/interfaces__rosidl_typesupport_cExport-noconfig.cmake
[6.913s] -- Up-to-date: /home/tumirk/thesis_ws/install/interfaces/share/interfaces/cmake/export_interfaces__rosidl_generator_cppExport.cmake
[6.913s] -- Up-to-date: /home/tumirk/thesis_ws/install/interfaces/share/interfaces/cmake/export_interfaces__rosidl_typesupport_fastrtps_cppExport.cmake
[6.913s] -- Up-to-date: /home/tumirk/thesis_ws/install/interfaces/share/interfaces/cmake/export_interfaces__rosidl_typesupport_fastrtps_cppExport-noconfig.cmake
[6.914s] -- Up-to-date: /home/tumirk/thesis_ws/install/interfaces/share/interfaces/cmake/interfaces__rosidl_typesupport_introspection_cppExport.cmake
[6.914s] -- Up-to-date: /home/tumirk/thesis_ws/install/interfaces/share/interfaces/cmake/interfaces__rosidl_typesupport_introspection_cppExport-noconfig.cmake
[6.914s] -- Up-to-date: /home/tumirk/thesis_ws/install/interfaces/share/interfaces/cmake/interfaces__rosidl_typesupport_cppExport.cmake
[6.914s] -- Up-to-date: /home/tumirk/thesis_ws/install/interfaces/share/interfaces/cmake/interfaces__rosidl_typesupport_cppExport-noconfig.cmake
[6.914s] -- Up-to-date: /home/tumirk/thesis_ws/install/interfaces/share/interfaces/cmake/export_interfaces__rosidl_generator_pyExport.cmake
[6.914s] -- Up-to-date: /home/tumirk/thesis_ws/install/interfaces/share/interfaces/cmake/export_interfaces__rosidl_generator_pyExport-noconfig.cmake
[6.914s] -- Up-to-date: /home/tumirk/thesis_ws/install/interfaces/share/interfaces/cmake/rosidl_cmake-extras.cmake
[6.914s] -- Up-to-date: /home/tumirk/thesis_ws/install/interfaces/share/interfaces/cmake/ament_cmake_export_include_directories-extras.cmake
[6.914s] -- Up-to-date: /home/tumirk/thesis_ws/install/interfaces/share/interfaces/cmake/ament_cmake_export_libraries-extras.cmake
[6.914s] -- Up-to-date: /home/tumirk/thesis_ws/install/interfaces/share/interfaces/cmake/ament_cmake_export_targets-extras.cmake
[6.914s] -- Up-to-date: /home/tumirk/thesis_ws/install/interfaces/share/interfaces/cmake/rosidl_cmake_export_typesupport_targets-extras.cmake
[6.915s] -- Up-to-date: /home/tumirk/thesis_ws/install/interfaces/share/interfaces/cmake/ament_cmake_export_dependencies-extras.cmake
[6.915s] -- Up-to-date: /home/tumirk/thesis_ws/install/interfaces/share/interfaces/cmake/rosidl_cmake_export_typesupport_libraries-extras.cmake
[6.915s] -- Up-to-date: /home/tumirk/thesis_ws/install/interfaces/share/interfaces/cmake/interfacesConfig.cmake
[6.915s] -- Up-to-date: /home/tumirk/thesis_ws/install/interfaces/share/interfaces/cmake/interfacesConfig-version.cmake
[6.915s] -- Up-to-date: /home/tumirk/thesis_ws/install/interfaces/share/interfaces/package.xml
[6.921s] Invoked command in '/home/tumirk/thesis_ws/build/interfaces' returned '0': CMAKE_PREFIX_PATH=${CMAKE_PREFIX_PATH}:/home/tumirk/ws_moveit/install/moveit_configs_utils:/home/tumirk/ws_moveit/install/launch_param_builder:/opt/ros/humble:/home/tumirk/ros2_humble/install/rqt_bag_plugins:/home/tumirk/ros2_humble/install/rqt_bag:/home/tumirk/ros2_humble/install/launch_testing_examples:/home/tumirk/ros2_humble/install/ros2bag:/home/tumirk/ros2_humble/install/tracetools_test:/home/tumirk/ros2_humble/install/tracetools_launch:/home/tumirk/ros2_humble/install/topic_monitor:/home/tumirk/ros2_humble/install/tf2_tools:/home/tumirk/ros2_humble/install/examples_tf2_py:/home/tumirk/ros2_humble/install/tf2_ros_py:/home/tumirk/ros2_humble/install/sros2:/home/tumirk/ros2_humble/install/rqt_topic:/home/tumirk/ros2_humble/install/rqt_srv:/home/tumirk/ros2_humble/install/rqt_shell:/home/tumirk/ros2_humble/install/rqt_service_caller:/home/tumirk/ros2_humble/install/rqt_reconfigure:/home/tumirk/ros2_humble/install/rqt_py_console:/home/tumirk/ros2_humble/install/rqt_publisher:/home/tumirk/ros2_humble/install/rqt_plot:/home/tumirk/ros2_humble/install/rqt_action:/home/tumirk/ros2_humble/install/rqt_msg:/home/tumirk/ros2_humble/install/rqt_console:/home/tumirk/ros2_humble/install/rqt:/home/tumirk/ros2_humble/install/rqt_graph:/home/tumirk/ros2_humble/install/rqt_gui_py:/home/tumirk/ros2_humble/install/rqt_gui:/home/tumirk/ros2_humble/install/ros2trace:/home/tumirk/ros2_humble/install/ros2topic:/home/tumirk/ros2_humble/install/ros2test:/home/tumirk/ros2_humble/install/ros2component:/home/tumirk/ros2_humble/install/ros2param:/home/tumirk/ros2_humble/install/ros2lifecycle:/home/tumirk/ros2_humble/install/ros2service:/home/tumirk/ros2_humble/install/ros2run:/home/tumirk/ros2_humble/install/ros2launch:/home/tumirk/ros2_humble/install/ros2pkg:/home/tumirk/ros2_humble/install/ros2node:/home/tumirk/ros2_humble/install/ros2multicast:/home/tumirk/ros2_humble/install/ros2interface:/home/tumirk/ros2_humble/install/ros2doctor:/home/tumirk/ros2_humble/install/ros2action:/home/tumirk/ros2_humble/install/ros2cli:/home/tumirk/ros2_humble/install/quality_of_service_demo_py:/home/tumirk/ros2_humble/install/lifecycle_py:/home/tumirk/ros2_humble/install/launch_testing_ros:/home/tumirk/ros2_humble/install/launch_ros:/home/tumirk/ros2_humble/install/examples_rclpy_pointcloud_publisher:/home/tumirk/ros2_humble/install/examples_rclpy_minimal_subscriber:/home/tumirk/ros2_humble/install/examples_rclpy_minimal_service:/home/tumirk/ros2_humble/install/examples_rclpy_minimal_publisher:/home/tumirk/ros2_humble/install/examples_rclpy_minimal_client:/home/tumirk/ros2_humble/install/examples_rclpy_minimal_action_server:/home/tumirk/ros2_humble/install/examples_rclpy_minimal_action_client:/home/tumirk/ros2_humble/install/examples_rclpy_guard_conditions:/home/tumirk/ros2_humble/install/examples_rclpy_executors:/home/tumirk/ros2_humble/install/demo_nodes_py:/home/tumirk/ros2_humble/install/camera_info_manager_py:/home/tumirk/ros2_humble/install/action_tutorials_py:/home/tumirk/ros2_humble/install/ament_uncrustify:/home/tumirk/ros2_humble/install/tracetools_trace:/home/tumirk/ros2_humble/install/tracetools_read:/home/tumirk/ros2_humble/install/test_tracetools_launch:/home/tumirk/ros2_humble/install/test_launch_ros:/home/tumirk/ros2_humble/install/sensor_msgs_py:/home/tumirk/ros2_humble/install/rpyutils:/home/tumirk/ros2_humble/install/rosidl_runtime_py:/home/tumirk/ros2_humble/install/rosidl_cli:/home/tumirk/ros2_humble/install/launch_pytest:/home/tumirk/ros2_humble/install/launch_testing:/home/tumirk/ros2_humble/install/launch_yaml:/home/tumirk/ros2_humble/install/launch_xml:/home/tumirk/ros2_humble/install/launch:/home/tumirk/ros2_humble/install/osrf_pycommon:/home/tumirk/ros2_humble/install/domain_coordinator:/home/tumirk/ros2_humble/install/ament_xmllint:/home/tumirk/ros2_humble/install/ament_pyflakes:/home/tumirk/ros2_humble/install/ament_pycodestyle:/home/tumirk/ros2_humble/install/ament_pep257:/home/tumirk/ros2_humble/install/ament_pclint:/home/tumirk/ros2_humble/install/ament_package:/home/tumirk/ros2_humble/install/ament_mypy:/home/tumirk/ros2_humble/install/ament_lint_cmake:/home/tumirk/ros2_humble/install/ament_flake8:/home/tumirk/ros2_humble/install/ament_copyright:/home/tumirk/ros2_humble/install/ament_lint:/home/tumirk/ros2_humble/install/ament_index_python:/home/tumirk/ros2_humble/install/ament_cpplint:/home/tumirk/ros2_humble/install/ament_cppcheck:/home/tumirk/ros2_humble/install/ament_clang_tidy:/home/tumirk/ros2_humble/install/ament_clang_format /usr/bin/cmake --install /home/tumirk/thesis_ws/build/interfaces
