[0.440s] DEBUG:colcon:Command line arguments: ['/usr/bin/colcon', 'build', '--packages-select', 'IK_pkg']
[0.440s] DEBUG:colcon:Parsed command line arguments: Namespace(log_base=None, log_level=None, verb_name='build', build_base='build', install_base='install', merge_install=False, symlink_install=False, test_result_base=None, continue_on_error=False, executor='parallel', parallel_workers=6, event_handlers=None, ignore_user_meta=False, metas=['./colcon.meta'], base_paths=['.'], packages_ignore=None, packages_ignore_regex=None, paths=None, packages_up_to=None, packages_up_to_regex=None, packages_above=None, packages_above_and_dependencies=None, packages_above_depth=None, packages_select_by_dep=None, packages_skip_by_dep=None, packages_skip_up_to=None, packages_select_build_failed=False, packages_skip_build_finished=False, packages_select_test_failures=False, packages_skip_test_passed=False, packages_select=['IK_pkg'], packages_skip=None, packages_select_regex=None, packages_skip_regex=None, packages_start=None, packages_end=None, allow_overriding=[], cmake_args=None, cmake_target=None, cmake_target_skip_unavailable=False, cmake_clean_cache=False, cmake_clean_first=False, cmake_force_configure=False, ament_cmake_args=None, catkin_cmake_args=None, catkin_skip_building_tests=False, mixin_files=None, mixin=None, verb_parser=<colcon_mixin.mixin.mixin_argument.MixinArgumentDecorator object at 0x738cea78f7c0>, verb_extension=<colcon_core.verb.build.BuildVerb object at 0x738cea8d4790>, main=<bound method BuildVerb.main of <colcon_core.verb.build.BuildVerb object at 0x738cea8d4790>>, mixin_verb=('build',))
[1.057s] Level 1:colcon.colcon_core.package_discovery:discover_packages(colcon_meta) check parameters
[1.057s] Level 1:colcon.colcon_core.package_discovery:discover_packages(recursive) check parameters
[1.057s] Level 1:colcon.colcon_core.package_discovery:discover_packages(ignore) check parameters
[1.057s] Level 1:colcon.colcon_core.package_discovery:discover_packages(path) check parameters
[1.057s] Level 1:colcon.colcon_core.package_discovery:discover_packages(colcon_meta) discover
[1.057s] Level 1:colcon.colcon_core.package_discovery:discover_packages(recursive) discover
[1.057s] INFO:colcon.colcon_core.package_discovery:Crawling recursively for packages in '/home/tumirk/thesis_ws'
[1.057s] Level 1:colcon.colcon_core.package_identification:_identify(.) by extensions ['ignore', 'ignore_ament_install']
[1.057s] Level 1:colcon.colcon_core.package_identification:_identify(.) by extension 'ignore'
[1.057s] Level 1:colcon.colcon_core.package_identification:_identify(.) by extension 'ignore_ament_install'
[1.058s] Level 1:colcon.colcon_core.package_identification:_identify(.) by extensions ['colcon_pkg']
[1.058s] Level 1:colcon.colcon_core.package_identification:_identify(.) by extension 'colcon_pkg'
[1.058s] Level 1:colcon.colcon_core.package_identification:_identify(.) by extensions ['colcon_meta']
[1.058s] Level 1:colcon.colcon_core.package_identification:_identify(.) by extension 'colcon_meta'
[1.058s] Level 1:colcon.colcon_core.package_identification:_identify(.) by extensions ['ros']
[1.058s] Level 1:colcon.colcon_core.package_identification:_identify(.) by extension 'ros'
[1.078s] Level 1:colcon.colcon_core.package_identification:_identify(.) by extensions ['cmake', 'python']
[1.078s] Level 1:colcon.colcon_core.package_identification:_identify(.) by extension 'cmake'
[1.078s] Level 1:colcon.colcon_core.package_identification:_identify(.) by extension 'python'
[1.078s] Level 1:colcon.colcon_core.package_identification:_identify(.) by extensions ['python_setup_py']
[1.078s] Level 1:colcon.colcon_core.package_identification:_identify(.) by extension 'python_setup_py'
[1.078s] Level 1:colcon.colcon_core.package_identification:_identify(build) by extensions ['ignore', 'ignore_ament_install']
[1.078s] Level 1:colcon.colcon_core.package_identification:_identify(build) by extension 'ignore'
[1.078s] Level 1:colcon.colcon_core.package_identification:_identify(build) ignored
[1.078s] Level 1:colcon.colcon_core.package_identification:_identify(install) by extensions ['ignore', 'ignore_ament_install']
[1.079s] Level 1:colcon.colcon_core.package_identification:_identify(install) by extension 'ignore'
[1.079s] Level 1:colcon.colcon_core.package_identification:_identify(install) ignored
[1.080s] Level 1:colcon.colcon_core.package_identification:_identify(log) by extensions ['ignore', 'ignore_ament_install']
[1.081s] Level 1:colcon.colcon_core.package_identification:_identify(log) by extension 'ignore'
[1.081s] Level 1:colcon.colcon_core.package_identification:_identify(log) ignored
[1.082s] Level 1:colcon.colcon_core.package_identification:_identify(src) by extensions ['ignore', 'ignore_ament_install']
[1.082s] Level 1:colcon.colcon_core.package_identification:_identify(src) by extension 'ignore'
[1.082s] Level 1:colcon.colcon_core.package_identification:_identify(src) by extension 'ignore_ament_install'
[1.082s] Level 1:colcon.colcon_core.package_identification:_identify(src) by extensions ['colcon_pkg']
[1.082s] Level 1:colcon.colcon_core.package_identification:_identify(src) by extension 'colcon_pkg'
[1.082s] Level 1:colcon.colcon_core.package_identification:_identify(src) by extensions ['colcon_meta']
[1.082s] Level 1:colcon.colcon_core.package_identification:_identify(src) by extension 'colcon_meta'
[1.083s] Level 1:colcon.colcon_core.package_identification:_identify(src) by extensions ['ros']
[1.083s] Level 1:colcon.colcon_core.package_identification:_identify(src) by extension 'ros'
[1.083s] Level 1:colcon.colcon_core.package_identification:_identify(src) by extensions ['cmake', 'python']
[1.083s] Level 1:colcon.colcon_core.package_identification:_identify(src) by extension 'cmake'
[1.083s] Level 1:colcon.colcon_core.package_identification:_identify(src) by extension 'python'
[1.083s] Level 1:colcon.colcon_core.package_identification:_identify(src) by extensions ['python_setup_py']
[1.083s] Level 1:colcon.colcon_core.package_identification:_identify(src) by extension 'python_setup_py'
[1.084s] Level 1:colcon.colcon_core.package_identification:_identify(src/IK_pkg) by extensions ['ignore', 'ignore_ament_install']
[1.084s] Level 1:colcon.colcon_core.package_identification:_identify(src/IK_pkg) by extension 'ignore'
[1.084s] Level 1:colcon.colcon_core.package_identification:_identify(src/IK_pkg) by extension 'ignore_ament_install'
[1.084s] Level 1:colcon.colcon_core.package_identification:_identify(src/IK_pkg) by extensions ['colcon_pkg']
[1.084s] Level 1:colcon.colcon_core.package_identification:_identify(src/IK_pkg) by extension 'colcon_pkg'
[1.084s] Level 1:colcon.colcon_core.package_identification:_identify(src/IK_pkg) by extensions ['colcon_meta']
[1.084s] Level 1:colcon.colcon_core.package_identification:_identify(src/IK_pkg) by extension 'colcon_meta'
[1.084s] Level 1:colcon.colcon_core.package_identification:_identify(src/IK_pkg) by extensions ['ros']
[1.084s] Level 1:colcon.colcon_core.package_identification:_identify(src/IK_pkg) by extension 'ros'
[1.089s] DEBUG:colcon.colcon_core.package_identification:Package 'src/IK_pkg' with type 'ros.ament_python' and name 'IK_pkg'
[1.089s] Level 1:colcon.colcon_core.package_identification:_identify(src/interfaces) by extensions ['ignore', 'ignore_ament_install']
[1.089s] Level 1:colcon.colcon_core.package_identification:_identify(src/interfaces) by extension 'ignore'
[1.089s] Level 1:colcon.colcon_core.package_identification:_identify(src/interfaces) by extension 'ignore_ament_install'
[1.090s] Level 1:colcon.colcon_core.package_identification:_identify(src/interfaces) by extensions ['colcon_pkg']
[1.090s] Level 1:colcon.colcon_core.package_identification:_identify(src/interfaces) by extension 'colcon_pkg'
[1.090s] Level 1:colcon.colcon_core.package_identification:_identify(src/interfaces) by extensions ['colcon_meta']
[1.090s] Level 1:colcon.colcon_core.package_identification:_identify(src/interfaces) by extension 'colcon_meta'
[1.090s] Level 1:colcon.colcon_core.package_identification:_identify(src/interfaces) by extensions ['ros']
[1.090s] Level 1:colcon.colcon_core.package_identification:_identify(src/interfaces) by extension 'ros'
[1.091s] DEBUG:colcon.colcon_core.package_identification:Package 'src/interfaces' with type 'ros.ament_cmake' and name 'interfaces'
[1.091s] Level 1:colcon.colcon_core.package_discovery:discover_packages(recursive) using defaults
[1.091s] Level 1:colcon.colcon_core.package_discovery:discover_packages(ignore) discover
[1.091s] Level 1:colcon.colcon_core.package_discovery:discover_packages(ignore) using defaults
[1.091s] Level 1:colcon.colcon_core.package_discovery:discover_packages(path) discover
[1.091s] Level 1:colcon.colcon_core.package_discovery:discover_packages(path) using defaults
[1.175s] INFO:colcon.colcon_core.package_selection:Skipping not selected package 'interfaces' in 'src/interfaces'
[1.176s] Level 1:colcon.colcon_core.package_discovery:discover_packages(prefix_path) check parameters
[1.176s] Level 1:colcon.colcon_core.package_discovery:discover_packages(prefix_path) discover
[1.259s] DEBUG:colcon.colcon_installed_package_information.package_discovery:Found 2 installed packages in /home/tumirk/thesis_ws/install
[1.284s] DEBUG:colcon.colcon_installed_package_information.package_discovery:Found 56 installed packages in /home/tumirk/ws_moveit/install
[1.431s] DEBUG:colcon.colcon_installed_package_information.package_discovery:Found 346 installed packages in /home/tumirk/ros2_humble/install
[1.434s] DEBUG:colcon.colcon_installed_package_information.package_discovery:Found 230 installed packages in /opt/ros/humble
[1.442s] Level 1:colcon.colcon_core.package_discovery:discover_packages(prefix_path) using defaults
[1.975s] Level 5:colcon.colcon_core.verb:set package 'IK_pkg' build argument 'cmake_args' from command line to 'None'
[1.975s] Level 5:colcon.colcon_core.verb:set package 'IK_pkg' build argument 'cmake_target' from command line to 'None'
[1.975s] Level 5:colcon.colcon_core.verb:set package 'IK_pkg' build argument 'cmake_target_skip_unavailable' from command line to 'False'
[1.975s] Level 5:colcon.colcon_core.verb:set package 'IK_pkg' build argument 'cmake_clean_cache' from command line to 'False'
[1.975s] Level 5:colcon.colcon_core.verb:set package 'IK_pkg' build argument 'cmake_clean_first' from command line to 'False'
[1.975s] Level 5:colcon.colcon_core.verb:set package 'IK_pkg' build argument 'cmake_force_configure' from command line to 'False'
[1.975s] Level 5:colcon.colcon_core.verb:set package 'IK_pkg' build argument 'ament_cmake_args' from command line to 'None'
[1.975s] Level 5:colcon.colcon_core.verb:set package 'IK_pkg' build argument 'catkin_cmake_args' from command line to 'None'
[1.975s] Level 5:colcon.colcon_core.verb:set package 'IK_pkg' build argument 'catkin_skip_building_tests' from command line to 'False'
[1.975s] DEBUG:colcon.colcon_core.verb:Building package 'IK_pkg' with the following arguments: {'ament_cmake_args': None, 'build_base': '/home/tumirk/thesis_ws/build/IK_pkg', 'catkin_cmake_args': None, 'catkin_skip_building_tests': False, 'cmake_args': None, 'cmake_clean_cache': False, 'cmake_clean_first': False, 'cmake_force_configure': False, 'cmake_target': None, 'cmake_target_skip_unavailable': False, 'install_base': '/home/tumirk/thesis_ws/install/IK_pkg', 'merge_install': False, 'path': '/home/tumirk/thesis_ws/src/IK_pkg', 'symlink_install': False, 'test_result_base': None}
[1.975s] INFO:colcon.colcon_core.executor:Executing jobs using 'parallel' executor
[1.976s] DEBUG:colcon.colcon_parallel_executor.executor.parallel:run_until_complete
[1.977s] INFO:colcon.colcon_ros.task.ament_python.build:Building ROS package in '/home/tumirk/thesis_ws/src/IK_pkg' with build type 'ament_python'
[1.977s] Level 1:colcon.colcon_core.shell:create_environment_hook('IK_pkg', 'ament_prefix_path')
[1.986s] INFO:colcon.colcon_core.plugin_system:Skipping extension 'colcon_core.shell.bat': Not used on non-Windows systems
[1.986s] INFO:colcon.colcon_core.shell:Creating environment hook '/home/tumirk/thesis_ws/install/IK_pkg/share/IK_pkg/hook/ament_prefix_path.ps1'
[1.987s] INFO:colcon.colcon_core.shell:Creating environment descriptor '/home/tumirk/thesis_ws/install/IK_pkg/share/IK_pkg/hook/ament_prefix_path.dsv'
[1.988s] INFO:colcon.colcon_core.shell:Creating environment hook '/home/tumirk/thesis_ws/install/IK_pkg/share/IK_pkg/hook/ament_prefix_path.sh'
[1.989s] INFO:colcon.colcon_core.shell:Skip shell extension 'powershell' for command environment: Not usable outside of PowerShell
[1.989s] DEBUG:colcon.colcon_core.shell:Skip shell extension 'dsv' for command environment
[2.899s] INFO:colcon.colcon_core.task.python.build:Building Python package in '/home/tumirk/thesis_ws/src/IK_pkg'
[2.900s] INFO:colcon.colcon_core.shell:Skip shell extension 'powershell' for command environment: Not usable outside of PowerShell
[2.900s] DEBUG:colcon.colcon_core.shell:Skip shell extension 'dsv' for command environment
[3.845s] DEBUG:colcon.colcon_core.event_handler.log_command:Invoking command in '/home/tumirk/thesis_ws/src/IK_pkg': PYTHONPATH=/home/tumirk/thesis_ws/build/IK_pkg/prefix_override:/usr/lib/python3/dist-packages/colcon_core/task/python/colcon_distutils_commands:/home/tumirk/thesis_ws/install/IK_pkg/lib/python3.10/site-packages:${PYTHONPATH} /usr/bin/python3 -W ignore:setup.py install is deprecated -W ignore:easy_install command is deprecated setup.py egg_info --egg-base ../../build/IK_pkg build --build-base /home/tumirk/thesis_ws/build/IK_pkg/build install --record /home/tumirk/thesis_ws/build/IK_pkg/install.log --single-version-externally-managed install_data
[4.523s] DEBUG:colcon.colcon_core.event_handler.log_command:Invoked command in '/home/tumirk/thesis_ws/src/IK_pkg' returned '0': PYTHONPATH=/home/tumirk/thesis_ws/build/IK_pkg/prefix_override:/usr/lib/python3/dist-packages/colcon_core/task/python/colcon_distutils_commands:/home/tumirk/thesis_ws/install/IK_pkg/lib/python3.10/site-packages:${PYTHONPATH} /usr/bin/python3 -W ignore:setup.py install is deprecated -W ignore:easy_install command is deprecated setup.py egg_info --egg-base ../../build/IK_pkg build --build-base /home/tumirk/thesis_ws/build/IK_pkg/build install --record /home/tumirk/thesis_ws/build/IK_pkg/install.log --single-version-externally-managed install_data
[4.536s] Level 1:colcon.colcon_core.environment:checking '/home/tumirk/thesis_ws/install/IK_pkg' for CMake module files
[4.536s] Level 1:colcon.colcon_core.environment:checking '/home/tumirk/thesis_ws/install/IK_pkg' for CMake config files
[4.537s] Level 1:colcon.colcon_core.environment:checking '/home/tumirk/thesis_ws/install/IK_pkg/lib'
[4.538s] Level 1:colcon.colcon_core.environment:checking '/home/tumirk/thesis_ws/install/IK_pkg/bin'
[4.538s] Level 1:colcon.colcon_core.environment:checking '/home/tumirk/thesis_ws/install/IK_pkg/lib/pkgconfig/IK_pkg.pc'
[4.538s] Level 1:colcon.colcon_core.environment:checking '/home/tumirk/thesis_ws/install/IK_pkg/lib/python3.10/site-packages'
[4.538s] Level 1:colcon.colcon_core.shell:create_environment_hook('IK_pkg', 'pythonpath')
[4.539s] INFO:colcon.colcon_core.shell:Creating environment hook '/home/tumirk/thesis_ws/install/IK_pkg/share/IK_pkg/hook/pythonpath.ps1'
[4.540s] INFO:colcon.colcon_core.shell:Creating environment descriptor '/home/tumirk/thesis_ws/install/IK_pkg/share/IK_pkg/hook/pythonpath.dsv'
[4.540s] INFO:colcon.colcon_core.shell:Creating environment hook '/home/tumirk/thesis_ws/install/IK_pkg/share/IK_pkg/hook/pythonpath.sh'
[4.541s] Level 1:colcon.colcon_core.environment:checking '/home/tumirk/thesis_ws/install/IK_pkg/bin'
[4.541s] Level 1:colcon.colcon_core.environment:create_environment_scripts_only(IK_pkg)
[4.541s] INFO:colcon.colcon_core.shell:Creating package script '/home/tumirk/thesis_ws/install/IK_pkg/share/IK_pkg/package.ps1'
[4.542s] INFO:colcon.colcon_core.shell:Creating package descriptor '/home/tumirk/thesis_ws/install/IK_pkg/share/IK_pkg/package.dsv'
[4.543s] INFO:colcon.colcon_core.shell:Creating package script '/home/tumirk/thesis_ws/install/IK_pkg/share/IK_pkg/package.sh'
[4.544s] INFO:colcon.colcon_core.shell:Creating package script '/home/tumirk/thesis_ws/install/IK_pkg/share/IK_pkg/package.bash'
[4.545s] INFO:colcon.colcon_core.shell:Creating package script '/home/tumirk/thesis_ws/install/IK_pkg/share/IK_pkg/package.zsh'
[4.546s] Level 1:colcon.colcon_core.environment:create_file_with_runtime_dependencies(/home/tumirk/thesis_ws/install/IK_pkg/share/colcon-core/packages/IK_pkg)
[4.548s] DEBUG:colcon.colcon_parallel_executor.executor.parallel:closing loop
[4.548s] DEBUG:colcon.colcon_parallel_executor.executor.parallel:loop closed
[4.548s] DEBUG:colcon.colcon_parallel_executor.executor.parallel:run_until_complete finished with '0'
[4.548s] DEBUG:colcon.colcon_core.event_reactor:joining thread
[4.573s] INFO:colcon.colcon_core.plugin_system:Skipping extension 'colcon_notification.desktop_notification.terminal_notifier': Not used on non-Darwin systems
[4.574s] INFO:colcon.colcon_core.plugin_system:Skipping extension 'colcon_notification.desktop_notification.win32': Not used on non-Windows systems
[4.574s] INFO:colcon.colcon_notification.desktop_notification:Sending desktop notification using 'notify2'
[4.602s] DEBUG:colcon.colcon_core.event_reactor:joined thread
[4.602s] INFO:colcon.colcon_core.shell:Creating prefix script '/home/tumirk/thesis_ws/install/local_setup.ps1'
[4.604s] INFO:colcon.colcon_core.shell:Creating prefix util module '/home/tumirk/thesis_ws/install/_local_setup_util_ps1.py'
[4.605s] INFO:colcon.colcon_core.shell:Creating prefix chain script '/home/tumirk/thesis_ws/install/setup.ps1'
[4.622s] INFO:colcon.colcon_core.shell:Creating prefix script '/home/tumirk/thesis_ws/install/local_setup.sh'
[4.623s] INFO:colcon.colcon_core.shell:Creating prefix util module '/home/tumirk/thesis_ws/install/_local_setup_util_sh.py'
[4.624s] INFO:colcon.colcon_core.shell:Creating prefix chain script '/home/tumirk/thesis_ws/install/setup.sh'
[4.638s] INFO:colcon.colcon_core.shell:Creating prefix script '/home/tumirk/thesis_ws/install/local_setup.bash'
[4.639s] INFO:colcon.colcon_core.shell:Creating prefix chain script '/home/tumirk/thesis_ws/install/setup.bash'
[4.654s] INFO:colcon.colcon_core.shell:Creating prefix script '/home/tumirk/thesis_ws/install/local_setup.zsh'
[4.655s] INFO:colcon.colcon_core.shell:Creating prefix chain script '/home/tumirk/thesis_ws/install/setup.zsh'
