running egg_info
writing ../../build/IK_pkg/IK_pkg.egg-info/PKG-INFO
writing dependency_links to ../../build/IK_pkg/IK_pkg.egg-info/dependency_links.txt
writing entry points to ../../build/IK_pkg/IK_pkg.egg-info/entry_points.txt
writing requirements to ../../build/IK_pkg/IK_pkg.egg-info/requires.txt
writing top-level names to ../../build/IK_pkg/IK_pkg.egg-info/top_level.txt
reading manifest file '../../build/IK_pkg/IK_pkg.egg-info/SOURCES.txt'
adding license file 'LICENSE'
writing manifest file '../../build/IK_pkg/IK_pkg.egg-info/SOURCES.txt'
running build
running build_py
copying IK_pkg/motor_node.py -> /home/tumirk/thesis_ws/build/IK_pkg/build/lib/IK_pkg
running install
running install_lib
copying /home/tumirk/thesis_ws/build/IK_pkg/build/lib/IK_pkg/motor_node.py -> /home/tumirk/thesis_ws/install/IK_pkg/lib/python3.10/site-packages/IK_pkg
byte-compiling /home/tumirk/thesis_ws/install/IK_pkg/lib/python3.10/site-packages/IK_pkg/motor_node.py to motor_node.cpython-310.pyc
running install_data
running install_egg_info
removing '/home/tumirk/thesis_ws/install/IK_pkg/lib/python3.10/site-packages/IK_pkg-0.0.0-py3.10.egg-info' (and everything under it)
Copying ../../build/IK_pkg/IK_pkg.egg-info to /home/tumirk/thesis_ws/install/IK_pkg/lib/python3.10/site-packages/IK_pkg-0.0.0-py3.10.egg-info
running install_scripts
Installing computation_node script to /home/tumirk/thesis_ws/install/IK_pkg/lib/IK_pkg
Installing motor_node script to /home/tumirk/thesis_ws/install/IK_pkg/lib/IK_pkg
Installing user_node script to /home/tumirk/thesis_ws/install/IK_pkg/lib/IK_pkg
writing list of installed files to '/home/tumirk/thesis_ws/build/IK_pkg/install.log'
