/home/tumirk/thesis_ws/install/IK_pkg/lib/python3.10/site-packages/IK_pkg/__init__.py
/home/tumirk/thesis_ws/install/IK_pkg/lib/python3.10/site-packages/IK_pkg/bci_node_test.py
/home/tumirk/thesis_ws/install/IK_pkg/lib/python3.10/site-packages/IK_pkg/computation_node.py
/home/tumirk/thesis_ws/install/IK_pkg/lib/python3.10/site-packages/IK_pkg/user_node.py
/home/tumirk/thesis_ws/install/IK_pkg/lib/python3.10/site-packages/IK_pkg/motor_node.py
/home/tumirk/thesis_ws/install/IK_pkg/lib/python3.10/site-packages/IK_pkg/bci_node_real.py
/home/tumirk/thesis_ws/install/IK_pkg/lib/python3.10/site-packages/IK_pkg/__pycache__/__init__.cpython-310.pyc
/home/tumirk/thesis_ws/install/IK_pkg/lib/python3.10/site-packages/IK_pkg/__pycache__/bci_node_test.cpython-310.pyc
/home/tumirk/thesis_ws/install/IK_pkg/lib/python3.10/site-packages/IK_pkg/__pycache__/computation_node.cpython-310.pyc
/home/tumirk/thesis_ws/install/IK_pkg/lib/python3.10/site-packages/IK_pkg/__pycache__/user_node.cpython-310.pyc
/home/tumirk/thesis_ws/install/IK_pkg/lib/python3.10/site-packages/IK_pkg/__pycache__/motor_node.cpython-310.pyc
/home/tumirk/thesis_ws/install/IK_pkg/lib/python3.10/site-packages/IK_pkg/__pycache__/bci_node_real.cpython-310.pyc
/home/tumirk/thesis_ws/install/IK_pkg/share/ament_index/resource_index/packages/IK_pkg
/home/tumirk/thesis_ws/install/IK_pkg/share/IK_pkg/package.xml
/home/tumirk/thesis_ws/install/IK_pkg/lib/python3.10/site-packages/IK_pkg-0.0.0-py3.10.egg-info/zip-safe
/home/tumirk/thesis_ws/install/IK_pkg/lib/python3.10/site-packages/IK_pkg-0.0.0-py3.10.egg-info/SOURCES.txt
/home/tumirk/thesis_ws/install/IK_pkg/lib/python3.10/site-packages/IK_pkg-0.0.0-py3.10.egg-info/dependency_links.txt
/home/tumirk/thesis_ws/install/IK_pkg/lib/python3.10/site-packages/IK_pkg-0.0.0-py3.10.egg-info/top_level.txt
/home/tumirk/thesis_ws/install/IK_pkg/lib/python3.10/site-packages/IK_pkg-0.0.0-py3.10.egg-info/PKG-INFO
/home/tumirk/thesis_ws/install/IK_pkg/lib/python3.10/site-packages/IK_pkg-0.0.0-py3.10.egg-info/entry_points.txt
/home/tumirk/thesis_ws/install/IK_pkg/lib/python3.10/site-packages/IK_pkg-0.0.0-py3.10.egg-info/requires.txt
/home/tumirk/thesis_ws/install/IK_pkg/lib/IK_pkg/bci_node_real
/home/tumirk/thesis_ws/install/IK_pkg/lib/IK_pkg/bci_node_test
/home/tumirk/thesis_ws/install/IK_pkg/lib/IK_pkg/computation_node
/home/tumirk/thesis_ws/install/IK_pkg/lib/IK_pkg/motor_node
/home/tumirk/thesis_ws/install/IK_pkg/lib/IK_pkg/user_node
