[1.901s] Invoking command in '/home/tumirk/thesis_ws/src/IK_pkg': PYTHONPATH=/home/tumirk/thesis_ws/build/IK_pkg/prefix_override:/usr/lib/python3/dist-packages/colcon_core/task/python/colcon_distutils_commands:/home/tumirk/thesis_ws/install/IK_pkg/lib/python3.10/site-packages:${PYTHONPATH} /usr/bin/python3 -W ignore:setup.py install is deprecated -W ignore:easy_install command is deprecated setup.py egg_info --egg-base ../../build/IK_pkg build --build-base /home/tumirk/thesis_ws/build/IK_pkg/build install --record /home/tumirk/thesis_ws/build/IK_pkg/install.log --single-version-externally-managed install_data
[2.509s] running egg_info
[2.510s] writing ../../build/IK_pkg/IK_pkg.egg-info/PKG-INFO
[2.511s] writing dependency_links to ../../build/IK_pkg/IK_pkg.egg-info/dependency_links.txt
[2.511s] writing entry points to ../../build/IK_pkg/IK_pkg.egg-info/entry_points.txt
[2.511s] writing requirements to ../../build/IK_pkg/IK_pkg.egg-info/requires.txt
[2.511s] writing top-level names to ../../build/IK_pkg/IK_pkg.egg-info/top_level.txt
[2.514s] reading manifest file '../../build/IK_pkg/IK_pkg.egg-info/SOURCES.txt'
[2.515s] adding license file 'LICENSE'
[2.515s] writing manifest file '../../build/IK_pkg/IK_pkg.egg-info/SOURCES.txt'
[2.516s] running build
[2.516s] running build_py
[2.516s] copying IK_pkg/computation_node.py -> /home/tumirk/thesis_ws/build/IK_pkg/build/lib/IK_pkg
[2.516s] copying IK_pkg/bci_node.py -> /home/tumirk/thesis_ws/build/IK_pkg/build/lib/IK_pkg
[2.518s] copying IK_pkg/user_node.py -> /home/tumirk/thesis_ws/build/IK_pkg/build/lib/IK_pkg
[2.518s] copying IK_pkg/motor_node.py -> /home/tumirk/thesis_ws/build/IK_pkg/build/lib/IK_pkg
[2.518s] copying IK_pkg/bci_note.py -> /home/tumirk/thesis_ws/build/IK_pkg/build/lib/IK_pkg
[2.518s] running install
[2.518s] running install_lib
[2.519s] copying /home/tumirk/thesis_ws/build/IK_pkg/build/lib/IK_pkg/computation_node.py -> /home/tumirk/thesis_ws/install/IK_pkg/lib/python3.10/site-packages/IK_pkg
[2.520s] copying /home/tumirk/thesis_ws/build/IK_pkg/build/lib/IK_pkg/bci_node.py -> /home/tumirk/thesis_ws/install/IK_pkg/lib/python3.10/site-packages/IK_pkg
[2.522s] copying /home/tumirk/thesis_ws/build/IK_pkg/build/lib/IK_pkg/user_node.py -> /home/tumirk/thesis_ws/install/IK_pkg/lib/python3.10/site-packages/IK_pkg
[2.523s] copying /home/tumirk/thesis_ws/build/IK_pkg/build/lib/IK_pkg/motor_node.py -> /home/tumirk/thesis_ws/install/IK_pkg/lib/python3.10/site-packages/IK_pkg
[2.523s] copying /home/tumirk/thesis_ws/build/IK_pkg/build/lib/IK_pkg/bci_note.py -> /home/tumirk/thesis_ws/install/IK_pkg/lib/python3.10/site-packages/IK_pkg
[2.524s] byte-compiling /home/tumirk/thesis_ws/install/IK_pkg/lib/python3.10/site-packages/IK_pkg/computation_node.py to computation_node.cpython-310.pyc
[2.527s] byte-compiling /home/tumirk/thesis_ws/install/IK_pkg/lib/python3.10/site-packages/IK_pkg/bci_node.py to bci_node.cpython-310.pyc
[2.528s] byte-compiling /home/tumirk/thesis_ws/install/IK_pkg/lib/python3.10/site-packages/IK_pkg/user_node.py to user_node.cpython-310.pyc
[2.529s] byte-compiling /home/tumirk/thesis_ws/install/IK_pkg/lib/python3.10/site-packages/IK_pkg/motor_node.py to motor_node.cpython-310.pyc
[2.530s] byte-compiling /home/tumirk/thesis_ws/install/IK_pkg/lib/python3.10/site-packages/IK_pkg/bci_note.py to bci_note.cpython-310.pyc
[2.531s] running install_data
[2.531s] running install_egg_info
[2.535s] removing '/home/tumirk/thesis_ws/install/IK_pkg/lib/python3.10/site-packages/IK_pkg-0.0.0-py3.10.egg-info' (and everything under it)
[2.536s] Copying ../../build/IK_pkg/IK_pkg.egg-info to /home/tumirk/thesis_ws/install/IK_pkg/lib/python3.10/site-packages/IK_pkg-0.0.0-py3.10.egg-info
[2.537s] running install_scripts
[2.593s] Installing computation_node script to /home/tumirk/thesis_ws/install/IK_pkg/lib/IK_pkg
[2.594s] Installing motor_node script to /home/tumirk/thesis_ws/install/IK_pkg/lib/IK_pkg
[2.594s] Installing user_node script to /home/tumirk/thesis_ws/install/IK_pkg/lib/IK_pkg
[2.594s] writing list of installed files to '/home/tumirk/thesis_ws/build/IK_pkg/install.log'
[2.627s] Invoked command in '/home/tumirk/thesis_ws/src/IK_pkg' returned '0': PYTHONPATH=/home/tumirk/thesis_ws/build/IK_pkg/prefix_override:/usr/lib/python3/dist-packages/colcon_core/task/python/colcon_distutils_commands:/home/tumirk/thesis_ws/install/IK_pkg/lib/python3.10/site-packages:${PYTHONPATH} /usr/bin/python3 -W ignore:setup.py install is deprecated -W ignore:easy_install command is deprecated setup.py egg_info --egg-base ../../build/IK_pkg build --build-base /home/tumirk/thesis_ws/build/IK_pkg/build install --record /home/tumirk/thesis_ws/build/IK_pkg/install.log --single-version-externally-managed install_data
