[30.039s] DEBUG:colcon:Command line arguments: ['/usr/bin/colcon', 'build', '--packages-select', 'interfaces']
[30.043s] DEBUG:colcon:Parsed command line arguments: Namespace(log_base=None, log_level=None, verb_name='build', build_base='build', install_base='install', merge_install=False, symlink_install=False, test_result_base=None, continue_on_error=False, executor='parallel', parallel_workers=6, event_handlers=None, ignore_user_meta=False, metas=['./colcon.meta'], base_paths=['.'], packages_ignore=None, packages_ignore_regex=None, paths=None, packages_up_to=None, packages_up_to_regex=None, packages_above=None, packages_above_and_dependencies=None, packages_above_depth=None, packages_select_by_dep=None, packages_skip_by_dep=None, packages_skip_up_to=None, packages_select_build_failed=False, packages_skip_build_finished=False, packages_select_test_failures=False, packages_skip_test_passed=False, packages_select=['interfaces'], packages_skip=None, packages_select_regex=None, packages_skip_regex=None, packages_start=None, packages_end=None, allow_overriding=[], cmake_args=None, cmake_target=None, cmake_target_skip_unavailable=False, cmake_clean_cache=False, cmake_clean_first=False, cmake_force_configure=False, ament_cmake_args=None, catkin_cmake_args=None, catkin_skip_building_tests=False, mixin_files=None, mixin=None, verb_parser=<colcon_mixin.mixin.mixin_argument.MixinArgumentDecorator object at 0x7aa38a587f70>, verb_extension=<colcon_core.verb.build.BuildVerb object at 0x7aa38a6ccf40>, main=<bound method BuildVerb.main of <colcon_core.verb.build.BuildVerb object at 0x7aa38a6ccf40>>, mixin_verb=('build',))
[64.687s] Level 1:colcon.colcon_core.package_discovery:discover_packages(colcon_meta) check parameters
[64.827s] Level 1:colcon.colcon_core.package_discovery:discover_packages(recursive) check parameters
[64.899s] Level 1:colcon.colcon_core.package_discovery:discover_packages(ignore) check parameters
[64.904s] Level 1:colcon.colcon_core.package_discovery:discover_packages(path) check parameters
[64.905s] Level 1:colcon.colcon_core.package_discovery:discover_packages(colcon_meta) discover
[64.907s] Level 1:colcon.colcon_core.package_discovery:discover_packages(recursive) discover
[64.918s] INFO:colcon.colcon_core.package_discovery:Crawling recursively for packages in '/home/tumirk/thesis_ws'
[64.981s] Level 1:colcon.colcon_core.package_identification:_identify(.) by extensions ['ignore', 'ignore_ament_install']
[64.989s] Level 1:colcon.colcon_core.package_identification:_identify(.) by extension 'ignore'
[64.996s] Level 1:colcon.colcon_core.package_identification:_identify(.) by extension 'ignore_ament_install'
[64.996s] Level 1:colcon.colcon_core.package_identification:_identify(.) by extensions ['colcon_pkg']
[64.996s] Level 1:colcon.colcon_core.package_identification:_identify(.) by extension 'colcon_pkg'
[64.996s] Level 1:colcon.colcon_core.package_identification:_identify(.) by extensions ['colcon_meta']
[64.996s] Level 1:colcon.colcon_core.package_identification:_identify(.) by extension 'colcon_meta'
[65.001s] Level 1:colcon.colcon_core.package_identification:_identify(.) by extensions ['ros']
[65.001s] Level 1:colcon.colcon_core.package_identification:_identify(.) by extension 'ros'
[66.862s] Level 1:colcon.colcon_core.package_identification:_identify(.) by extensions ['cmake', 'python']
[66.884s] Level 1:colcon.colcon_core.package_identification:_identify(.) by extension 'cmake'
[66.941s] Level 1:colcon.colcon_core.package_identification:_identify(.) by extension 'python'
[67.039s] Level 1:colcon.colcon_core.package_identification:_identify(.) by extensions ['python_setup_py']
[67.043s] Level 1:colcon.colcon_core.package_identification:_identify(.) by extension 'python_setup_py'
[67.052s] Level 1:colcon.colcon_core.package_identification:_identify(build) by extensions ['ignore', 'ignore_ament_install']
[67.053s] Level 1:colcon.colcon_core.package_identification:_identify(build) by extension 'ignore'
[67.054s] Level 1:colcon.colcon_core.package_identification:_identify(build) ignored
[67.055s] Level 1:colcon.colcon_core.package_identification:_identify(install) by extensions ['ignore', 'ignore_ament_install']
[67.055s] Level 1:colcon.colcon_core.package_identification:_identify(install) by extension 'ignore'
[67.055s] Level 1:colcon.colcon_core.package_identification:_identify(install) ignored
[67.057s] Level 1:colcon.colcon_core.package_identification:_identify(log) by extensions ['ignore', 'ignore_ament_install']
[67.057s] Level 1:colcon.colcon_core.package_identification:_identify(log) by extension 'ignore'
[67.058s] Level 1:colcon.colcon_core.package_identification:_identify(log) ignored
[67.061s] Level 1:colcon.colcon_core.package_identification:_identify(src) by extensions ['ignore', 'ignore_ament_install']
[67.061s] Level 1:colcon.colcon_core.package_identification:_identify(src) by extension 'ignore'
[67.061s] Level 1:colcon.colcon_core.package_identification:_identify(src) by extension 'ignore_ament_install'
[67.061s] Level 1:colcon.colcon_core.package_identification:_identify(src) by extensions ['colcon_pkg']
[67.061s] Level 1:colcon.colcon_core.package_identification:_identify(src) by extension 'colcon_pkg'
[67.062s] Level 1:colcon.colcon_core.package_identification:_identify(src) by extensions ['colcon_meta']
[67.062s] Level 1:colcon.colcon_core.package_identification:_identify(src) by extension 'colcon_meta'
[67.062s] Level 1:colcon.colcon_core.package_identification:_identify(src) by extensions ['ros']
[67.062s] Level 1:colcon.colcon_core.package_identification:_identify(src) by extension 'ros'
[67.063s] Level 1:colcon.colcon_core.package_identification:_identify(src) by extensions ['cmake', 'python']
[67.063s] Level 1:colcon.colcon_core.package_identification:_identify(src) by extension 'cmake'
[67.063s] Level 1:colcon.colcon_core.package_identification:_identify(src) by extension 'python'
[67.063s] Level 1:colcon.colcon_core.package_identification:_identify(src) by extensions ['python_setup_py']
[67.064s] Level 1:colcon.colcon_core.package_identification:_identify(src) by extension 'python_setup_py'
[67.066s] Level 1:colcon.colcon_core.package_identification:_identify(src/IK_pkg) by extensions ['ignore', 'ignore_ament_install']
[67.066s] Level 1:colcon.colcon_core.package_identification:_identify(src/IK_pkg) by extension 'ignore'
[67.066s] Level 1:colcon.colcon_core.package_identification:_identify(src/IK_pkg) by extension 'ignore_ament_install'
[67.066s] Level 1:colcon.colcon_core.package_identification:_identify(src/IK_pkg) by extensions ['colcon_pkg']
[67.067s] Level 1:colcon.colcon_core.package_identification:_identify(src/IK_pkg) by extension 'colcon_pkg'
[67.067s] Level 1:colcon.colcon_core.package_identification:_identify(src/IK_pkg) by extensions ['colcon_meta']
[67.067s] Level 1:colcon.colcon_core.package_identification:_identify(src/IK_pkg) by extension 'colcon_meta'
[67.067s] Level 1:colcon.colcon_core.package_identification:_identify(src/IK_pkg) by extensions ['ros']
[67.067s] Level 1:colcon.colcon_core.package_identification:_identify(src/IK_pkg) by extension 'ros'
[67.354s] DEBUG:colcon.colcon_core.package_identification:Package 'src/IK_pkg' with type 'ros.ament_python' and name 'IK_pkg'
[67.358s] Level 1:colcon.colcon_core.package_identification:_identify(src/interfaces) by extensions ['ignore', 'ignore_ament_install']
[67.359s] Level 1:colcon.colcon_core.package_identification:_identify(src/interfaces) by extension 'ignore'
[67.362s] Level 1:colcon.colcon_core.package_identification:_identify(src/interfaces) by extension 'ignore_ament_install'
[67.362s] Level 1:colcon.colcon_core.package_identification:_identify(src/interfaces) by extensions ['colcon_pkg']
[67.362s] Level 1:colcon.colcon_core.package_identification:_identify(src/interfaces) by extension 'colcon_pkg'
[67.362s] Level 1:colcon.colcon_core.package_identification:_identify(src/interfaces) by extensions ['colcon_meta']
[67.363s] Level 1:colcon.colcon_core.package_identification:_identify(src/interfaces) by extension 'colcon_meta'
[67.363s] Level 1:colcon.colcon_core.package_identification:_identify(src/interfaces) by extensions ['ros']
[67.363s] Level 1:colcon.colcon_core.package_identification:_identify(src/interfaces) by extension 'ros'
[67.385s] DEBUG:colcon.colcon_core.package_identification:Package 'src/interfaces' with type 'ros.ament_cmake' and name 'interfaces'
[67.387s] Level 1:colcon.colcon_core.package_discovery:discover_packages(recursive) using defaults
[67.388s] Level 1:colcon.colcon_core.package_discovery:discover_packages(ignore) discover
[67.388s] Level 1:colcon.colcon_core.package_discovery:discover_packages(ignore) using defaults
[67.388s] Level 1:colcon.colcon_core.package_discovery:discover_packages(path) discover
[67.388s] Level 1:colcon.colcon_core.package_discovery:discover_packages(path) using defaults
[77.825s] INFO:colcon.colcon_core.package_selection:Skipping not selected package 'IK_pkg' in 'src/IK_pkg'
[77.835s] Level 1:colcon.colcon_core.package_discovery:discover_packages(prefix_path) check parameters
[77.836s] Level 1:colcon.colcon_core.package_discovery:discover_packages(prefix_path) discover
[79.627s] DEBUG:colcon.colcon_installed_package_information.package_discovery:Found 0 installed packages in /home/tumirk/draft_ws/install
[79.636s] DEBUG:colcon.colcon_installed_package_information.package_discovery:Found 2 installed packages in /home/tumirk/thesis_ws/install
[80.011s] DEBUG:colcon.colcon_installed_package_information.package_discovery:Found 56 installed packages in /home/tumirk/ws_moveit/install
[105.427s] DEBUG:colcon.colcon_installed_package_information.package_discovery:Found 3 installed packages in /home/tumirk/robotis_ws/install
