[1.610s] Invoking command in '/home/tumirk/thesis_ws/src/IK_pkg': PYTHONPATH=/home/tumirk/thesis_ws/build/IK_pkg/prefix_override:/usr/lib/python3/dist-packages/colcon_core/task/python/colcon_distutils_commands:/home/tumirk/thesis_ws/install/IK_pkg/lib/python3.10/site-packages:${PYTHONPATH} /usr/bin/python3 -W ignore:setup.py install is deprecated -W ignore:easy_install command is deprecated setup.py egg_info --egg-base ../../build/IK_pkg build --build-base /home/tumirk/thesis_ws/build/IK_pkg/build install --record /home/tumirk/thesis_ws/build/IK_pkg/install.log --single-version-externally-managed install_data
[2.205s] running egg_info
[2.206s] writing ../../build/IK_pkg/IK_pkg.egg-info/PKG-INFO
[2.207s] writing dependency_links to ../../build/IK_pkg/IK_pkg.egg-info/dependency_links.txt
[2.207s] writing entry points to ../../build/IK_pkg/IK_pkg.egg-info/entry_points.txt
[2.207s] writing requirements to ../../build/IK_pkg/IK_pkg.egg-info/requires.txt
[2.208s] writing top-level names to ../../build/IK_pkg/IK_pkg.egg-info/top_level.txt
[2.210s] reading manifest file '../../build/IK_pkg/IK_pkg.egg-info/SOURCES.txt'
[2.211s] adding license file 'LICENSE'
[2.211s] writing manifest file '../../build/IK_pkg/IK_pkg.egg-info/SOURCES.txt'
[2.212s] running build
[2.212s] running build_py
[2.212s] running install
[2.213s] running install_lib
[2.218s] running install_data
[2.218s] running install_egg_info
[2.222s] removing '/home/tumirk/thesis_ws/install/IK_pkg/lib/python3.10/site-packages/IK_pkg-0.0.0-py3.10.egg-info' (and everything under it)
[2.222s] Copying ../../build/IK_pkg/IK_pkg.egg-info to /home/tumirk/thesis_ws/install/IK_pkg/lib/python3.10/site-packages/IK_pkg-0.0.0-py3.10.egg-info
[2.224s] running install_scripts
[2.269s] Installing bci_note = IK_pkg.user_note:mainbci_node = IK_pkg.user_node:mainuser_node script to /home/tumirk/thesis_ws/install/IK_pkg/lib/IK_pkg
[2.269s] Installing computation_node script to /home/tumirk/thesis_ws/install/IK_pkg/lib/IK_pkg
[2.269s] Installing motor_node script to /home/tumirk/thesis_ws/install/IK_pkg/lib/IK_pkg
[2.270s] writing list of installed files to '/home/tumirk/thesis_ws/build/IK_pkg/install.log'
[2.300s] Invoked command in '/home/tumirk/thesis_ws/src/IK_pkg' returned '0': PYTHONPATH=/home/tumirk/thesis_ws/build/IK_pkg/prefix_override:/usr/lib/python3/dist-packages/colcon_core/task/python/colcon_distutils_commands:/home/tumirk/thesis_ws/install/IK_pkg/lib/python3.10/site-packages:${PYTHONPATH} /usr/bin/python3 -W ignore:setup.py install is deprecated -W ignore:easy_install command is deprecated setup.py egg_info --egg-base ../../build/IK_pkg build --build-base /home/tumirk/thesis_ws/build/IK_pkg/build install --record /home/tumirk/thesis_ws/build/IK_pkg/install.log --single-version-externally-managed install_data
