[0.057s] Invoking command in '/home/tumirk/thesis_ws/build/interfaces': CMAKE_PREFIX_PATH=${CMAKE_PREFIX_PATH}:/home/tumirk/thesis_ws/install/IK_pkg:/home/tumirk/ws_moveit/install/moveit_configs_utils:/home/tumirk/ws_moveit/install/launch_param_builder:/opt/ros/humble:/home/tumirk/ros2_humble/install/rqt_bag_plugins:/home/tumirk/ros2_humble/install/rqt_bag:/home/tumirk/ros2_humble/install/launch_testing_examples:/home/tumirk/ros2_humble/install/ros2bag:/home/tumirk/ros2_humble/install/tracetools_test:/home/tumirk/ros2_humble/install/tracetools_launch:/home/tumirk/ros2_humble/install/topic_monitor:/home/tumirk/ros2_humble/install/tf2_tools:/home/tumirk/ros2_humble/install/examples_tf2_py:/home/tumirk/ros2_humble/install/tf2_ros_py:/home/tumirk/ros2_humble/install/sros2:/home/tumirk/ros2_humble/install/rqt_topic:/home/tumirk/ros2_humble/install/rqt_srv:/home/tumirk/ros2_humble/install/rqt_shell:/home/tumirk/ros2_humble/install/rqt_service_caller:/home/tumirk/ros2_humble/install/rqt_reconfigure:/home/tumirk/ros2_humble/install/rqt_py_console:/home/tumirk/ros2_humble/install/rqt_publisher:/home/tumirk/ros2_humble/install/rqt_plot:/home/tumirk/ros2_humble/install/rqt_action:/home/tumirk/ros2_humble/install/rqt_msg:/home/tumirk/ros2_humble/install/rqt_console:/home/tumirk/ros2_humble/install/rqt:/home/tumirk/ros2_humble/install/rqt_graph:/home/tumirk/ros2_humble/install/rqt_gui_py:/home/tumirk/ros2_humble/install/rqt_gui:/home/tumirk/ros2_humble/install/ros2trace:/home/tumirk/ros2_humble/install/ros2topic:/home/tumirk/ros2_humble/install/ros2test:/home/tumirk/ros2_humble/install/ros2component:/home/tumirk/ros2_humble/install/ros2param:/home/tumirk/ros2_humble/install/ros2lifecycle:/home/tumirk/ros2_humble/install/ros2service:/home/tumirk/ros2_humble/install/ros2run:/home/tumirk/ros2_humble/install/ros2launch:/home/tumirk/ros2_humble/install/ros2pkg:/home/tumirk/ros2_humble/install/ros2node:/home/tumirk/ros2_humble/install/ros2multicast:/home/tumirk/ros2_humble/install/ros2interface:/home/tumirk/ros2_humble/install/ros2doctor:/home/tumirk/ros2_humble/install/ros2action:/home/tumirk/ros2_humble/install/ros2cli:/home/tumirk/ros2_humble/install/quality_of_service_demo_py:/home/tumirk/ros2_humble/install/lifecycle_py:/home/tumirk/ros2_humble/install/launch_testing_ros:/home/tumirk/ros2_humble/install/launch_ros:/home/tumirk/ros2_humble/install/examples_rclpy_pointcloud_publisher:/home/tumirk/ros2_humble/install/examples_rclpy_minimal_subscriber:/home/tumirk/ros2_humble/install/examples_rclpy_minimal_service:/home/tumirk/ros2_humble/install/examples_rclpy_minimal_publisher:/home/tumirk/ros2_humble/install/examples_rclpy_minimal_client:/home/tumirk/ros2_humble/install/examples_rclpy_minimal_action_server:/home/tumirk/ros2_humble/install/examples_rclpy_minimal_action_client:/home/tumirk/ros2_humble/install/examples_rclpy_guard_conditions:/home/tumirk/ros2_humble/install/examples_rclpy_executors:/home/tumirk/ros2_humble/install/demo_nodes_py:/home/tumirk/ros2_humble/install/camera_info_manager_py:/home/tumirk/ros2_humble/install/action_tutorials_py:/home/tumirk/ros2_humble/install/ament_uncrustify:/home/tumirk/ros2_humble/install/tracetools_trace:/home/tumirk/ros2_humble/install/tracetools_read:/home/tumirk/ros2_humble/install/test_tracetools_launch:/home/tumirk/ros2_humble/install/test_launch_ros:/home/tumirk/ros2_humble/install/sensor_msgs_py:/home/tumirk/ros2_humble/install/rpyutils:/home/tumirk/ros2_humble/install/rosidl_runtime_py:/home/tumirk/ros2_humble/install/rosidl_cli:/home/tumirk/ros2_humble/install/launch_pytest:/home/tumirk/ros2_humble/install/launch_testing:/home/tumirk/ros2_humble/install/launch_yaml:/home/tumirk/ros2_humble/install/launch_xml:/home/tumirk/ros2_humble/install/launch:/home/tumirk/ros2_humble/install/osrf_pycommon:/home/tumirk/ros2_humble/install/domain_coordinator:/home/tumirk/ros2_humble/install/ament_xmllint:/home/tumirk/ros2_humble/install/ament_pyflakes:/home/tumirk/ros2_humble/install/ament_pycodestyle:/home/tumirk/ros2_humble/install/ament_pep257:/home/tumirk/ros2_humble/install/ament_pclint:/home/tumirk/ros2_humble/install/ament_package:/home/tumirk/ros2_humble/install/ament_mypy:/home/tumirk/ros2_humble/install/ament_lint_cmake:/home/tumirk/ros2_humble/install/ament_flake8:/home/tumirk/ros2_humble/install/ament_copyright:/home/tumirk/ros2_humble/install/ament_lint:/home/tumirk/ros2_humble/install/ament_index_python:/home/tumirk/ros2_humble/install/ament_cpplint:/home/tumirk/ros2_humble/install/ament_cppcheck:/home/tumirk/ros2_humble/install/ament_clang_tidy:/home/tumirk/ros2_humble/install/ament_clang_format /usr/bin/cmake --build /home/tumirk/thesis_ws/build/interfaces -- -j6 -l6
[0.250s] -- Found ament_cmake: 1.3.11 (/home/tumirk/ros2_humble/install/ament_cmake/share/ament_cmake/cmake)
[0.713s] -- Found rosidl_default_generators: 1.2.0 (/home/tumirk/ros2_humble/install/rosidl_default_generators/share/rosidl_default_generators/cmake)
[0.868s] -- Using all available rosidl_typesupport_c: rosidl_typesupport_fastrtps_c;rosidl_typesupport_introspection_c
[0.874s] -- Found rosidl_adapter: 3.1.6 (/home/tumirk/ros2_humble/install/rosidl_adapter/share/rosidl_adapter/cmake)
[0.966s] -- Using all available rosidl_typesupport_cpp: rosidl_typesupport_fastrtps_cpp;rosidl_typesupport_introspection_cpp
[1.799s] -- Found ament_cmake_ros: 0.10.0 (/home/tumirk/ros2_humble/install/ament_cmake_ros/share/ament_cmake_ros/cmake)
[2.489s] -- Using all available rosidl_typesupport_c: rosidl_typesupport_fastrtps_c;rosidl_typesupport_introspection_c
[3.322s] -- Using all available rosidl_typesupport_cpp: rosidl_typesupport_fastrtps_cpp;rosidl_typesupport_introspection_cpp
[3.400s] -- Found python_cmake_module: 0.10.0 (/home/tumirk/ros2_humble/install/python_cmake_module/share/python_cmake_module/cmake)
[3.485s] -- Using PYTHON_EXECUTABLE: /usr/bin/python3
[3.486s] -- Using PYTHON_INCLUDE_DIRS: /usr/include/python3.10
[3.486s] -- Using PYTHON_LIBRARIES: /usr/lib/x86_64-linux-gnu/libpython3.10.so
[3.956s] -- Configuring done
[4.013s] -- Generating done
[4.027s] -- Build files have been written to: /home/tumirk/thesis_ws/build/interfaces
[4.086s] [  2%] [34m[1mGenerating C code for ROS interfaces[0m
[4.113s] [  5%] [34m[1mGenerating C++ code for ROS interfaces[0m
[4.136s] [  5%] Built target ament_cmake_python_copy_interfaces
[4.813s] [35m[1mConsolidate compiler generated dependencies of target interfaces__rosidl_generator_c[0m
[4.870s] [  7%] [32mBuilding C object CMakeFiles/interfaces__rosidl_generator_c.dir/rosidl_generator_c/interfaces/srv/detail/compute_ik__functions.c.o[0m
[4.876s] [ 10%] [32mBuilding C object CMakeFiles/interfaces__rosidl_generator_c.dir/rosidl_generator_c/interfaces/srv/detail/control_motor__functions.c.o[0m
[4.886s] [ 10%] Built target interfaces__cpp
[4.922s] [ 12%] [34m[1mGenerating C++ introspection for ROS interfaces[0m
[4.924s] [ 15%] [34m[1mGenerating C++ type support for eProsima Fast-RTPS[0m
[4.938s] [ 17%] [34m[1mGenerating C++ type support dispatch for ROS interfaces[0m
[5.050s] running egg_info
[5.053s] writing interfaces.egg-info/PKG-INFO
[5.053s] writing dependency_links to interfaces.egg-info/dependency_links.txt
[5.053s] writing top-level names to interfaces.egg-info/top_level.txt
[5.057s] reading manifest file 'interfaces.egg-info/SOURCES.txt'
[5.062s] writing manifest file 'interfaces.egg-info/SOURCES.txt'
[5.067s] [ 20%] [32m[1mLinking C shared library libinterfaces__rosidl_generator_c.so[0m
[5.143s] [ 20%] Built target ament_cmake_python_build_interfaces_egg
[5.188s] [ 20%] Built target interfaces__rosidl_generator_c
[5.233s] [ 23%] [34m[1mGenerating C introspection for ROS interfaces[0m
[5.239s] [ 25%] [34m[1mGenerating C type support for eProsima Fast-RTPS[0m
[5.333s] [ 28%] [34m[1mGenerating C type support dispatch for ROS interfaces[0m
[5.709s] [35m[1mConsolidate compiler generated dependencies of target interfaces__rosidl_typesupport_cpp[0m
[5.806s] [ 30%] [32mBuilding CXX object CMakeFiles/interfaces__rosidl_typesupport_cpp.dir/rosidl_typesupport_cpp/interfaces/srv/compute_ik__type_support.cpp.o[0m
[5.882s] [35m[1mConsolidate compiler generated dependencies of target interfaces__rosidl_typesupport_fastrtps_cpp[0m
[5.936s] [ 33%] [32mBuilding CXX object CMakeFiles/interfaces__rosidl_typesupport_fastrtps_cpp.dir/rosidl_typesupport_fastrtps_cpp/interfaces/srv/detail/dds_fastrtps/compute_ik__type_support.cpp.o[0m
[6.054s] [35m[1mConsolidate compiler generated dependencies of target interfaces__rosidl_typesupport_introspection_cpp[0m
[6.123s] [ 35%] [32mBuilding CXX object CMakeFiles/interfaces__rosidl_typesupport_introspection_cpp.dir/rosidl_typesupport_introspection_cpp/interfaces/srv/detail/compute_ik__type_support.cpp.o[0m
[6.123s] [35m[1mConsolidate compiler generated dependencies of target interfaces__rosidl_typesupport_c[0m
[6.143s] [35m[1mConsolidate compiler generated dependencies of target interfaces__rosidl_typesupport_fastrtps_c[0m
[6.163s] [ 38%] [32mBuilding CXX object CMakeFiles/interfaces__rosidl_typesupport_c.dir/rosidl_typesupport_c/interfaces/srv/compute_ik__type_support.cpp.o[0m
[6.197s] [ 41%] [32mBuilding CXX object CMakeFiles/interfaces__rosidl_typesupport_fastrtps_c.dir/rosidl_typesupport_fastrtps_c/interfaces/srv/detail/compute_ik__type_support_c.cpp.o[0m
[6.268s] [35m[1mConsolidate compiler generated dependencies of target interfaces__rosidl_typesupport_introspection_c[0m
[6.279s] [ 43%] [32mBuilding CXX object CMakeFiles/interfaces__rosidl_typesupport_c.dir/rosidl_typesupport_c/interfaces/srv/control_motor__type_support.cpp.o[0m
[6.315s] [ 46%] [32mBuilding C object CMakeFiles/interfaces__rosidl_typesupport_introspection_c.dir/rosidl_typesupport_introspection_c/interfaces/srv/detail/compute_ik__type_support.c.o[0m
[6.402s] [ 48%] [32m[1mLinking CXX shared library libinterfaces__rosidl_typesupport_c.so[0m
[6.517s] [ 51%] [32mBuilding C object CMakeFiles/interfaces__rosidl_typesupport_introspection_c.dir/rosidl_typesupport_introspection_c/interfaces/srv/detail/control_motor__type_support.c.o[0m
[6.535s] [ 53%] [32mBuilding CXX object CMakeFiles/interfaces__rosidl_typesupport_cpp.dir/rosidl_typesupport_cpp/interfaces/srv/control_motor__type_support.cpp.o[0m
[6.611s] [ 56%] [32m[1mLinking C shared library libinterfaces__rosidl_typesupport_introspection_c.so[0m
[6.705s] [ 56%] Built target interfaces__rosidl_typesupport_introspection_c
[6.735s] [ 56%] Built target interfaces__rosidl_typesupport_c
[6.737s] [ 58%] [32mBuilding CXX object CMakeFiles/interfaces__rosidl_typesupport_fastrtps_c.dir/rosidl_typesupport_fastrtps_c/interfaces/srv/detail/control_motor__type_support_c.cpp.o[0m
[6.772s] [ 61%] [32mBuilding CXX object CMakeFiles/interfaces__rosidl_typesupport_introspection_cpp.dir/rosidl_typesupport_introspection_cpp/interfaces/srv/detail/control_motor__type_support.cpp.o[0m
[6.781s] [ 64%] [32mBuilding CXX object CMakeFiles/interfaces__rosidl_typesupport_fastrtps_cpp.dir/rosidl_typesupport_fastrtps_cpp/interfaces/srv/detail/dds_fastrtps/control_motor__type_support.cpp.o[0m
[7.055s] [ 66%] [32m[1mLinking CXX shared library libinterfaces__rosidl_typesupport_cpp.so[0m
[7.179s] [ 66%] Built target interfaces__rosidl_typesupport_cpp
[7.315s] [ 69%] [32m[1mLinking CXX shared library libinterfaces__rosidl_typesupport_fastrtps_c.so[0m
[7.372s] [ 71%] [32m[1mLinking CXX shared library libinterfaces__rosidl_typesupport_introspection_cpp.so[0m
[7.477s] [ 71%] Built target interfaces__rosidl_typesupport_fastrtps_c
[7.486s] [ 74%] [32m[1mLinking CXX shared library libinterfaces__rosidl_typesupport_fastrtps_cpp.so[0m
[7.515s] [ 74%] Built target interfaces__rosidl_typesupport_introspection_cpp
[7.674s] [ 74%] Built target interfaces__rosidl_typesupport_fastrtps_cpp
[7.731s] [ 74%] Built target interfaces
[7.782s] [ 76%] [34m[1mGenerating Python code for ROS interfaces[0m
[8.594s] [ 76%] Built target interfaces__py
[8.625s] [35m[1mConsolidate compiler generated dependencies of target interfaces__rosidl_generator_py[0m
[8.666s] [ 79%] [32mBuilding C object CMakeFiles/interfaces__rosidl_generator_py.dir/rosidl_generator_py/interfaces/srv/_compute_ik_s.c.o[0m
[8.670s] [ 82%] [32mBuilding C object CMakeFiles/interfaces__rosidl_generator_py.dir/rosidl_generator_py/interfaces/srv/_control_motor_s.c.o[0m
[8.888s] [ 84%] [32m[1mLinking C shared library rosidl_generator_py/interfaces/libinterfaces__rosidl_generator_py.so[0m
[8.971s] [ 84%] Built target interfaces__rosidl_generator_py
[9.012s] [35m[1mConsolidate compiler generated dependencies of target interfaces__rosidl_typesupport_c__pyext[0m
[9.012s] [35m[1mConsolidate compiler generated dependencies of target interfaces__rosidl_typesupport_fastrtps_c__pyext[0m
[9.014s] [35m[1mConsolidate compiler generated dependencies of target interfaces__rosidl_typesupport_introspection_c__pyext[0m
[9.049s] [ 87%] [32mBuilding C object CMakeFiles/interfaces__rosidl_typesupport_c__pyext.dir/rosidl_generator_py/interfaces/_interfaces_s.ep.rosidl_typesupport_c.c.o[0m
[9.049s] [ 92%] [32mBuilding C object CMakeFiles/interfaces__rosidl_typesupport_introspection_c__pyext.dir/rosidl_generator_py/interfaces/_interfaces_s.ep.rosidl_typesupport_introspection_c.c.o[0m
[9.049s] [ 92%] [32mBuilding C object CMakeFiles/interfaces__rosidl_typesupport_fastrtps_c__pyext.dir/rosidl_generator_py/interfaces/_interfaces_s.ep.rosidl_typesupport_fastrtps_c.c.o[0m
[9.242s] [ 94%] [32m[1mLinking C shared library rosidl_generator_py/interfaces/interfaces_s__rosidl_typesupport_introspection_c.cpython-310-x86_64-linux-gnu.so[0m
[9.247s] [ 97%] [32m[1mLinking C shared library rosidl_generator_py/interfaces/interfaces_s__rosidl_typesupport_fastrtps_c.cpython-310-x86_64-linux-gnu.so[0m
[9.248s] [100%] [32m[1mLinking C shared library rosidl_generator_py/interfaces/interfaces_s__rosidl_typesupport_c.cpython-310-x86_64-linux-gnu.so[0m
[9.326s] [100%] Built target interfaces__rosidl_typesupport_introspection_c__pyext
[9.331s] [100%] Built target interfaces__rosidl_typesupport_c__pyext
[9.334s] [100%] Built target interfaces__rosidl_typesupport_fastrtps_c__pyext
[9.364s] Invoked command in '/home/tumirk/thesis_ws/build/interfaces' returned '0': CMAKE_PREFIX_PATH=${CMAKE_PREFIX_PATH}:/home/tumirk/thesis_ws/install/IK_pkg:/home/tumirk/ws_moveit/install/moveit_configs_utils:/home/tumirk/ws_moveit/install/launch_param_builder:/opt/ros/humble:/home/tumirk/ros2_humble/install/rqt_bag_plugins:/home/tumirk/ros2_humble/install/rqt_bag:/home/tumirk/ros2_humble/install/launch_testing_examples:/home/tumirk/ros2_humble/install/ros2bag:/home/tumirk/ros2_humble/install/tracetools_test:/home/tumirk/ros2_humble/install/tracetools_launch:/home/tumirk/ros2_humble/install/topic_monitor:/home/tumirk/ros2_humble/install/tf2_tools:/home/tumirk/ros2_humble/install/examples_tf2_py:/home/tumirk/ros2_humble/install/tf2_ros_py:/home/tumirk/ros2_humble/install/sros2:/home/tumirk/ros2_humble/install/rqt_topic:/home/tumirk/ros2_humble/install/rqt_srv:/home/tumirk/ros2_humble/install/rqt_shell:/home/tumirk/ros2_humble/install/rqt_service_caller:/home/tumirk/ros2_humble/install/rqt_reconfigure:/home/tumirk/ros2_humble/install/rqt_py_console:/home/tumirk/ros2_humble/install/rqt_publisher:/home/tumirk/ros2_humble/install/rqt_plot:/home/tumirk/ros2_humble/install/rqt_action:/home/tumirk/ros2_humble/install/rqt_msg:/home/tumirk/ros2_humble/install/rqt_console:/home/tumirk/ros2_humble/install/rqt:/home/tumirk/ros2_humble/install/rqt_graph:/home/tumirk/ros2_humble/install/rqt_gui_py:/home/tumirk/ros2_humble/install/rqt_gui:/home/tumirk/ros2_humble/install/ros2trace:/home/tumirk/ros2_humble/install/ros2topic:/home/tumirk/ros2_humble/install/ros2test:/home/tumirk/ros2_humble/install/ros2component:/home/tumirk/ros2_humble/install/ros2param:/home/tumirk/ros2_humble/install/ros2lifecycle:/home/tumirk/ros2_humble/install/ros2service:/home/tumirk/ros2_humble/install/ros2run:/home/tumirk/ros2_humble/install/ros2launch:/home/tumirk/ros2_humble/install/ros2pkg:/home/tumirk/ros2_humble/install/ros2node:/home/tumirk/ros2_humble/install/ros2multicast:/home/tumirk/ros2_humble/install/ros2interface:/home/tumirk/ros2_humble/install/ros2doctor:/home/tumirk/ros2_humble/install/ros2action:/home/tumirk/ros2_humble/install/ros2cli:/home/tumirk/ros2_humble/install/quality_of_service_demo_py:/home/tumirk/ros2_humble/install/lifecycle_py:/home/tumirk/ros2_humble/install/launch_testing_ros:/home/tumirk/ros2_humble/install/launch_ros:/home/tumirk/ros2_humble/install/examples_rclpy_pointcloud_publisher:/home/tumirk/ros2_humble/install/examples_rclpy_minimal_subscriber:/home/tumirk/ros2_humble/install/examples_rclpy_minimal_service:/home/tumirk/ros2_humble/install/examples_rclpy_minimal_publisher:/home/tumirk/ros2_humble/install/examples_rclpy_minimal_client:/home/tumirk/ros2_humble/install/examples_rclpy_minimal_action_server:/home/tumirk/ros2_humble/install/examples_rclpy_minimal_action_client:/home/tumirk/ros2_humble/install/examples_rclpy_guard_conditions:/home/tumirk/ros2_humble/install/examples_rclpy_executors:/home/tumirk/ros2_humble/install/demo_nodes_py:/home/tumirk/ros2_humble/install/camera_info_manager_py:/home/tumirk/ros2_humble/install/action_tutorials_py:/home/tumirk/ros2_humble/install/ament_uncrustify:/home/tumirk/ros2_humble/install/tracetools_trace:/home/tumirk/ros2_humble/install/tracetools_read:/home/tumirk/ros2_humble/install/test_tracetools_launch:/home/tumirk/ros2_humble/install/test_launch_ros:/home/tumirk/ros2_humble/install/sensor_msgs_py:/home/tumirk/ros2_humble/install/rpyutils:/home/tumirk/ros2_humble/install/rosidl_runtime_py:/home/tumirk/ros2_humble/install/rosidl_cli:/home/tumirk/ros2_humble/install/launch_pytest:/home/tumirk/ros2_humble/install/launch_testing:/home/tumirk/ros2_humble/install/launch_yaml:/home/tumirk/ros2_humble/install/launch_xml:/home/tumirk/ros2_humble/install/launch:/home/tumirk/ros2_humble/install/osrf_pycommon:/home/tumirk/ros2_humble/install/domain_coordinator:/home/tumirk/ros2_humble/install/ament_xmllint:/home/tumirk/ros2_humble/install/ament_pyflakes:/home/tumirk/ros2_humble/install/ament_pycodestyle:/home/tumirk/ros2_humble/install/ament_pep257:/home/tumirk/ros2_humble/install/ament_pclint:/home/tumirk/ros2_humble/install/ament_package:/home/tumirk/ros2_humble/install/ament_mypy:/home/tumirk/ros2_humble/install/ament_lint_cmake:/home/tumirk/ros2_humble/install/ament_flake8:/home/tumirk/ros2_humble/install/ament_copyright:/home/tumirk/ros2_humble/install/ament_lint:/home/tumirk/ros2_humble/install/ament_index_python:/home/tumirk/ros2_humble/install/ament_cpplint:/home/tumirk/ros2_humble/install/ament_cppcheck:/home/tumirk/ros2_humble/install/ament_clang_tidy:/home/tumirk/ros2_humble/install/ament_clang_format /usr/bin/cmake --build /home/tumirk/thesis_ws/build/interfaces -- -j6 -l6
[9.395s] Invoking command in '/home/tumirk/thesis_ws/build/interfaces': CMAKE_PREFIX_PATH=${CMAKE_PREFIX_PATH}:/home/tumirk/thesis_ws/install/IK_pkg:/home/tumirk/ws_moveit/install/moveit_configs_utils:/home/tumirk/ws_moveit/install/launch_param_builder:/opt/ros/humble:/home/tumirk/ros2_humble/install/rqt_bag_plugins:/home/tumirk/ros2_humble/install/rqt_bag:/home/tumirk/ros2_humble/install/launch_testing_examples:/home/tumirk/ros2_humble/install/ros2bag:/home/tumirk/ros2_humble/install/tracetools_test:/home/tumirk/ros2_humble/install/tracetools_launch:/home/tumirk/ros2_humble/install/topic_monitor:/home/tumirk/ros2_humble/install/tf2_tools:/home/tumirk/ros2_humble/install/examples_tf2_py:/home/tumirk/ros2_humble/install/tf2_ros_py:/home/tumirk/ros2_humble/install/sros2:/home/tumirk/ros2_humble/install/rqt_topic:/home/tumirk/ros2_humble/install/rqt_srv:/home/tumirk/ros2_humble/install/rqt_shell:/home/tumirk/ros2_humble/install/rqt_service_caller:/home/tumirk/ros2_humble/install/rqt_reconfigure:/home/tumirk/ros2_humble/install/rqt_py_console:/home/tumirk/ros2_humble/install/rqt_publisher:/home/tumirk/ros2_humble/install/rqt_plot:/home/tumirk/ros2_humble/install/rqt_action:/home/tumirk/ros2_humble/install/rqt_msg:/home/tumirk/ros2_humble/install/rqt_console:/home/tumirk/ros2_humble/install/rqt:/home/tumirk/ros2_humble/install/rqt_graph:/home/tumirk/ros2_humble/install/rqt_gui_py:/home/tumirk/ros2_humble/install/rqt_gui:/home/tumirk/ros2_humble/install/ros2trace:/home/tumirk/ros2_humble/install/ros2topic:/home/tumirk/ros2_humble/install/ros2test:/home/tumirk/ros2_humble/install/ros2component:/home/tumirk/ros2_humble/install/ros2param:/home/tumirk/ros2_humble/install/ros2lifecycle:/home/tumirk/ros2_humble/install/ros2service:/home/tumirk/ros2_humble/install/ros2run:/home/tumirk/ros2_humble/install/ros2launch:/home/tumirk/ros2_humble/install/ros2pkg:/home/tumirk/ros2_humble/install/ros2node:/home/tumirk/ros2_humble/install/ros2multicast:/home/tumirk/ros2_humble/install/ros2interface:/home/tumirk/ros2_humble/install/ros2doctor:/home/tumirk/ros2_humble/install/ros2action:/home/tumirk/ros2_humble/install/ros2cli:/home/tumirk/ros2_humble/install/quality_of_service_demo_py:/home/tumirk/ros2_humble/install/lifecycle_py:/home/tumirk/ros2_humble/install/launch_testing_ros:/home/tumirk/ros2_humble/install/launch_ros:/home/tumirk/ros2_humble/install/examples_rclpy_pointcloud_publisher:/home/tumirk/ros2_humble/install/examples_rclpy_minimal_subscriber:/home/tumirk/ros2_humble/install/examples_rclpy_minimal_service:/home/tumirk/ros2_humble/install/examples_rclpy_minimal_publisher:/home/tumirk/ros2_humble/install/examples_rclpy_minimal_client:/home/tumirk/ros2_humble/install/examples_rclpy_minimal_action_server:/home/tumirk/ros2_humble/install/examples_rclpy_minimal_action_client:/home/tumirk/ros2_humble/install/examples_rclpy_guard_conditions:/home/tumirk/ros2_humble/install/examples_rclpy_executors:/home/tumirk/ros2_humble/install/demo_nodes_py:/home/tumirk/ros2_humble/install/camera_info_manager_py:/home/tumirk/ros2_humble/install/action_tutorials_py:/home/tumirk/ros2_humble/install/ament_uncrustify:/home/tumirk/ros2_humble/install/tracetools_trace:/home/tumirk/ros2_humble/install/tracetools_read:/home/tumirk/ros2_humble/install/test_tracetools_launch:/home/tumirk/ros2_humble/install/test_launch_ros:/home/tumirk/ros2_humble/install/sensor_msgs_py:/home/tumirk/ros2_humble/install/rpyutils:/home/tumirk/ros2_humble/install/rosidl_runtime_py:/home/tumirk/ros2_humble/install/rosidl_cli:/home/tumirk/ros2_humble/install/launch_pytest:/home/tumirk/ros2_humble/install/launch_testing:/home/tumirk/ros2_humble/install/launch_yaml:/home/tumirk/ros2_humble/install/launch_xml:/home/tumirk/ros2_humble/install/launch:/home/tumirk/ros2_humble/install/osrf_pycommon:/home/tumirk/ros2_humble/install/domain_coordinator:/home/tumirk/ros2_humble/install/ament_xmllint:/home/tumirk/ros2_humble/install/ament_pyflakes:/home/tumirk/ros2_humble/install/ament_pycodestyle:/home/tumirk/ros2_humble/install/ament_pep257:/home/tumirk/ros2_humble/install/ament_pclint:/home/tumirk/ros2_humble/install/ament_package:/home/tumirk/ros2_humble/install/ament_mypy:/home/tumirk/ros2_humble/install/ament_lint_cmake:/home/tumirk/ros2_humble/install/ament_flake8:/home/tumirk/ros2_humble/install/ament_copyright:/home/tumirk/ros2_humble/install/ament_lint:/home/tumirk/ros2_humble/install/ament_index_python:/home/tumirk/ros2_humble/install/ament_cpplint:/home/tumirk/ros2_humble/install/ament_cppcheck:/home/tumirk/ros2_humble/install/ament_clang_tidy:/home/tumirk/ros2_humble/install/ament_clang_format /usr/bin/cmake --install /home/tumirk/thesis_ws/build/interfaces
[9.418s] -- Install configuration: ""
[9.419s] -- Up-to-date: /home/tumirk/thesis_ws/install/interfaces/share/ament_index/resource_index/rosidl_interfaces/interfaces
[9.419s] -- Up-to-date: /home/tumirk/thesis_ws/install/interfaces/include/interfaces/interfaces
[9.419s] -- Up-to-date: /home/tumirk/thesis_ws/install/interfaces/include/interfaces/interfaces/srv
[9.420s] -- Up-to-date: /home/tumirk/thesis_ws/install/interfaces/include/interfaces/interfaces/srv/detail
[9.420s] -- Installing: /home/tumirk/thesis_ws/install/interfaces/include/interfaces/interfaces/srv/detail/control_motor__functions.c
[9.420s] -- Installing: /home/tumirk/thesis_ws/install/interfaces/include/interfaces/interfaces/srv/detail/compute_ik__functions.c
[9.420s] -- Installing: /home/tumirk/thesis_ws/install/interfaces/include/interfaces/interfaces/srv/detail/compute_ik__struct.h
[9.420s] -- Installing: /home/tumirk/thesis_ws/install/interfaces/include/interfaces/interfaces/srv/detail/control_motor__struct.h
[9.420s] -- Installing: /home/tumirk/thesis_ws/install/interfaces/include/interfaces/interfaces/srv/detail/compute_ik__functions.h
[9.421s] -- Installing: /home/tumirk/thesis_ws/install/interfaces/include/interfaces/interfaces/srv/detail/compute_ik__type_support.h
[9.421s] -- Installing: /home/tumirk/thesis_ws/install/interfaces/include/interfaces/interfaces/srv/detail/control_motor__type_support.h
[9.421s] -- Installing: /home/tumirk/thesis_ws/install/interfaces/include/interfaces/interfaces/srv/detail/control_motor__functions.h
[9.421s] -- Installing: /home/tumirk/thesis_ws/install/interfaces/include/interfaces/interfaces/srv/compute_ik.h
[9.421s] -- Installing: /home/tumirk/thesis_ws/install/interfaces/include/interfaces/interfaces/srv/control_motor.h
[9.422s] -- Up-to-date: /home/tumirk/thesis_ws/install/interfaces/include/interfaces/interfaces/msg
[9.422s] -- Up-to-date: /home/tumirk/thesis_ws/install/interfaces/include/interfaces/interfaces/msg/rosidl_generator_c__visibility_control.h
[9.422s] -- Up-to-date: /home/tumirk/thesis_ws/install/interfaces/share/interfaces/environment/library_path.sh
[9.423s] -- Installing: /home/tumirk/thesis_ws/install/interfaces/share/interfaces/environment/library_path.dsv
[9.423s] -- Installing: /home/tumirk/thesis_ws/install/interfaces/lib/libinterfaces__rosidl_generator_c.so
[9.424s] -- Set runtime path of "/home/tumirk/thesis_ws/install/interfaces/lib/libinterfaces__rosidl_generator_c.so" to ""
[9.424s] -- Up-to-date: /home/tumirk/thesis_ws/install/interfaces/include/interfaces/interfaces
[9.425s] -- Up-to-date: /home/tumirk/thesis_ws/install/interfaces/include/interfaces/interfaces/srv
[9.425s] -- Up-to-date: /home/tumirk/thesis_ws/install/interfaces/include/interfaces/interfaces/srv/detail
[9.425s] -- Installing: /home/tumirk/thesis_ws/install/interfaces/include/interfaces/interfaces/srv/detail/control_motor__rosidl_typesupport_fastrtps_c.h
[9.425s] -- Installing: /home/tumirk/thesis_ws/install/interfaces/include/interfaces/interfaces/srv/detail/compute_ik__rosidl_typesupport_fastrtps_c.h
[9.425s] -- Up-to-date: /home/tumirk/thesis_ws/install/interfaces/include/interfaces/interfaces/msg
[9.426s] -- Up-to-date: /home/tumirk/thesis_ws/install/interfaces/include/interfaces/interfaces/msg/rosidl_typesupport_fastrtps_c__visibility_control.h
[9.426s] -- Installing: /home/tumirk/thesis_ws/install/interfaces/lib/libinterfaces__rosidl_typesupport_fastrtps_c.so
[9.427s] -- Set runtime path of "/home/tumirk/thesis_ws/install/interfaces/lib/libinterfaces__rosidl_typesupport_fastrtps_c.so" to ""
[9.427s] -- Up-to-date: /home/tumirk/thesis_ws/install/interfaces/include/interfaces/interfaces
[9.427s] -- Up-to-date: /home/tumirk/thesis_ws/install/interfaces/include/interfaces/interfaces/srv
[9.428s] -- Up-to-date: /home/tumirk/thesis_ws/install/interfaces/include/interfaces/interfaces/srv/detail
[9.428s] -- Installing: /home/tumirk/thesis_ws/install/interfaces/include/interfaces/interfaces/srv/detail/compute_ik__rosidl_typesupport_introspection_c.h
[9.429s] -- Installing: /home/tumirk/thesis_ws/install/interfaces/include/interfaces/interfaces/srv/detail/compute_ik__type_support.c
[9.429s] -- Installing: /home/tumirk/thesis_ws/install/interfaces/include/interfaces/interfaces/srv/detail/control_motor__type_support.c
[9.429s] -- Installing: /home/tumirk/thesis_ws/install/interfaces/include/interfaces/interfaces/srv/detail/control_motor__rosidl_typesupport_introspection_c.h
[9.429s] -- Up-to-date: /home/tumirk/thesis_ws/install/interfaces/include/interfaces/interfaces/msg
[9.429s] -- Up-to-date: /home/tumirk/thesis_ws/install/interfaces/include/interfaces/interfaces/msg/rosidl_typesupport_introspection_c__visibility_control.h
[9.430s] -- Installing: /home/tumirk/thesis_ws/install/interfaces/lib/libinterfaces__rosidl_typesupport_introspection_c.so
[9.430s] -- Set runtime path of "/home/tumirk/thesis_ws/install/interfaces/lib/libinterfaces__rosidl_typesupport_introspection_c.so" to ""
[9.431s] -- Installing: /home/tumirk/thesis_ws/install/interfaces/lib/libinterfaces__rosidl_typesupport_c.so
[9.431s] -- Set runtime path of "/home/tumirk/thesis_ws/install/interfaces/lib/libinterfaces__rosidl_typesupport_c.so" to ""
[9.432s] -- Up-to-date: /home/tumirk/thesis_ws/install/interfaces/include/interfaces/interfaces
[9.432s] -- Up-to-date: /home/tumirk/thesis_ws/install/interfaces/include/interfaces/interfaces/srv
[9.432s] -- Installing: /home/tumirk/thesis_ws/install/interfaces/include/interfaces/interfaces/srv/control_motor.hpp
[9.432s] -- Up-to-date: /home/tumirk/thesis_ws/install/interfaces/include/interfaces/interfaces/srv/detail
[9.432s] -- Installing: /home/tumirk/thesis_ws/install/interfaces/include/interfaces/interfaces/srv/detail/compute_ik__struct.hpp
[9.433s] -- Installing: /home/tumirk/thesis_ws/install/interfaces/include/interfaces/interfaces/srv/detail/control_motor__builder.hpp
[9.433s] -- Installing: /home/tumirk/thesis_ws/install/interfaces/include/interfaces/interfaces/srv/detail/compute_ik__builder.hpp
[9.434s] -- Installing: /home/tumirk/thesis_ws/install/interfaces/include/interfaces/interfaces/srv/detail/control_motor__type_support.hpp
[9.434s] -- Installing: /home/tumirk/thesis_ws/install/interfaces/include/interfaces/interfaces/srv/detail/compute_ik__traits.hpp
[9.434s] -- Installing: /home/tumirk/thesis_ws/install/interfaces/include/interfaces/interfaces/srv/detail/compute_ik__type_support.hpp
[9.435s] -- Installing: /home/tumirk/thesis_ws/install/interfaces/include/interfaces/interfaces/srv/detail/control_motor__traits.hpp
[9.435s] -- Installing: /home/tumirk/thesis_ws/install/interfaces/include/interfaces/interfaces/srv/detail/control_motor__struct.hpp
[9.435s] -- Installing: /home/tumirk/thesis_ws/install/interfaces/include/interfaces/interfaces/srv/compute_ik.hpp
[9.435s] -- Up-to-date: /home/tumirk/thesis_ws/install/interfaces/include/interfaces/interfaces/msg
[9.435s] -- Up-to-date: /home/tumirk/thesis_ws/install/interfaces/include/interfaces/interfaces/msg/rosidl_generator_cpp__visibility_control.hpp
[9.436s] -- Up-to-date: /home/tumirk/thesis_ws/install/interfaces/include/interfaces/interfaces
[9.436s] -- Up-to-date: /home/tumirk/thesis_ws/install/interfaces/include/interfaces/interfaces/srv
[9.436s] -- Up-to-date: /home/tumirk/thesis_ws/install/interfaces/include/interfaces/interfaces/srv/detail
[9.436s] -- Installing: /home/tumirk/thesis_ws/install/interfaces/include/interfaces/interfaces/srv/detail/control_motor__rosidl_typesupport_fastrtps_cpp.hpp
[9.436s] -- Installing: /home/tumirk/thesis_ws/install/interfaces/include/interfaces/interfaces/srv/detail/compute_ik__rosidl_typesupport_fastrtps_cpp.hpp
[9.437s] -- Up-to-date: /home/tumirk/thesis_ws/install/interfaces/include/interfaces/interfaces/srv/detail/dds_fastrtps
[9.437s] -- Up-to-date: /home/tumirk/thesis_ws/install/interfaces/include/interfaces/interfaces/msg
[9.437s] -- Up-to-date: /home/tumirk/thesis_ws/install/interfaces/include/interfaces/interfaces/msg/rosidl_typesupport_fastrtps_cpp__visibility_control.h
[9.438s] -- Installing: /home/tumirk/thesis_ws/install/interfaces/lib/libinterfaces__rosidl_typesupport_fastrtps_cpp.so
[9.438s] -- Set runtime path of "/home/tumirk/thesis_ws/install/interfaces/lib/libinterfaces__rosidl_typesupport_fastrtps_cpp.so" to ""
[9.438s] -- Up-to-date: /home/tumirk/thesis_ws/install/interfaces/include/interfaces/interfaces
[9.438s] -- Up-to-date: /home/tumirk/thesis_ws/install/interfaces/include/interfaces/interfaces/srv
[9.439s] -- Up-to-date: /home/tumirk/thesis_ws/install/interfaces/include/interfaces/interfaces/srv/detail
[9.439s] -- Installing: /home/tumirk/thesis_ws/install/interfaces/include/interfaces/interfaces/srv/detail/control_motor__type_support.cpp
[9.439s] -- Installing: /home/tumirk/thesis_ws/install/interfaces/include/interfaces/interfaces/srv/detail/compute_ik__type_support.cpp
[9.439s] -- Installing: /home/tumirk/thesis_ws/install/interfaces/include/interfaces/interfaces/srv/detail/control_motor__rosidl_typesupport_introspection_cpp.hpp
[9.439s] -- Installing: /home/tumirk/thesis_ws/install/interfaces/include/interfaces/interfaces/srv/detail/compute_ik__rosidl_typesupport_introspection_cpp.hpp
[9.440s] -- Installing: /home/tumirk/thesis_ws/install/interfaces/lib/libinterfaces__rosidl_typesupport_introspection_cpp.so
[9.441s] -- Set runtime path of "/home/tumirk/thesis_ws/install/interfaces/lib/libinterfaces__rosidl_typesupport_introspection_cpp.so" to ""
[9.441s] -- Installing: /home/tumirk/thesis_ws/install/interfaces/lib/libinterfaces__rosidl_typesupport_cpp.so
[9.442s] -- Set runtime path of "/home/tumirk/thesis_ws/install/interfaces/lib/libinterfaces__rosidl_typesupport_cpp.so" to ""
[9.442s] -- Up-to-date: /home/tumirk/thesis_ws/install/interfaces/share/interfaces/environment/pythonpath.sh
[9.442s] -- Installing: /home/tumirk/thesis_ws/install/interfaces/share/interfaces/environment/pythonpath.dsv
[9.443s] -- Up-to-date: /home/tumirk/thesis_ws/install/interfaces/local/lib/python3.10/dist-packages/interfaces-0.0.0-py3.10.egg-info
[9.443s] -- Installing: /home/tumirk/thesis_ws/install/interfaces/local/lib/python3.10/dist-packages/interfaces-0.0.0-py3.10.egg-info/SOURCES.txt
[9.448s] -- Installing: /home/tumirk/thesis_ws/install/interfaces/local/lib/python3.10/dist-packages/interfaces-0.0.0-py3.10.egg-info/dependency_links.txt
[9.448s] -- Installing: /home/tumirk/thesis_ws/install/interfaces/local/lib/python3.10/dist-packages/interfaces-0.0.0-py3.10.egg-info/top_level.txt
[9.449s] -- Installing: /home/tumirk/thesis_ws/install/interfaces/local/lib/python3.10/dist-packages/interfaces-0.0.0-py3.10.egg-info/PKG-INFO
[9.449s] -- Up-to-date: /home/tumirk/thesis_ws/install/interfaces/local/lib/python3.10/dist-packages/interfaces
[9.449s] -- Installing: /home/tumirk/thesis_ws/install/interfaces/local/lib/python3.10/dist-packages/interfaces/interfaces_s__rosidl_typesupport_fastrtps_c.cpython-310-x86_64-linux-gnu.so
[9.450s] -- Installing: /home/tumirk/thesis_ws/install/interfaces/local/lib/python3.10/dist-packages/interfaces/interfaces_s__rosidl_typesupport_c.cpython-310-x86_64-linux-gnu.so
[9.450s] -- Installing: /home/tumirk/thesis_ws/install/interfaces/local/lib/python3.10/dist-packages/interfaces/__init__.py
[9.450s] -- Installing: /home/tumirk/thesis_ws/install/interfaces/local/lib/python3.10/dist-packages/interfaces/interfaces_s__rosidl_typesupport_introspection_c.cpython-310-x86_64-linux-gnu.so
[9.451s] -- Up-to-date: /home/tumirk/thesis_ws/install/interfaces/local/lib/python3.10/dist-packages/interfaces/srv
[9.451s] -- Installing: /home/tumirk/thesis_ws/install/interfaces/local/lib/python3.10/dist-packages/interfaces/srv/_control_motor.py
[9.451s] -- Installing: /home/tumirk/thesis_ws/install/interfaces/local/lib/python3.10/dist-packages/interfaces/srv/_compute_ik_s.c
[9.452s] -- Installing: /home/tumirk/thesis_ws/install/interfaces/local/lib/python3.10/dist-packages/interfaces/srv/__init__.py
[9.452s] -- Installing: /home/tumirk/thesis_ws/install/interfaces/local/lib/python3.10/dist-packages/interfaces/srv/_control_motor_s.c
[9.452s] -- Installing: /home/tumirk/thesis_ws/install/interfaces/local/lib/python3.10/dist-packages/interfaces/srv/_compute_ik.py
[9.452s] -- Installing: /home/tumirk/thesis_ws/install/interfaces/local/lib/python3.10/dist-packages/interfaces/libinterfaces__rosidl_generator_py.so
[9.452s] -- Installing: /home/tumirk/thesis_ws/install/interfaces/local/lib/python3.10/dist-packages/interfaces/_interfaces_s.ep.rosidl_typesupport_c.c
[9.452s] -- Installing: /home/tumirk/thesis_ws/install/interfaces/local/lib/python3.10/dist-packages/interfaces/_interfaces_s.ep.rosidl_typesupport_fastrtps_c.c
[9.453s] -- Installing: /home/tumirk/thesis_ws/install/interfaces/local/lib/python3.10/dist-packages/interfaces/_interfaces_s.ep.rosidl_typesupport_introspection_c.c
[9.703s] Listing '/home/tumirk/thesis_ws/install/interfaces/local/lib/python3.10/dist-packages/interfaces'...
[9.703s] Compiling '/home/tumirk/thesis_ws/install/interfaces/local/lib/python3.10/dist-packages/interfaces/__init__.py'...
[9.703s] Listing '/home/tumirk/thesis_ws/install/interfaces/local/lib/python3.10/dist-packages/interfaces/srv'...
[9.703s] Compiling '/home/tumirk/thesis_ws/install/interfaces/local/lib/python3.10/dist-packages/interfaces/srv/__init__.py'...
[9.703s] Compiling '/home/tumirk/thesis_ws/install/interfaces/local/lib/python3.10/dist-packages/interfaces/srv/_compute_ik.py'...
[9.703s] Compiling '/home/tumirk/thesis_ws/install/interfaces/local/lib/python3.10/dist-packages/interfaces/srv/_control_motor.py'...
[9.717s] -- Installing: /home/tumirk/thesis_ws/install/interfaces/local/lib/python3.10/dist-packages/interfaces/interfaces_s__rosidl_typesupport_fastrtps_c.cpython-310-x86_64-linux-gnu.so
[9.717s] -- Set runtime path of "/home/tumirk/thesis_ws/install/interfaces/local/lib/python3.10/dist-packages/interfaces/interfaces_s__rosidl_typesupport_fastrtps_c.cpython-310-x86_64-linux-gnu.so" to ""
[9.718s] -- Installing: /home/tumirk/thesis_ws/install/interfaces/local/lib/python3.10/dist-packages/interfaces/interfaces_s__rosidl_typesupport_introspection_c.cpython-310-x86_64-linux-gnu.so
[9.718s] -- Set runtime path of "/home/tumirk/thesis_ws/install/interfaces/local/lib/python3.10/dist-packages/interfaces/interfaces_s__rosidl_typesupport_introspection_c.cpython-310-x86_64-linux-gnu.so" to ""
[9.718s] -- Installing: /home/tumirk/thesis_ws/install/interfaces/local/lib/python3.10/dist-packages/interfaces/interfaces_s__rosidl_typesupport_c.cpython-310-x86_64-linux-gnu.so
[9.719s] -- Set runtime path of "/home/tumirk/thesis_ws/install/interfaces/local/lib/python3.10/dist-packages/interfaces/interfaces_s__rosidl_typesupport_c.cpython-310-x86_64-linux-gnu.so" to ""
[9.719s] -- Installing: /home/tumirk/thesis_ws/install/interfaces/lib/libinterfaces__rosidl_generator_py.so
[9.719s] -- Set runtime path of "/home/tumirk/thesis_ws/install/interfaces/lib/libinterfaces__rosidl_generator_py.so" to ""
[9.720s] -- Installing: /home/tumirk/thesis_ws/install/interfaces/share/interfaces/srv/ComputeIK.idl
[9.721s] -- Up-to-date: /home/tumirk/thesis_ws/install/interfaces/share/interfaces/srv/ControlMotor.idl
[9.721s] -- Installing: /home/tumirk/thesis_ws/install/interfaces/share/interfaces/srv/ComputeIK.srv
[9.722s] -- Up-to-date: /home/tumirk/thesis_ws/install/interfaces/share/interfaces/srv/ComputeIK_Request.msg
[9.722s] -- Installing: /home/tumirk/thesis_ws/install/interfaces/share/interfaces/srv/ComputeIK_Response.msg
[9.724s] -- Up-to-date: /home/tumirk/thesis_ws/install/interfaces/share/interfaces/srv/ControlMotor.srv
[9.724s] -- Up-to-date: /home/tumirk/thesis_ws/install/interfaces/share/interfaces/srv/ControlMotor_Request.msg
[9.725s] -- Up-to-date: /home/tumirk/thesis_ws/install/interfaces/share/interfaces/srv/ControlMotor_Response.msg
[9.725s] -- Up-to-date: /home/tumirk/thesis_ws/install/interfaces/share/ament_index/resource_index/package_run_dependencies/interfaces
[9.725s] -- Up-to-date: /home/tumirk/thesis_ws/install/interfaces/share/ament_index/resource_index/parent_prefix_path/interfaces
[9.727s] -- Installing: /home/tumirk/thesis_ws/install/interfaces/share/interfaces/environment/ament_prefix_path.dsv
[9.727s] -- Installing: /home/tumirk/thesis_ws/install/interfaces/share/interfaces/environment/path.dsv
[9.729s] -- Up-to-date: /home/tumirk/thesis_ws/install/interfaces/share/interfaces/local_setup.bash
[9.729s] -- Up-to-date: /home/tumirk/thesis_ws/install/interfaces/share/interfaces/local_setup.sh
[9.730s] -- Up-to-date: /home/tumirk/thesis_ws/install/interfaces/share/interfaces/local_setup.zsh
[9.730s] -- Installing: /home/tumirk/thesis_ws/install/interfaces/share/interfaces/local_setup.dsv
[9.730s] -- Installing: /home/tumirk/thesis_ws/install/interfaces/share/interfaces/package.dsv
[9.730s] -- Up-to-date: /home/tumirk/thesis_ws/install/interfaces/share/ament_index/resource_index/packages/interfaces
[9.730s] -- Up-to-date: /home/tumirk/thesis_ws/install/interfaces/share/interfaces/cmake/export_interfaces__rosidl_generator_cExport.cmake
[9.731s] -- Up-to-date: /home/tumirk/thesis_ws/install/interfaces/share/interfaces/cmake/export_interfaces__rosidl_generator_cExport-noconfig.cmake
[9.732s] -- Up-to-date: /home/tumirk/thesis_ws/install/interfaces/share/interfaces/cmake/export_interfaces__rosidl_typesupport_fastrtps_cExport.cmake
[9.732s] -- Up-to-date: /home/tumirk/thesis_ws/install/interfaces/share/interfaces/cmake/export_interfaces__rosidl_typesupport_fastrtps_cExport-noconfig.cmake
[9.732s] -- Up-to-date: /home/tumirk/thesis_ws/install/interfaces/share/interfaces/cmake/interfaces__rosidl_typesupport_introspection_cExport.cmake
[9.732s] -- Up-to-date: /home/tumirk/thesis_ws/install/interfaces/share/interfaces/cmake/interfaces__rosidl_typesupport_introspection_cExport-noconfig.cmake
[9.734s] -- Up-to-date: /home/tumirk/thesis_ws/install/interfaces/share/interfaces/cmake/interfaces__rosidl_typesupport_cExport.cmake
[9.734s] -- Up-to-date: /home/tumirk/thesis_ws/install/interfaces/share/interfaces/cmake/interfaces__rosidl_typesupport_cExport-noconfig.cmake
[9.734s] -- Up-to-date: /home/tumirk/thesis_ws/install/interfaces/share/interfaces/cmake/export_interfaces__rosidl_generator_cppExport.cmake
[9.737s] -- Up-to-date: /home/tumirk/thesis_ws/install/interfaces/share/interfaces/cmake/export_interfaces__rosidl_typesupport_fastrtps_cppExport.cmake
[9.737s] -- Up-to-date: /home/tumirk/thesis_ws/install/interfaces/share/interfaces/cmake/export_interfaces__rosidl_typesupport_fastrtps_cppExport-noconfig.cmake
[9.737s] -- Up-to-date: /home/tumirk/thesis_ws/install/interfaces/share/interfaces/cmake/interfaces__rosidl_typesupport_introspection_cppExport.cmake
[9.737s] -- Up-to-date: /home/tumirk/thesis_ws/install/interfaces/share/interfaces/cmake/interfaces__rosidl_typesupport_introspection_cppExport-noconfig.cmake
[9.738s] -- Up-to-date: /home/tumirk/thesis_ws/install/interfaces/share/interfaces/cmake/interfaces__rosidl_typesupport_cppExport.cmake
[9.738s] -- Up-to-date: /home/tumirk/thesis_ws/install/interfaces/share/interfaces/cmake/interfaces__rosidl_typesupport_cppExport-noconfig.cmake
[9.738s] -- Up-to-date: /home/tumirk/thesis_ws/install/interfaces/share/interfaces/cmake/export_interfaces__rosidl_generator_pyExport.cmake
[9.739s] -- Up-to-date: /home/tumirk/thesis_ws/install/interfaces/share/interfaces/cmake/export_interfaces__rosidl_generator_pyExport-noconfig.cmake
[9.740s] -- Up-to-date: /home/tumirk/thesis_ws/install/interfaces/share/interfaces/cmake/rosidl_cmake-extras.cmake
[9.740s] -- Up-to-date: /home/tumirk/thesis_ws/install/interfaces/share/interfaces/cmake/ament_cmake_export_include_directories-extras.cmake
[9.740s] -- Up-to-date: /home/tumirk/thesis_ws/install/interfaces/share/interfaces/cmake/ament_cmake_export_libraries-extras.cmake
[9.740s] -- Up-to-date: /home/tumirk/thesis_ws/install/interfaces/share/interfaces/cmake/ament_cmake_export_targets-extras.cmake
[9.741s] -- Up-to-date: /home/tumirk/thesis_ws/install/interfaces/share/interfaces/cmake/rosidl_cmake_export_typesupport_targets-extras.cmake
[9.741s] -- Up-to-date: /home/tumirk/thesis_ws/install/interfaces/share/interfaces/cmake/ament_cmake_export_dependencies-extras.cmake
[9.742s] -- Up-to-date: /home/tumirk/thesis_ws/install/interfaces/share/interfaces/cmake/rosidl_cmake_export_typesupport_libraries-extras.cmake
[9.742s] -- Up-to-date: /home/tumirk/thesis_ws/install/interfaces/share/interfaces/cmake/interfacesConfig.cmake
[9.742s] -- Up-to-date: /home/tumirk/thesis_ws/install/interfaces/share/interfaces/cmake/interfacesConfig-version.cmake
[9.742s] -- Up-to-date: /home/tumirk/thesis_ws/install/interfaces/share/interfaces/package.xml
[9.749s] Invoked command in '/home/tumirk/thesis_ws/build/interfaces' returned '0': CMAKE_PREFIX_PATH=${CMAKE_PREFIX_PATH}:/home/tumirk/thesis_ws/install/IK_pkg:/home/tumirk/ws_moveit/install/moveit_configs_utils:/home/tumirk/ws_moveit/install/launch_param_builder:/opt/ros/humble:/home/tumirk/ros2_humble/install/rqt_bag_plugins:/home/tumirk/ros2_humble/install/rqt_bag:/home/tumirk/ros2_humble/install/launch_testing_examples:/home/tumirk/ros2_humble/install/ros2bag:/home/tumirk/ros2_humble/install/tracetools_test:/home/tumirk/ros2_humble/install/tracetools_launch:/home/tumirk/ros2_humble/install/topic_monitor:/home/tumirk/ros2_humble/install/tf2_tools:/home/tumirk/ros2_humble/install/examples_tf2_py:/home/tumirk/ros2_humble/install/tf2_ros_py:/home/tumirk/ros2_humble/install/sros2:/home/tumirk/ros2_humble/install/rqt_topic:/home/tumirk/ros2_humble/install/rqt_srv:/home/tumirk/ros2_humble/install/rqt_shell:/home/tumirk/ros2_humble/install/rqt_service_caller:/home/tumirk/ros2_humble/install/rqt_reconfigure:/home/tumirk/ros2_humble/install/rqt_py_console:/home/tumirk/ros2_humble/install/rqt_publisher:/home/tumirk/ros2_humble/install/rqt_plot:/home/tumirk/ros2_humble/install/rqt_action:/home/tumirk/ros2_humble/install/rqt_msg:/home/tumirk/ros2_humble/install/rqt_console:/home/tumirk/ros2_humble/install/rqt:/home/tumirk/ros2_humble/install/rqt_graph:/home/tumirk/ros2_humble/install/rqt_gui_py:/home/tumirk/ros2_humble/install/rqt_gui:/home/tumirk/ros2_humble/install/ros2trace:/home/tumirk/ros2_humble/install/ros2topic:/home/tumirk/ros2_humble/install/ros2test:/home/tumirk/ros2_humble/install/ros2component:/home/tumirk/ros2_humble/install/ros2param:/home/tumirk/ros2_humble/install/ros2lifecycle:/home/tumirk/ros2_humble/install/ros2service:/home/tumirk/ros2_humble/install/ros2run:/home/tumirk/ros2_humble/install/ros2launch:/home/tumirk/ros2_humble/install/ros2pkg:/home/tumirk/ros2_humble/install/ros2node:/home/tumirk/ros2_humble/install/ros2multicast:/home/tumirk/ros2_humble/install/ros2interface:/home/tumirk/ros2_humble/install/ros2doctor:/home/tumirk/ros2_humble/install/ros2action:/home/tumirk/ros2_humble/install/ros2cli:/home/tumirk/ros2_humble/install/quality_of_service_demo_py:/home/tumirk/ros2_humble/install/lifecycle_py:/home/tumirk/ros2_humble/install/launch_testing_ros:/home/tumirk/ros2_humble/install/launch_ros:/home/tumirk/ros2_humble/install/examples_rclpy_pointcloud_publisher:/home/tumirk/ros2_humble/install/examples_rclpy_minimal_subscriber:/home/tumirk/ros2_humble/install/examples_rclpy_minimal_service:/home/tumirk/ros2_humble/install/examples_rclpy_minimal_publisher:/home/tumirk/ros2_humble/install/examples_rclpy_minimal_client:/home/tumirk/ros2_humble/install/examples_rclpy_minimal_action_server:/home/tumirk/ros2_humble/install/examples_rclpy_minimal_action_client:/home/tumirk/ros2_humble/install/examples_rclpy_guard_conditions:/home/tumirk/ros2_humble/install/examples_rclpy_executors:/home/tumirk/ros2_humble/install/demo_nodes_py:/home/tumirk/ros2_humble/install/camera_info_manager_py:/home/tumirk/ros2_humble/install/action_tutorials_py:/home/tumirk/ros2_humble/install/ament_uncrustify:/home/tumirk/ros2_humble/install/tracetools_trace:/home/tumirk/ros2_humble/install/tracetools_read:/home/tumirk/ros2_humble/install/test_tracetools_launch:/home/tumirk/ros2_humble/install/test_launch_ros:/home/tumirk/ros2_humble/install/sensor_msgs_py:/home/tumirk/ros2_humble/install/rpyutils:/home/tumirk/ros2_humble/install/rosidl_runtime_py:/home/tumirk/ros2_humble/install/rosidl_cli:/home/tumirk/ros2_humble/install/launch_pytest:/home/tumirk/ros2_humble/install/launch_testing:/home/tumirk/ros2_humble/install/launch_yaml:/home/tumirk/ros2_humble/install/launch_xml:/home/tumirk/ros2_humble/install/launch:/home/tumirk/ros2_humble/install/osrf_pycommon:/home/tumirk/ros2_humble/install/domain_coordinator:/home/tumirk/ros2_humble/install/ament_xmllint:/home/tumirk/ros2_humble/install/ament_pyflakes:/home/tumirk/ros2_humble/install/ament_pycodestyle:/home/tumirk/ros2_humble/install/ament_pep257:/home/tumirk/ros2_humble/install/ament_pclint:/home/tumirk/ros2_humble/install/ament_package:/home/tumirk/ros2_humble/install/ament_mypy:/home/tumirk/ros2_humble/install/ament_lint_cmake:/home/tumirk/ros2_humble/install/ament_flake8:/home/tumirk/ros2_humble/install/ament_copyright:/home/tumirk/ros2_humble/install/ament_lint:/home/tumirk/ros2_humble/install/ament_index_python:/home/tumirk/ros2_humble/install/ament_cpplint:/home/tumirk/ros2_humble/install/ament_cppcheck:/home/tumirk/ros2_humble/install/ament_clang_tidy:/home/tumirk/ros2_humble/install/ament_clang_format /usr/bin/cmake --install /home/tumirk/thesis_ws/build/interfaces
