[1.383s] Invoking command in '/home/tumirk/thesis_ws/src/IK_pkg': PYTHONPATH=/home/tumirk/thesis_ws/build/IK_pkg/prefix_override:/usr/lib/python3/dist-packages/colcon_core/task/python/colcon_distutils_commands:/home/tumirk/thesis_ws/install/IK_pkg/lib/python3.10/site-packages:${PYTHONPATH} /usr/bin/python3 -W ignore:setup.py install is deprecated -W ignore:easy_install command is deprecated setup.py egg_info --egg-base ../../build/IK_pkg build --build-base /home/tumirk/thesis_ws/build/IK_pkg/build install --record /home/tumirk/thesis_ws/build/IK_pkg/install.log --single-version-externally-managed install_data
[1.896s] running egg_info
[1.897s] writing ../../build/IK_pkg/IK_pkg.egg-info/PKG-INFO
[1.897s] writing dependency_links to ../../build/IK_pkg/IK_pkg.egg-info/dependency_links.txt
[1.898s] writing entry points to ../../build/IK_pkg/IK_pkg.egg-info/entry_points.txt
[1.898s] writing requirements to ../../build/IK_pkg/IK_pkg.egg-info/requires.txt
[1.898s] writing top-level names to ../../build/IK_pkg/IK_pkg.egg-info/top_level.txt
[1.900s] reading manifest file '../../build/IK_pkg/IK_pkg.egg-info/SOURCES.txt'
[1.900s] adding license file 'LICENSE'
[1.901s] writing manifest file '../../build/IK_pkg/IK_pkg.egg-info/SOURCES.txt'
[1.901s] running build
[1.901s] running build_py
[1.901s] copying IK_pkg/user_node.py -> /home/tumirk/thesis_ws/build/IK_pkg/build/lib/IK_pkg
[1.902s] running install
[1.902s] running install_lib
[1.903s] copying /home/tumirk/thesis_ws/build/IK_pkg/build/lib/IK_pkg/user_node.py -> /home/tumirk/thesis_ws/install/IK_pkg/lib/python3.10/site-packages/IK_pkg
[1.905s] byte-compiling /home/tumirk/thesis_ws/install/IK_pkg/lib/python3.10/site-packages/IK_pkg/user_node.py to user_node.cpython-310.pyc
[1.906s] running install_data
[1.907s] running install_egg_info
[1.910s] removing '/home/tumirk/thesis_ws/install/IK_pkg/lib/python3.10/site-packages/IK_pkg-0.0.0-py3.10.egg-info' (and everything under it)
[1.910s] Copying ../../build/IK_pkg/IK_pkg.egg-info to /home/tumirk/thesis_ws/install/IK_pkg/lib/python3.10/site-packages/IK_pkg-0.0.0-py3.10.egg-info
[1.911s] running install_scripts
[1.951s] Installing computation_node script to /home/tumirk/thesis_ws/install/IK_pkg/lib/IK_pkg
[1.951s] Installing motor_node script to /home/tumirk/thesis_ws/install/IK_pkg/lib/IK_pkg
[1.952s] Installing user_node script to /home/tumirk/thesis_ws/install/IK_pkg/lib/IK_pkg
[1.952s] writing list of installed files to '/home/tumirk/thesis_ws/build/IK_pkg/install.log'
[1.974s] Invoked command in '/home/tumirk/thesis_ws/src/IK_pkg' returned '0': PYTHONPATH=/home/tumirk/thesis_ws/build/IK_pkg/prefix_override:/usr/lib/python3/dist-packages/colcon_core/task/python/colcon_distutils_commands:/home/tumirk/thesis_ws/install/IK_pkg/lib/python3.10/site-packages:${PYTHONPATH} /usr/bin/python3 -W ignore:setup.py install is deprecated -W ignore:easy_install command is deprecated setup.py egg_info --egg-base ../../build/IK_pkg build --build-base /home/tumirk/thesis_ws/build/IK_pkg/build install --record /home/tumirk/thesis_ws/build/IK_pkg/install.log --single-version-externally-managed install_data
