[0.048s] Invoking command in '/home/tumirk/thesis_ws/build/interfaces': CMAKE_PREFIX_PATH=${CMAKE_PREFIX_PATH}:/home/tumirk/thesis_ws/install/IK_pkg:/home/tumirk/ws_moveit/install/moveit_configs_utils:/home/tumirk/ws_moveit/install/launch_param_builder:/opt/ros/humble:/home/tumirk/ros2_humble/install/rqt_bag_plugins:/home/tumirk/ros2_humble/install/rqt_bag:/home/tumirk/ros2_humble/install/launch_testing_examples:/home/tumirk/ros2_humble/install/ros2bag:/home/tumirk/ros2_humble/install/tracetools_test:/home/tumirk/ros2_humble/install/tracetools_launch:/home/tumirk/ros2_humble/install/topic_monitor:/home/tumirk/ros2_humble/install/tf2_tools:/home/tumirk/ros2_humble/install/examples_tf2_py:/home/tumirk/ros2_humble/install/tf2_ros_py:/home/tumirk/ros2_humble/install/sros2:/home/tumirk/ros2_humble/install/rqt_topic:/home/tumirk/ros2_humble/install/rqt_srv:/home/tumirk/ros2_humble/install/rqt_shell:/home/tumirk/ros2_humble/install/rqt_service_caller:/home/tumirk/ros2_humble/install/rqt_reconfigure:/home/tumirk/ros2_humble/install/rqt_py_console:/home/tumirk/ros2_humble/install/rqt_publisher:/home/tumirk/ros2_humble/install/rqt_plot:/home/tumirk/ros2_humble/install/rqt_action:/home/tumirk/ros2_humble/install/rqt_msg:/home/tumirk/ros2_humble/install/rqt_console:/home/tumirk/ros2_humble/install/rqt:/home/tumirk/ros2_humble/install/rqt_graph:/home/tumirk/ros2_humble/install/rqt_gui_py:/home/tumirk/ros2_humble/install/rqt_gui:/home/tumirk/ros2_humble/install/ros2trace:/home/tumirk/ros2_humble/install/ros2topic:/home/tumirk/ros2_humble/install/ros2test:/home/tumirk/ros2_humble/install/ros2component:/home/tumirk/ros2_humble/install/ros2param:/home/tumirk/ros2_humble/install/ros2lifecycle:/home/tumirk/ros2_humble/install/ros2service:/home/tumirk/ros2_humble/install/ros2run:/home/tumirk/ros2_humble/install/ros2launch:/home/tumirk/ros2_humble/install/ros2pkg:/home/tumirk/ros2_humble/install/ros2node:/home/tumirk/ros2_humble/install/ros2multicast:/home/tumirk/ros2_humble/install/ros2interface:/home/tumirk/ros2_humble/install/ros2doctor:/home/tumirk/ros2_humble/install/ros2action:/home/tumirk/ros2_humble/install/ros2cli:/home/tumirk/ros2_humble/install/quality_of_service_demo_py:/home/tumirk/ros2_humble/install/lifecycle_py:/home/tumirk/ros2_humble/install/launch_testing_ros:/home/tumirk/ros2_humble/install/launch_ros:/home/tumirk/ros2_humble/install/examples_rclpy_pointcloud_publisher:/home/tumirk/ros2_humble/install/examples_rclpy_minimal_subscriber:/home/tumirk/ros2_humble/install/examples_rclpy_minimal_service:/home/tumirk/ros2_humble/install/examples_rclpy_minimal_publisher:/home/tumirk/ros2_humble/install/examples_rclpy_minimal_client:/home/tumirk/ros2_humble/install/examples_rclpy_minimal_action_server:/home/tumirk/ros2_humble/install/examples_rclpy_minimal_action_client:/home/tumirk/ros2_humble/install/examples_rclpy_guard_conditions:/home/tumirk/ros2_humble/install/examples_rclpy_executors:/home/tumirk/ros2_humble/install/demo_nodes_py:/home/tumirk/ros2_humble/install/camera_info_manager_py:/home/tumirk/ros2_humble/install/action_tutorials_py:/home/tumirk/ros2_humble/install/ament_uncrustify:/home/tumirk/ros2_humble/install/tracetools_trace:/home/tumirk/ros2_humble/install/tracetools_read:/home/tumirk/ros2_humble/install/test_tracetools_launch:/home/tumirk/ros2_humble/install/test_launch_ros:/home/tumirk/ros2_humble/install/sensor_msgs_py:/home/tumirk/ros2_humble/install/rpyutils:/home/tumirk/ros2_humble/install/rosidl_runtime_py:/home/tumirk/ros2_humble/install/rosidl_cli:/home/tumirk/ros2_humble/install/launch_pytest:/home/tumirk/ros2_humble/install/launch_testing:/home/tumirk/ros2_humble/install/launch_yaml:/home/tumirk/ros2_humble/install/launch_xml:/home/tumirk/ros2_humble/install/launch:/home/tumirk/ros2_humble/install/osrf_pycommon:/home/tumirk/ros2_humble/install/domain_coordinator:/home/tumirk/ros2_humble/install/ament_xmllint:/home/tumirk/ros2_humble/install/ament_pyflakes:/home/tumirk/ros2_humble/install/ament_pycodestyle:/home/tumirk/ros2_humble/install/ament_pep257:/home/tumirk/ros2_humble/install/ament_pclint:/home/tumirk/ros2_humble/install/ament_package:/home/tumirk/ros2_humble/install/ament_mypy:/home/tumirk/ros2_humble/install/ament_lint_cmake:/home/tumirk/ros2_humble/install/ament_flake8:/home/tumirk/ros2_humble/install/ament_copyright:/home/tumirk/ros2_humble/install/ament_lint:/home/tumirk/ros2_humble/install/ament_index_python:/home/tumirk/ros2_humble/install/ament_cpplint:/home/tumirk/ros2_humble/install/ament_cppcheck:/home/tumirk/ros2_humble/install/ament_clang_tidy:/home/tumirk/ros2_humble/install/ament_clang_format /usr/bin/cmake --build /home/tumirk/thesis_ws/build/interfaces -- -j6 -l6
[0.262s] [  5%] Built target interfaces__cpp
[0.262s] [ 12%] Built target interfaces__rosidl_generator_c
[0.286s] [ 12%] Built target ament_cmake_python_copy_interfaces
[0.341s] [ 23%] Built target interfaces__rosidl_typesupport_c
[0.342s] [ 33%] Built target interfaces__rosidl_typesupport_introspection_c
[0.345s] [ 43%] Built target interfaces__rosidl_typesupport_introspection_cpp
[0.347s] [ 53%] Built target interfaces__rosidl_typesupport_fastrtps_c
[0.349s] [ 64%] Built target interfaces__rosidl_typesupport_fastrtps_cpp
[0.364s] [ 74%] Built target interfaces__rosidl_typesupport_cpp
[0.417s] [ 74%] Built target interfaces
[0.477s] [ 76%] Built target interfaces__py
[0.533s] [ 84%] Built target interfaces__rosidl_generator_py
[0.601s] [100%] Built target interfaces__rosidl_typesupport_fastrtps_c__pyext
[0.601s] [100%] Built target interfaces__rosidl_typesupport_introspection_c__pyext
[0.601s] [100%] Built target interfaces__rosidl_typesupport_c__pyext
[0.910s] running egg_info
[0.911s] writing interfaces.egg-info/PKG-INFO
[0.911s] writing dependency_links to interfaces.egg-info/dependency_links.txt
[0.912s] writing top-level names to interfaces.egg-info/top_level.txt
[0.914s] reading manifest file 'interfaces.egg-info/SOURCES.txt'
[0.915s] writing manifest file 'interfaces.egg-info/SOURCES.txt'
[0.955s] [100%] Built target ament_cmake_python_build_interfaces_egg
[0.977s] Invoked command in '/home/tumirk/thesis_ws/build/interfaces' returned '0': CMAKE_PREFIX_PATH=${CMAKE_PREFIX_PATH}:/home/tumirk/thesis_ws/install/IK_pkg:/home/tumirk/ws_moveit/install/moveit_configs_utils:/home/tumirk/ws_moveit/install/launch_param_builder:/opt/ros/humble:/home/tumirk/ros2_humble/install/rqt_bag_plugins:/home/tumirk/ros2_humble/install/rqt_bag:/home/tumirk/ros2_humble/install/launch_testing_examples:/home/tumirk/ros2_humble/install/ros2bag:/home/tumirk/ros2_humble/install/tracetools_test:/home/tumirk/ros2_humble/install/tracetools_launch:/home/tumirk/ros2_humble/install/topic_monitor:/home/tumirk/ros2_humble/install/tf2_tools:/home/tumirk/ros2_humble/install/examples_tf2_py:/home/tumirk/ros2_humble/install/tf2_ros_py:/home/tumirk/ros2_humble/install/sros2:/home/tumirk/ros2_humble/install/rqt_topic:/home/tumirk/ros2_humble/install/rqt_srv:/home/tumirk/ros2_humble/install/rqt_shell:/home/tumirk/ros2_humble/install/rqt_service_caller:/home/tumirk/ros2_humble/install/rqt_reconfigure:/home/tumirk/ros2_humble/install/rqt_py_console:/home/tumirk/ros2_humble/install/rqt_publisher:/home/tumirk/ros2_humble/install/rqt_plot:/home/tumirk/ros2_humble/install/rqt_action:/home/tumirk/ros2_humble/install/rqt_msg:/home/tumirk/ros2_humble/install/rqt_console:/home/tumirk/ros2_humble/install/rqt:/home/tumirk/ros2_humble/install/rqt_graph:/home/tumirk/ros2_humble/install/rqt_gui_py:/home/tumirk/ros2_humble/install/rqt_gui:/home/tumirk/ros2_humble/install/ros2trace:/home/tumirk/ros2_humble/install/ros2topic:/home/tumirk/ros2_humble/install/ros2test:/home/tumirk/ros2_humble/install/ros2component:/home/tumirk/ros2_humble/install/ros2param:/home/tumirk/ros2_humble/install/ros2lifecycle:/home/tumirk/ros2_humble/install/ros2service:/home/tumirk/ros2_humble/install/ros2run:/home/tumirk/ros2_humble/install/ros2launch:/home/tumirk/ros2_humble/install/ros2pkg:/home/tumirk/ros2_humble/install/ros2node:/home/tumirk/ros2_humble/install/ros2multicast:/home/tumirk/ros2_humble/install/ros2interface:/home/tumirk/ros2_humble/install/ros2doctor:/home/tumirk/ros2_humble/install/ros2action:/home/tumirk/ros2_humble/install/ros2cli:/home/tumirk/ros2_humble/install/quality_of_service_demo_py:/home/tumirk/ros2_humble/install/lifecycle_py:/home/tumirk/ros2_humble/install/launch_testing_ros:/home/tumirk/ros2_humble/install/launch_ros:/home/tumirk/ros2_humble/install/examples_rclpy_pointcloud_publisher:/home/tumirk/ros2_humble/install/examples_rclpy_minimal_subscriber:/home/tumirk/ros2_humble/install/examples_rclpy_minimal_service:/home/tumirk/ros2_humble/install/examples_rclpy_minimal_publisher:/home/tumirk/ros2_humble/install/examples_rclpy_minimal_client:/home/tumirk/ros2_humble/install/examples_rclpy_minimal_action_server:/home/tumirk/ros2_humble/install/examples_rclpy_minimal_action_client:/home/tumirk/ros2_humble/install/examples_rclpy_guard_conditions:/home/tumirk/ros2_humble/install/examples_rclpy_executors:/home/tumirk/ros2_humble/install/demo_nodes_py:/home/tumirk/ros2_humble/install/camera_info_manager_py:/home/tumirk/ros2_humble/install/action_tutorials_py:/home/tumirk/ros2_humble/install/ament_uncrustify:/home/tumirk/ros2_humble/install/tracetools_trace:/home/tumirk/ros2_humble/install/tracetools_read:/home/tumirk/ros2_humble/install/test_tracetools_launch:/home/tumirk/ros2_humble/install/test_launch_ros:/home/tumirk/ros2_humble/install/sensor_msgs_py:/home/tumirk/ros2_humble/install/rpyutils:/home/tumirk/ros2_humble/install/rosidl_runtime_py:/home/tumirk/ros2_humble/install/rosidl_cli:/home/tumirk/ros2_humble/install/launch_pytest:/home/tumirk/ros2_humble/install/launch_testing:/home/tumirk/ros2_humble/install/launch_yaml:/home/tumirk/ros2_humble/install/launch_xml:/home/tumirk/ros2_humble/install/launch:/home/tumirk/ros2_humble/install/osrf_pycommon:/home/tumirk/ros2_humble/install/domain_coordinator:/home/tumirk/ros2_humble/install/ament_xmllint:/home/tumirk/ros2_humble/install/ament_pyflakes:/home/tumirk/ros2_humble/install/ament_pycodestyle:/home/tumirk/ros2_humble/install/ament_pep257:/home/tumirk/ros2_humble/install/ament_pclint:/home/tumirk/ros2_humble/install/ament_package:/home/tumirk/ros2_humble/install/ament_mypy:/home/tumirk/ros2_humble/install/ament_lint_cmake:/home/tumirk/ros2_humble/install/ament_flake8:/home/tumirk/ros2_humble/install/ament_copyright:/home/tumirk/ros2_humble/install/ament_lint:/home/tumirk/ros2_humble/install/ament_index_python:/home/tumirk/ros2_humble/install/ament_cpplint:/home/tumirk/ros2_humble/install/ament_cppcheck:/home/tumirk/ros2_humble/install/ament_clang_tidy:/home/tumirk/ros2_humble/install/ament_clang_format /usr/bin/cmake --build /home/tumirk/thesis_ws/build/interfaces -- -j6 -l6
[0.999s] Invoking command in '/home/tumirk/thesis_ws/build/interfaces': CMAKE_PREFIX_PATH=${CMAKE_PREFIX_PATH}:/home/tumirk/thesis_ws/install/IK_pkg:/home/tumirk/ws_moveit/install/moveit_configs_utils:/home/tumirk/ws_moveit/install/launch_param_builder:/opt/ros/humble:/home/tumirk/ros2_humble/install/rqt_bag_plugins:/home/tumirk/ros2_humble/install/rqt_bag:/home/tumirk/ros2_humble/install/launch_testing_examples:/home/tumirk/ros2_humble/install/ros2bag:/home/tumirk/ros2_humble/install/tracetools_test:/home/tumirk/ros2_humble/install/tracetools_launch:/home/tumirk/ros2_humble/install/topic_monitor:/home/tumirk/ros2_humble/install/tf2_tools:/home/tumirk/ros2_humble/install/examples_tf2_py:/home/tumirk/ros2_humble/install/tf2_ros_py:/home/tumirk/ros2_humble/install/sros2:/home/tumirk/ros2_humble/install/rqt_topic:/home/tumirk/ros2_humble/install/rqt_srv:/home/tumirk/ros2_humble/install/rqt_shell:/home/tumirk/ros2_humble/install/rqt_service_caller:/home/tumirk/ros2_humble/install/rqt_reconfigure:/home/tumirk/ros2_humble/install/rqt_py_console:/home/tumirk/ros2_humble/install/rqt_publisher:/home/tumirk/ros2_humble/install/rqt_plot:/home/tumirk/ros2_humble/install/rqt_action:/home/tumirk/ros2_humble/install/rqt_msg:/home/tumirk/ros2_humble/install/rqt_console:/home/tumirk/ros2_humble/install/rqt:/home/tumirk/ros2_humble/install/rqt_graph:/home/tumirk/ros2_humble/install/rqt_gui_py:/home/tumirk/ros2_humble/install/rqt_gui:/home/tumirk/ros2_humble/install/ros2trace:/home/tumirk/ros2_humble/install/ros2topic:/home/tumirk/ros2_humble/install/ros2test:/home/tumirk/ros2_humble/install/ros2component:/home/tumirk/ros2_humble/install/ros2param:/home/tumirk/ros2_humble/install/ros2lifecycle:/home/tumirk/ros2_humble/install/ros2service:/home/tumirk/ros2_humble/install/ros2run:/home/tumirk/ros2_humble/install/ros2launch:/home/tumirk/ros2_humble/install/ros2pkg:/home/tumirk/ros2_humble/install/ros2node:/home/tumirk/ros2_humble/install/ros2multicast:/home/tumirk/ros2_humble/install/ros2interface:/home/tumirk/ros2_humble/install/ros2doctor:/home/tumirk/ros2_humble/install/ros2action:/home/tumirk/ros2_humble/install/ros2cli:/home/tumirk/ros2_humble/install/quality_of_service_demo_py:/home/tumirk/ros2_humble/install/lifecycle_py:/home/tumirk/ros2_humble/install/launch_testing_ros:/home/tumirk/ros2_humble/install/launch_ros:/home/tumirk/ros2_humble/install/examples_rclpy_pointcloud_publisher:/home/tumirk/ros2_humble/install/examples_rclpy_minimal_subscriber:/home/tumirk/ros2_humble/install/examples_rclpy_minimal_service:/home/tumirk/ros2_humble/install/examples_rclpy_minimal_publisher:/home/tumirk/ros2_humble/install/examples_rclpy_minimal_client:/home/tumirk/ros2_humble/install/examples_rclpy_minimal_action_server:/home/tumirk/ros2_humble/install/examples_rclpy_minimal_action_client:/home/tumirk/ros2_humble/install/examples_rclpy_guard_conditions:/home/tumirk/ros2_humble/install/examples_rclpy_executors:/home/tumirk/ros2_humble/install/demo_nodes_py:/home/tumirk/ros2_humble/install/camera_info_manager_py:/home/tumirk/ros2_humble/install/action_tutorials_py:/home/tumirk/ros2_humble/install/ament_uncrustify:/home/tumirk/ros2_humble/install/tracetools_trace:/home/tumirk/ros2_humble/install/tracetools_read:/home/tumirk/ros2_humble/install/test_tracetools_launch:/home/tumirk/ros2_humble/install/test_launch_ros:/home/tumirk/ros2_humble/install/sensor_msgs_py:/home/tumirk/ros2_humble/install/rpyutils:/home/tumirk/ros2_humble/install/rosidl_runtime_py:/home/tumirk/ros2_humble/install/rosidl_cli:/home/tumirk/ros2_humble/install/launch_pytest:/home/tumirk/ros2_humble/install/launch_testing:/home/tumirk/ros2_humble/install/launch_yaml:/home/tumirk/ros2_humble/install/launch_xml:/home/tumirk/ros2_humble/install/launch:/home/tumirk/ros2_humble/install/osrf_pycommon:/home/tumirk/ros2_humble/install/domain_coordinator:/home/tumirk/ros2_humble/install/ament_xmllint:/home/tumirk/ros2_humble/install/ament_pyflakes:/home/tumirk/ros2_humble/install/ament_pycodestyle:/home/tumirk/ros2_humble/install/ament_pep257:/home/tumirk/ros2_humble/install/ament_pclint:/home/tumirk/ros2_humble/install/ament_package:/home/tumirk/ros2_humble/install/ament_mypy:/home/tumirk/ros2_humble/install/ament_lint_cmake:/home/tumirk/ros2_humble/install/ament_flake8:/home/tumirk/ros2_humble/install/ament_copyright:/home/tumirk/ros2_humble/install/ament_lint:/home/tumirk/ros2_humble/install/ament_index_python:/home/tumirk/ros2_humble/install/ament_cpplint:/home/tumirk/ros2_humble/install/ament_cppcheck:/home/tumirk/ros2_humble/install/ament_clang_tidy:/home/tumirk/ros2_humble/install/ament_clang_format /usr/bin/cmake --install /home/tumirk/thesis_ws/build/interfaces
[1.018s] -- Install configuration: ""
[1.018s] -- Up-to-date: /home/tumirk/thesis_ws/install/interfaces/share/ament_index/resource_index/rosidl_interfaces/interfaces
[1.018s] -- Up-to-date: /home/tumirk/thesis_ws/install/interfaces/include/interfaces/interfaces
[1.019s] -- Up-to-date: /home/tumirk/thesis_ws/install/interfaces/include/interfaces/interfaces/srv
[1.019s] -- Up-to-date: /home/tumirk/thesis_ws/install/interfaces/include/interfaces/interfaces/srv/detail
[1.021s] -- Up-to-date: /home/tumirk/thesis_ws/install/interfaces/include/interfaces/interfaces/srv/detail/control_motor__functions.c
[1.021s] -- Up-to-date: /home/tumirk/thesis_ws/install/interfaces/include/interfaces/interfaces/srv/detail/compute_ik__functions.c
[1.021s] -- Up-to-date: /home/tumirk/thesis_ws/install/interfaces/include/interfaces/interfaces/srv/detail/compute_ik__struct.h
[1.022s] -- Up-to-date: /home/tumirk/thesis_ws/install/interfaces/include/interfaces/interfaces/srv/detail/control_motor__struct.h
[1.022s] -- Up-to-date: /home/tumirk/thesis_ws/install/interfaces/include/interfaces/interfaces/srv/detail/compute_ik__functions.h
[1.022s] -- Up-to-date: /home/tumirk/thesis_ws/install/interfaces/include/interfaces/interfaces/srv/detail/compute_ik__type_support.h
[1.022s] -- Up-to-date: /home/tumirk/thesis_ws/install/interfaces/include/interfaces/interfaces/srv/detail/control_motor__type_support.h
[1.022s] -- Up-to-date: /home/tumirk/thesis_ws/install/interfaces/include/interfaces/interfaces/srv/detail/control_motor__functions.h
[1.022s] -- Up-to-date: /home/tumirk/thesis_ws/install/interfaces/include/interfaces/interfaces/srv/compute_ik.h
[1.022s] -- Up-to-date: /home/tumirk/thesis_ws/install/interfaces/include/interfaces/interfaces/srv/control_motor.h
[1.022s] -- Up-to-date: /home/tumirk/thesis_ws/install/interfaces/include/interfaces/interfaces/msg
[1.023s] -- Up-to-date: /home/tumirk/thesis_ws/install/interfaces/include/interfaces/interfaces/msg/rosidl_generator_c__visibility_control.h
[1.023s] -- Up-to-date: /home/tumirk/thesis_ws/install/interfaces/share/interfaces/environment/library_path.sh
[1.023s] -- Up-to-date: /home/tumirk/thesis_ws/install/interfaces/share/interfaces/environment/library_path.dsv
[1.023s] -- Up-to-date: /home/tumirk/thesis_ws/install/interfaces/lib/libinterfaces__rosidl_generator_c.so
[1.023s] -- Up-to-date: /home/tumirk/thesis_ws/install/interfaces/include/interfaces/interfaces
[1.023s] -- Up-to-date: /home/tumirk/thesis_ws/install/interfaces/include/interfaces/interfaces/srv
[1.023s] -- Up-to-date: /home/tumirk/thesis_ws/install/interfaces/include/interfaces/interfaces/srv/detail
[1.023s] -- Up-to-date: /home/tumirk/thesis_ws/install/interfaces/include/interfaces/interfaces/srv/detail/control_motor__rosidl_typesupport_fastrtps_c.h
[1.023s] -- Up-to-date: /home/tumirk/thesis_ws/install/interfaces/include/interfaces/interfaces/srv/detail/compute_ik__rosidl_typesupport_fastrtps_c.h
[1.023s] -- Up-to-date: /home/tumirk/thesis_ws/install/interfaces/include/interfaces/interfaces/msg
[1.024s] -- Up-to-date: /home/tumirk/thesis_ws/install/interfaces/include/interfaces/interfaces/msg/rosidl_typesupport_fastrtps_c__visibility_control.h
[1.024s] -- Up-to-date: /home/tumirk/thesis_ws/install/interfaces/lib/libinterfaces__rosidl_typesupport_fastrtps_c.so
[1.024s] -- Up-to-date: /home/tumirk/thesis_ws/install/interfaces/include/interfaces/interfaces
[1.024s] -- Up-to-date: /home/tumirk/thesis_ws/install/interfaces/include/interfaces/interfaces/srv
[1.024s] -- Up-to-date: /home/tumirk/thesis_ws/install/interfaces/include/interfaces/interfaces/srv/detail
[1.025s] -- Up-to-date: /home/tumirk/thesis_ws/install/interfaces/include/interfaces/interfaces/srv/detail/compute_ik__rosidl_typesupport_introspection_c.h
[1.025s] -- Up-to-date: /home/tumirk/thesis_ws/install/interfaces/include/interfaces/interfaces/srv/detail/compute_ik__type_support.c
[1.025s] -- Up-to-date: /home/tumirk/thesis_ws/install/interfaces/include/interfaces/interfaces/srv/detail/control_motor__type_support.c
[1.025s] -- Up-to-date: /home/tumirk/thesis_ws/install/interfaces/include/interfaces/interfaces/srv/detail/control_motor__rosidl_typesupport_introspection_c.h
[1.025s] -- Up-to-date: /home/tumirk/thesis_ws/install/interfaces/include/interfaces/interfaces/msg
[1.025s] -- Up-to-date: /home/tumirk/thesis_ws/install/interfaces/include/interfaces/interfaces/msg/rosidl_typesupport_introspection_c__visibility_control.h
[1.025s] -- Up-to-date: /home/tumirk/thesis_ws/install/interfaces/lib/libinterfaces__rosidl_typesupport_introspection_c.so
[1.025s] -- Up-to-date: /home/tumirk/thesis_ws/install/interfaces/lib/libinterfaces__rosidl_typesupport_c.so
[1.026s] -- Up-to-date: /home/tumirk/thesis_ws/install/interfaces/include/interfaces/interfaces
[1.026s] -- Up-to-date: /home/tumirk/thesis_ws/install/interfaces/include/interfaces/interfaces/srv
[1.026s] -- Up-to-date: /home/tumirk/thesis_ws/install/interfaces/include/interfaces/interfaces/srv/control_motor.hpp
[1.026s] -- Up-to-date: /home/tumirk/thesis_ws/install/interfaces/include/interfaces/interfaces/srv/detail
[1.027s] -- Up-to-date: /home/tumirk/thesis_ws/install/interfaces/include/interfaces/interfaces/srv/detail/compute_ik__struct.hpp
[1.027s] -- Up-to-date: /home/tumirk/thesis_ws/install/interfaces/include/interfaces/interfaces/srv/detail/control_motor__builder.hpp
[1.027s] -- Up-to-date: /home/tumirk/thesis_ws/install/interfaces/include/interfaces/interfaces/srv/detail/compute_ik__builder.hpp
[1.027s] -- Up-to-date: /home/tumirk/thesis_ws/install/interfaces/include/interfaces/interfaces/srv/detail/control_motor__type_support.hpp
[1.027s] -- Up-to-date: /home/tumirk/thesis_ws/install/interfaces/include/interfaces/interfaces/srv/detail/compute_ik__traits.hpp
[1.027s] -- Up-to-date: /home/tumirk/thesis_ws/install/interfaces/include/interfaces/interfaces/srv/detail/compute_ik__type_support.hpp
[1.027s] -- Up-to-date: /home/tumirk/thesis_ws/install/interfaces/include/interfaces/interfaces/srv/detail/control_motor__traits.hpp
[1.027s] -- Up-to-date: /home/tumirk/thesis_ws/install/interfaces/include/interfaces/interfaces/srv/detail/control_motor__struct.hpp
[1.027s] -- Up-to-date: /home/tumirk/thesis_ws/install/interfaces/include/interfaces/interfaces/srv/compute_ik.hpp
[1.027s] -- Up-to-date: /home/tumirk/thesis_ws/install/interfaces/include/interfaces/interfaces/msg
[1.027s] -- Up-to-date: /home/tumirk/thesis_ws/install/interfaces/include/interfaces/interfaces/msg/rosidl_generator_cpp__visibility_control.hpp
[1.027s] -- Up-to-date: /home/tumirk/thesis_ws/install/interfaces/include/interfaces/interfaces
[1.028s] -- Up-to-date: /home/tumirk/thesis_ws/install/interfaces/include/interfaces/interfaces/srv
[1.028s] -- Up-to-date: /home/tumirk/thesis_ws/install/interfaces/include/interfaces/interfaces/srv/detail
[1.028s] -- Up-to-date: /home/tumirk/thesis_ws/install/interfaces/include/interfaces/interfaces/srv/detail/control_motor__rosidl_typesupport_fastrtps_cpp.hpp
[1.028s] -- Up-to-date: /home/tumirk/thesis_ws/install/interfaces/include/interfaces/interfaces/srv/detail/compute_ik__rosidl_typesupport_fastrtps_cpp.hpp
[1.028s] -- Up-to-date: /home/tumirk/thesis_ws/install/interfaces/include/interfaces/interfaces/srv/detail/dds_fastrtps
[1.028s] -- Up-to-date: /home/tumirk/thesis_ws/install/interfaces/include/interfaces/interfaces/msg
[1.029s] -- Up-to-date: /home/tumirk/thesis_ws/install/interfaces/include/interfaces/interfaces/msg/rosidl_typesupport_fastrtps_cpp__visibility_control.h
[1.029s] -- Up-to-date: /home/tumirk/thesis_ws/install/interfaces/lib/libinterfaces__rosidl_typesupport_fastrtps_cpp.so
[1.029s] -- Up-to-date: /home/tumirk/thesis_ws/install/interfaces/include/interfaces/interfaces
[1.029s] -- Up-to-date: /home/tumirk/thesis_ws/install/interfaces/include/interfaces/interfaces/srv
[1.030s] -- Up-to-date: /home/tumirk/thesis_ws/install/interfaces/include/interfaces/interfaces/srv/detail
[1.030s] -- Up-to-date: /home/tumirk/thesis_ws/install/interfaces/include/interfaces/interfaces/srv/detail/control_motor__type_support.cpp
[1.030s] -- Up-to-date: /home/tumirk/thesis_ws/install/interfaces/include/interfaces/interfaces/srv/detail/compute_ik__type_support.cpp
[1.030s] -- Up-to-date: /home/tumirk/thesis_ws/install/interfaces/include/interfaces/interfaces/srv/detail/control_motor__rosidl_typesupport_introspection_cpp.hpp
[1.030s] -- Up-to-date: /home/tumirk/thesis_ws/install/interfaces/include/interfaces/interfaces/srv/detail/compute_ik__rosidl_typesupport_introspection_cpp.hpp
[1.031s] -- Up-to-date: /home/tumirk/thesis_ws/install/interfaces/lib/libinterfaces__rosidl_typesupport_introspection_cpp.so
[1.031s] -- Up-to-date: /home/tumirk/thesis_ws/install/interfaces/lib/libinterfaces__rosidl_typesupport_cpp.so
[1.031s] -- Up-to-date: /home/tumirk/thesis_ws/install/interfaces/share/interfaces/environment/pythonpath.sh
[1.031s] -- Up-to-date: /home/tumirk/thesis_ws/install/interfaces/share/interfaces/environment/pythonpath.dsv
[1.031s] -- Up-to-date: /home/tumirk/thesis_ws/install/interfaces/local/lib/python3.10/dist-packages/interfaces-0.0.0-py3.10.egg-info
[1.031s] -- Installing: /home/tumirk/thesis_ws/install/interfaces/local/lib/python3.10/dist-packages/interfaces-0.0.0-py3.10.egg-info/SOURCES.txt
[1.031s] -- Installing: /home/tumirk/thesis_ws/install/interfaces/local/lib/python3.10/dist-packages/interfaces-0.0.0-py3.10.egg-info/dependency_links.txt
[1.031s] -- Installing: /home/tumirk/thesis_ws/install/interfaces/local/lib/python3.10/dist-packages/interfaces-0.0.0-py3.10.egg-info/top_level.txt
[1.032s] -- Installing: /home/tumirk/thesis_ws/install/interfaces/local/lib/python3.10/dist-packages/interfaces-0.0.0-py3.10.egg-info/PKG-INFO
[1.032s] -- Up-to-date: /home/tumirk/thesis_ws/install/interfaces/local/lib/python3.10/dist-packages/interfaces
[1.032s] -- Up-to-date: /home/tumirk/thesis_ws/install/interfaces/local/lib/python3.10/dist-packages/interfaces/interfaces_s__rosidl_typesupport_fastrtps_c.cpython-310-x86_64-linux-gnu.so
[1.032s] -- Up-to-date: /home/tumirk/thesis_ws/install/interfaces/local/lib/python3.10/dist-packages/interfaces/interfaces_s__rosidl_typesupport_c.cpython-310-x86_64-linux-gnu.so
[1.032s] -- Up-to-date: /home/tumirk/thesis_ws/install/interfaces/local/lib/python3.10/dist-packages/interfaces/__init__.py
[1.032s] -- Up-to-date: /home/tumirk/thesis_ws/install/interfaces/local/lib/python3.10/dist-packages/interfaces/interfaces_s__rosidl_typesupport_introspection_c.cpython-310-x86_64-linux-gnu.so
[1.032s] -- Up-to-date: /home/tumirk/thesis_ws/install/interfaces/local/lib/python3.10/dist-packages/interfaces/srv
[1.032s] -- Up-to-date: /home/tumirk/thesis_ws/install/interfaces/local/lib/python3.10/dist-packages/interfaces/srv/_control_motor.py
[1.032s] -- Up-to-date: /home/tumirk/thesis_ws/install/interfaces/local/lib/python3.10/dist-packages/interfaces/srv/_compute_ik_s.c
[1.033s] -- Up-to-date: /home/tumirk/thesis_ws/install/interfaces/local/lib/python3.10/dist-packages/interfaces/srv/__init__.py
[1.033s] -- Up-to-date: /home/tumirk/thesis_ws/install/interfaces/local/lib/python3.10/dist-packages/interfaces/srv/_control_motor_s.c
[1.033s] -- Up-to-date: /home/tumirk/thesis_ws/install/interfaces/local/lib/python3.10/dist-packages/interfaces/srv/_compute_ik.py
[1.033s] -- Up-to-date: /home/tumirk/thesis_ws/install/interfaces/local/lib/python3.10/dist-packages/interfaces/libinterfaces__rosidl_generator_py.so
[1.033s] -- Up-to-date: /home/tumirk/thesis_ws/install/interfaces/local/lib/python3.10/dist-packages/interfaces/_interfaces_s.ep.rosidl_typesupport_c.c
[1.033s] -- Up-to-date: /home/tumirk/thesis_ws/install/interfaces/local/lib/python3.10/dist-packages/interfaces/_interfaces_s.ep.rosidl_typesupport_fastrtps_c.c
[1.033s] -- Up-to-date: /home/tumirk/thesis_ws/install/interfaces/local/lib/python3.10/dist-packages/interfaces/_interfaces_s.ep.rosidl_typesupport_introspection_c.c
[1.187s] Listing '/home/tumirk/thesis_ws/install/interfaces/local/lib/python3.10/dist-packages/interfaces'...
[1.187s] Listing '/home/tumirk/thesis_ws/install/interfaces/local/lib/python3.10/dist-packages/interfaces/srv'...
[1.194s] -- Up-to-date: /home/tumirk/thesis_ws/install/interfaces/local/lib/python3.10/dist-packages/interfaces/interfaces_s__rosidl_typesupport_fastrtps_c.cpython-310-x86_64-linux-gnu.so
[1.194s] -- Up-to-date: /home/tumirk/thesis_ws/install/interfaces/local/lib/python3.10/dist-packages/interfaces/interfaces_s__rosidl_typesupport_introspection_c.cpython-310-x86_64-linux-gnu.so
[1.194s] -- Up-to-date: /home/tumirk/thesis_ws/install/interfaces/local/lib/python3.10/dist-packages/interfaces/interfaces_s__rosidl_typesupport_c.cpython-310-x86_64-linux-gnu.so
[1.194s] -- Up-to-date: /home/tumirk/thesis_ws/install/interfaces/lib/libinterfaces__rosidl_generator_py.so
[1.194s] -- Up-to-date: /home/tumirk/thesis_ws/install/interfaces/share/interfaces/srv/ComputeIK.idl
[1.194s] -- Up-to-date: /home/tumirk/thesis_ws/install/interfaces/share/interfaces/srv/ControlMotor.idl
[1.195s] -- Up-to-date: /home/tumirk/thesis_ws/install/interfaces/share/interfaces/srv/ComputeIK.srv
[1.195s] -- Up-to-date: /home/tumirk/thesis_ws/install/interfaces/share/interfaces/srv/ComputeIK_Request.msg
[1.195s] -- Up-to-date: /home/tumirk/thesis_ws/install/interfaces/share/interfaces/srv/ComputeIK_Response.msg
[1.195s] -- Up-to-date: /home/tumirk/thesis_ws/install/interfaces/share/interfaces/srv/ControlMotor.srv
[1.195s] -- Up-to-date: /home/tumirk/thesis_ws/install/interfaces/share/interfaces/srv/ControlMotor_Request.msg
[1.195s] -- Up-to-date: /home/tumirk/thesis_ws/install/interfaces/share/interfaces/srv/ControlMotor_Response.msg
[1.195s] -- Up-to-date: /home/tumirk/thesis_ws/install/interfaces/share/ament_index/resource_index/package_run_dependencies/interfaces
[1.195s] -- Up-to-date: /home/tumirk/thesis_ws/install/interfaces/share/ament_index/resource_index/parent_prefix_path/interfaces
[1.195s] -- Up-to-date: /home/tumirk/thesis_ws/install/interfaces/share/interfaces/environment/ament_prefix_path.dsv
[1.196s] -- Up-to-date: /home/tumirk/thesis_ws/install/interfaces/share/interfaces/environment/path.dsv
[1.196s] -- Up-to-date: /home/tumirk/thesis_ws/install/interfaces/share/interfaces/local_setup.bash
[1.196s] -- Up-to-date: /home/tumirk/thesis_ws/install/interfaces/share/interfaces/local_setup.sh
[1.196s] -- Up-to-date: /home/tumirk/thesis_ws/install/interfaces/share/interfaces/local_setup.zsh
[1.196s] -- Up-to-date: /home/tumirk/thesis_ws/install/interfaces/share/interfaces/local_setup.dsv
[1.197s] -- Installing: /home/tumirk/thesis_ws/install/interfaces/share/interfaces/package.dsv
[1.197s] -- Up-to-date: /home/tumirk/thesis_ws/install/interfaces/share/ament_index/resource_index/packages/interfaces
[1.197s] -- Up-to-date: /home/tumirk/thesis_ws/install/interfaces/share/interfaces/cmake/export_interfaces__rosidl_generator_cExport.cmake
[1.197s] -- Up-to-date: /home/tumirk/thesis_ws/install/interfaces/share/interfaces/cmake/export_interfaces__rosidl_generator_cExport-noconfig.cmake
[1.197s] -- Up-to-date: /home/tumirk/thesis_ws/install/interfaces/share/interfaces/cmake/export_interfaces__rosidl_typesupport_fastrtps_cExport.cmake
[1.197s] -- Up-to-date: /home/tumirk/thesis_ws/install/interfaces/share/interfaces/cmake/export_interfaces__rosidl_typesupport_fastrtps_cExport-noconfig.cmake
[1.198s] -- Up-to-date: /home/tumirk/thesis_ws/install/interfaces/share/interfaces/cmake/interfaces__rosidl_typesupport_introspection_cExport.cmake
[1.198s] -- Up-to-date: /home/tumirk/thesis_ws/install/interfaces/share/interfaces/cmake/interfaces__rosidl_typesupport_introspection_cExport-noconfig.cmake
[1.198s] -- Up-to-date: /home/tumirk/thesis_ws/install/interfaces/share/interfaces/cmake/interfaces__rosidl_typesupport_cExport.cmake
[1.198s] -- Up-to-date: /home/tumirk/thesis_ws/install/interfaces/share/interfaces/cmake/interfaces__rosidl_typesupport_cExport-noconfig.cmake
[1.198s] -- Up-to-date: /home/tumirk/thesis_ws/install/interfaces/share/interfaces/cmake/export_interfaces__rosidl_generator_cppExport.cmake
[1.199s] -- Up-to-date: /home/tumirk/thesis_ws/install/interfaces/share/interfaces/cmake/export_interfaces__rosidl_typesupport_fastrtps_cppExport.cmake
[1.199s] -- Up-to-date: /home/tumirk/thesis_ws/install/interfaces/share/interfaces/cmake/export_interfaces__rosidl_typesupport_fastrtps_cppExport-noconfig.cmake
[1.199s] -- Up-to-date: /home/tumirk/thesis_ws/install/interfaces/share/interfaces/cmake/interfaces__rosidl_typesupport_introspection_cppExport.cmake
[1.199s] -- Up-to-date: /home/tumirk/thesis_ws/install/interfaces/share/interfaces/cmake/interfaces__rosidl_typesupport_introspection_cppExport-noconfig.cmake
[1.199s] -- Up-to-date: /home/tumirk/thesis_ws/install/interfaces/share/interfaces/cmake/interfaces__rosidl_typesupport_cppExport.cmake
[1.199s] -- Up-to-date: /home/tumirk/thesis_ws/install/interfaces/share/interfaces/cmake/interfaces__rosidl_typesupport_cppExport-noconfig.cmake
[1.199s] -- Up-to-date: /home/tumirk/thesis_ws/install/interfaces/share/interfaces/cmake/export_interfaces__rosidl_generator_pyExport.cmake
[1.199s] -- Up-to-date: /home/tumirk/thesis_ws/install/interfaces/share/interfaces/cmake/export_interfaces__rosidl_generator_pyExport-noconfig.cmake
[1.199s] -- Up-to-date: /home/tumirk/thesis_ws/install/interfaces/share/interfaces/cmake/rosidl_cmake-extras.cmake
[1.199s] -- Up-to-date: /home/tumirk/thesis_ws/install/interfaces/share/interfaces/cmake/ament_cmake_export_include_directories-extras.cmake
[1.199s] -- Up-to-date: /home/tumirk/thesis_ws/install/interfaces/share/interfaces/cmake/ament_cmake_export_libraries-extras.cmake
[1.199s] -- Up-to-date: /home/tumirk/thesis_ws/install/interfaces/share/interfaces/cmake/ament_cmake_export_targets-extras.cmake
[1.199s] -- Up-to-date: /home/tumirk/thesis_ws/install/interfaces/share/interfaces/cmake/rosidl_cmake_export_typesupport_targets-extras.cmake
[1.199s] -- Up-to-date: /home/tumirk/thesis_ws/install/interfaces/share/interfaces/cmake/ament_cmake_export_dependencies-extras.cmake
[1.199s] -- Up-to-date: /home/tumirk/thesis_ws/install/interfaces/share/interfaces/cmake/rosidl_cmake_export_typesupport_libraries-extras.cmake
[1.199s] -- Up-to-date: /home/tumirk/thesis_ws/install/interfaces/share/interfaces/cmake/interfacesConfig.cmake
[1.200s] -- Up-to-date: /home/tumirk/thesis_ws/install/interfaces/share/interfaces/cmake/interfacesConfig-version.cmake
[1.200s] -- Up-to-date: /home/tumirk/thesis_ws/install/interfaces/share/interfaces/package.xml
[1.202s] Invoked command in '/home/tumirk/thesis_ws/build/interfaces' returned '0': CMAKE_PREFIX_PATH=${CMAKE_PREFIX_PATH}:/home/tumirk/thesis_ws/install/IK_pkg:/home/tumirk/ws_moveit/install/moveit_configs_utils:/home/tumirk/ws_moveit/install/launch_param_builder:/opt/ros/humble:/home/tumirk/ros2_humble/install/rqt_bag_plugins:/home/tumirk/ros2_humble/install/rqt_bag:/home/tumirk/ros2_humble/install/launch_testing_examples:/home/tumirk/ros2_humble/install/ros2bag:/home/tumirk/ros2_humble/install/tracetools_test:/home/tumirk/ros2_humble/install/tracetools_launch:/home/tumirk/ros2_humble/install/topic_monitor:/home/tumirk/ros2_humble/install/tf2_tools:/home/tumirk/ros2_humble/install/examples_tf2_py:/home/tumirk/ros2_humble/install/tf2_ros_py:/home/tumirk/ros2_humble/install/sros2:/home/tumirk/ros2_humble/install/rqt_topic:/home/tumirk/ros2_humble/install/rqt_srv:/home/tumirk/ros2_humble/install/rqt_shell:/home/tumirk/ros2_humble/install/rqt_service_caller:/home/tumirk/ros2_humble/install/rqt_reconfigure:/home/tumirk/ros2_humble/install/rqt_py_console:/home/tumirk/ros2_humble/install/rqt_publisher:/home/tumirk/ros2_humble/install/rqt_plot:/home/tumirk/ros2_humble/install/rqt_action:/home/tumirk/ros2_humble/install/rqt_msg:/home/tumirk/ros2_humble/install/rqt_console:/home/tumirk/ros2_humble/install/rqt:/home/tumirk/ros2_humble/install/rqt_graph:/home/tumirk/ros2_humble/install/rqt_gui_py:/home/tumirk/ros2_humble/install/rqt_gui:/home/tumirk/ros2_humble/install/ros2trace:/home/tumirk/ros2_humble/install/ros2topic:/home/tumirk/ros2_humble/install/ros2test:/home/tumirk/ros2_humble/install/ros2component:/home/tumirk/ros2_humble/install/ros2param:/home/tumirk/ros2_humble/install/ros2lifecycle:/home/tumirk/ros2_humble/install/ros2service:/home/tumirk/ros2_humble/install/ros2run:/home/tumirk/ros2_humble/install/ros2launch:/home/tumirk/ros2_humble/install/ros2pkg:/home/tumirk/ros2_humble/install/ros2node:/home/tumirk/ros2_humble/install/ros2multicast:/home/tumirk/ros2_humble/install/ros2interface:/home/tumirk/ros2_humble/install/ros2doctor:/home/tumirk/ros2_humble/install/ros2action:/home/tumirk/ros2_humble/install/ros2cli:/home/tumirk/ros2_humble/install/quality_of_service_demo_py:/home/tumirk/ros2_humble/install/lifecycle_py:/home/tumirk/ros2_humble/install/launch_testing_ros:/home/tumirk/ros2_humble/install/launch_ros:/home/tumirk/ros2_humble/install/examples_rclpy_pointcloud_publisher:/home/tumirk/ros2_humble/install/examples_rclpy_minimal_subscriber:/home/tumirk/ros2_humble/install/examples_rclpy_minimal_service:/home/tumirk/ros2_humble/install/examples_rclpy_minimal_publisher:/home/tumirk/ros2_humble/install/examples_rclpy_minimal_client:/home/tumirk/ros2_humble/install/examples_rclpy_minimal_action_server:/home/tumirk/ros2_humble/install/examples_rclpy_minimal_action_client:/home/tumirk/ros2_humble/install/examples_rclpy_guard_conditions:/home/tumirk/ros2_humble/install/examples_rclpy_executors:/home/tumirk/ros2_humble/install/demo_nodes_py:/home/tumirk/ros2_humble/install/camera_info_manager_py:/home/tumirk/ros2_humble/install/action_tutorials_py:/home/tumirk/ros2_humble/install/ament_uncrustify:/home/tumirk/ros2_humble/install/tracetools_trace:/home/tumirk/ros2_humble/install/tracetools_read:/home/tumirk/ros2_humble/install/test_tracetools_launch:/home/tumirk/ros2_humble/install/test_launch_ros:/home/tumirk/ros2_humble/install/sensor_msgs_py:/home/tumirk/ros2_humble/install/rpyutils:/home/tumirk/ros2_humble/install/rosidl_runtime_py:/home/tumirk/ros2_humble/install/rosidl_cli:/home/tumirk/ros2_humble/install/launch_pytest:/home/tumirk/ros2_humble/install/launch_testing:/home/tumirk/ros2_humble/install/launch_yaml:/home/tumirk/ros2_humble/install/launch_xml:/home/tumirk/ros2_humble/install/launch:/home/tumirk/ros2_humble/install/osrf_pycommon:/home/tumirk/ros2_humble/install/domain_coordinator:/home/tumirk/ros2_humble/install/ament_xmllint:/home/tumirk/ros2_humble/install/ament_pyflakes:/home/tumirk/ros2_humble/install/ament_pycodestyle:/home/tumirk/ros2_humble/install/ament_pep257:/home/tumirk/ros2_humble/install/ament_pclint:/home/tumirk/ros2_humble/install/ament_package:/home/tumirk/ros2_humble/install/ament_mypy:/home/tumirk/ros2_humble/install/ament_lint_cmake:/home/tumirk/ros2_humble/install/ament_flake8:/home/tumirk/ros2_humble/install/ament_copyright:/home/tumirk/ros2_humble/install/ament_lint:/home/tumirk/ros2_humble/install/ament_index_python:/home/tumirk/ros2_humble/install/ament_cpplint:/home/tumirk/ros2_humble/install/ament_cppcheck:/home/tumirk/ros2_humble/install/ament_clang_tidy:/home/tumirk/ros2_humble/install/ament_clang_format /usr/bin/cmake --install /home/tumirk/thesis_ws/build/interfaces
